<?xml version="1.0" encoding="UTF-8"?>
<robot generator="Robot 7.4.2 (Python 3.14.4 on win32)" generated="2026-07-25T14:19:45.267456" rpa="false" schemaversion="5">
<suite id="s1" name="US-08" source="E:\TestAcademy\QA-test-academi\PFF\auto_test\IHM\US-08">
<suite id="s1-s1" name="1 Nouvelle Demande Reservation Hote" source="E:\TestAcademy\QA-test-academi\PFF\auto_test\IHM\US-08\1_nouvelle_demande_reservation_hote.robot">
<test id="s1-s1-t1" name="Tester le statut et les informations d'une réservation côté hôte" line="40">
<kw name="Préparer le test8" owner="commun_US-08" type="SETUP">
<kw name="Ouvrir le navigateur et accéder à l'application" owner="commun_US-07">
<kw name="Fermer les navigateurs restants" owner="commun_US-07">
<kw name="Run Keyword And Ignore Error" owner="BuiltIn">
<kw name="Close All Browsers" owner="SeleniumLibrary">
<doc>Closes all open browsers and resets the browser cache.</doc>
<status status="PASS" start="2026-07-25T14:19:45.550124" elapsed="0.000126"/>
</kw>
<arg>Close All Browsers</arg>
<doc>Runs the given keyword with the given arguments and ignores possible error.</doc>
<status status="PASS" start="2026-07-25T14:19:45.549779" elapsed="0.000559"/>
</kw>
<status status="PASS" start="2026-07-25T14:19:45.549209" elapsed="0.001194"/>
</kw>
<kw name="Wait Until Keyword Succeeds" owner="BuiltIn">
<kw name="Ouvrir App" owner="commun_US-07">
<kw name="Open Browser" owner="SeleniumLibrary">
<msg time="2026-07-25T14:19:45.551134" level="INFO">Opening browser 'Firefox' to base url 'http://livraison3.testacademy.fr/'.</msg>
<arg>${URL}</arg>
<arg>${NAVIGATEUR}</arg>
<doc>Opens a new browser instance to the optional ``url``.</doc>
<status status="PASS" start="2026-07-25T14:19:45.550976" elapsed="8.011475"/>
</kw>
<kw name="Maximize Browser Window" owner="SeleniumLibrary">
<doc>Maximizes current browser window.</doc>
<status status="PASS" start="2026-07-25T14:19:53.562749" elapsed="0.294938"/>
</kw>
<status status="PASS" start="2026-07-25T14:19:45.550805" elapsed="8.307110"/>
</kw>
<arg>2x</arg>
<arg>3s</arg>
<arg>Ouvrir App</arg>
<doc>Runs the specified keyword and retries if it fails.</doc>
<status status="PASS" start="2026-07-25T14:19:45.550488" elapsed="8.307482"/>
</kw>
<kw name="Wait Until Page Contains Element" owner="SeleniumLibrary">
<arg>tag=body</arg>
<arg>15s</arg>
<doc>Waits until the element ``locator`` appears on the current page.</doc>
<status status="PASS" start="2026-07-25T14:19:53.858190" elapsed="0.011718"/>
</kw>
<status status="PASS" start="2026-07-25T14:19:45.549019" elapsed="8.321012"/>
</kw>
<kw name="Se connecter" owner="commun_US-07">
<kw name="Click Element" owner="SeleniumLibrary">
<msg time="2026-07-25T14:19:53.870922" level="INFO">Clicking element 'xpath=//a[contains(text(),'Se connecter')]'.</msg>
<arg>${LIEN SE CONNECTER}</arg>
<doc>Click the element identified by ``locator``.</doc>
<status status="PASS" start="2026-07-25T14:19:53.870630" elapsed="0.093540"/>
</kw>
<kw name="Wait Until Element Is Visible" owner="SeleniumLibrary">
<arg>${CHAMP NOM UTILISATEUR}</arg>
<doc>Waits until the element ``locator`` is visible.</doc>
<status status="PASS" start="2026-07-25T14:19:53.964455" elapsed="0.229892"/>
</kw>
<kw name="Clear Element Text" owner="SeleniumLibrary">
<arg>${CHAMP NOM UTILISATEUR}</arg>
<doc>Clears the value of the text-input-element identified by ``locator``.</doc>
<status status="PASS" start="2026-07-25T14:19:54.194513" elapsed="0.007864"/>
</kw>
<kw name="Clear Element Text" owner="SeleniumLibrary">
<arg>${CHAMP MOT DE PASSE}</arg>
<doc>Clears the value of the text-input-element identified by ``locator``.</doc>
<status status="PASS" start="2026-07-25T14:19:54.202735" elapsed="0.007145"/>
</kw>
<kw name="Input Text" owner="SeleniumLibrary">
<msg time="2026-07-25T14:19:54.210282" level="INFO">Typing text 'Sera' into text field 'name=username'.</msg>
<arg>${CHAMP NOM UTILISATEUR}</arg>
<arg>${user}</arg>
<doc>Types the given ``text`` into the text field identified by ``locator``.</doc>
<status status="PASS" start="2026-07-25T14:19:54.210055" elapsed="0.030186"/>
</kw>
<kw name="Input Text" owner="SeleniumLibrary">
<msg time="2026-07-25T14:19:54.240969" level="INFO">Typing text 'robot1' into text field 'name=password'.</msg>
<arg>${CHAMP MOT DE PASSE}</arg>
<arg>${pass}</arg>
<doc>Types the given ``text`` into the text field identified by ``locator``.</doc>
<status status="PASS" start="2026-07-25T14:19:54.240519" elapsed="0.023784"/>
</kw>
<kw name="Click Button" owner="SeleniumLibrary">
<msg time="2026-07-25T14:19:54.264824" level="INFO">Clicking button 'css=.homey_login_button'.</msg>
<arg>${BOUTON VALIDER}</arg>
<doc>Clicks the button identified by ``locator``.</doc>
<status status="PASS" start="2026-07-25T14:19:54.264526" elapsed="0.095983"/>
</kw>
<kw name="Title Should Be" owner="SeleniumLibrary">
<msg time="2026-07-25T14:19:54.364313" level="INFO">Page title is 'Accueil - Livraison 3'.</msg>
<arg>${TITRE TABLEAU DE BORD VOYAGEUR}</arg>
<doc>Verifies that the current page title equals ``title``.</doc>
<status status="PASS" start="2026-07-25T14:19:54.360815" elapsed="0.003876"/>
</kw>
<kw name="Wait Until Element Is Not Visible" owner="SeleniumLibrary">
<arg>${MODAL LOGIN}</arg>
<arg>10s</arg>
<doc>Waits until the element ``locator`` is not visible.</doc>
<status status="PASS" start="2026-07-25T14:19:54.364988" elapsed="1.079888"/>
</kw>
<kw name="Wait Until Page Contains Element" owner="SeleniumLibrary">
<arg>${BUTTON ACCUEIL}</arg>
<arg>10s</arg>
<doc>Waits until the element ``locator`` appears on the current page.</doc>
<status status="PASS" start="2026-07-25T14:19:55.445054" elapsed="0.008405"/>
</kw>
<arg>${HOTE_EMAIL}</arg>
<arg>${HOTE_PASSWORD}</arg>
<status status="PASS" start="2026-07-25T14:19:53.870255" elapsed="1.583335"/>
</kw>
<status status="PASS" start="2026-07-25T14:19:45.548719" elapsed="9.904949"/>
</kw>
<kw name="Trouver une réservation avec le statut" owner="commun_US-08">
<kw name="Set Variable" owner="BuiltIn">
<msg time="2026-07-25T14:19:55.454931" level="INFO">${reservation} = xpath=(//tbody/tr[td[@data-label='Statut']//span[normalize-space(.)="NOUVEAU"]])[1]</msg>
<var>${reservation}</var>
<arg>xpath=(//tbody/tr[td[@data-label='Statut']//span[normalize-space(.)="${statut}"]])[1]</arg>
<doc>Returns the given values which can then be assigned to a variables.</doc>
<status status="PASS" start="2026-07-25T14:19:55.454454" elapsed="0.000523"/>
</kw>
<kw name="Wait Until Element Is Visible" owner="SeleniumLibrary">
<arg>${reservation}</arg>
<arg>10s</arg>
<doc>Waits until the element ``locator`` is visible.</doc>
<status status="PASS" start="2026-07-25T14:19:55.455125" elapsed="0.017164"/>
</kw>
<kw name="Log" owner="BuiltIn">
<msg time="2026-07-25T14:19:55.472959" level="INFO">La réservation avec le statut NOUVEAU a été trouvée : xpath=(//tbody/tr[td[@data-label='Statut']//span[normalize-space(.)="NOUVEAU"]])[1]</msg>
<arg>La réservation avec le statut ${statut} a été trouvée : ${reservation}</arg>
<doc>Logs the given message with the given level.</doc>
<status status="PASS" start="2026-07-25T14:19:55.472527" elapsed="0.000512"/>
</kw>
<return>
<value>${reservation}</value>
<status status="PASS" start="2026-07-25T14:19:55.473140" elapsed="0.000449"/>
</return>
<msg time="2026-07-25T14:19:55.474087" level="INFO">${reservation} = xpath=(//tbody/tr[td[@data-label='Statut']//span[normalize-space(.)="NOUVEAU"]])[1]</msg>
<var>${reservation}</var>
<arg>NOUVEAU</arg>
<status status="PASS" start="2026-07-25T14:19:55.454075" elapsed="0.021086"/>
</kw>
<kw name="Run Keyword And Continue On Failure" owner="BuiltIn">
<kw name="Element Should Contain" owner="SeleniumLibrary">
<msg time="2026-07-25T14:19:55.519156" level="INFO">Element 'xpath=(//tbody/tr[td[@data-label='Statut']//span[normalize-space(.)="NOUVEAU"]])[1]' contains text 'NOUVEAU'.</msg>
<arg>${reservation}</arg>
<arg>NOUVEAU</arg>
<doc>Verifies that element ``locator`` contains text ``expected``.</doc>
<status status="PASS" start="2026-07-25T14:19:55.477003" elapsed="0.042245"/>
</kw>
<arg>Element Should Contain</arg>
<arg>${reservation}</arg>
<arg>NOUVEAU</arg>
<doc>Runs the keyword and continues execution even if a failure occurs.</doc>
<status status="PASS" start="2026-07-25T14:19:55.476508" elapsed="0.042891"/>
</kw>
<kw name="Log" owner="BuiltIn">
<msg time="2026-07-25T14:19:55.520165" level="INFO">===== Fin de la vérification PP-22 =====</msg>
<arg>===== Fin de la vérification PP-22 =====</arg>
<doc>Logs the given message with the given level.</doc>
<status status="PASS" start="2026-07-25T14:19:55.519758" elapsed="0.000479"/>
</kw>
<kw name="Run Keyword And Continue On Failure" owner="BuiltIn">
<kw name="Verifier les informations de la réservation">
<kw name="Trouver une réservation avec le statut" owner="commun_US-08">
<kw name="Set Variable" owner="BuiltIn">
<msg time="2026-07-25T14:19:55.522147" level="INFO">${reservation} = xpath=(//tbody/tr[td[@data-label='Statut']//span[normalize-space(.)="NOUVEAU"]])[1]</msg>
<var>${reservation}</var>
<arg>xpath=(//tbody/tr[td[@data-label='Statut']//span[normalize-space(.)="${statut}"]])[1]</arg>
<doc>Returns the given values which can then be assigned to a variables.</doc>
<status status="PASS" start="2026-07-25T14:19:55.521781" elapsed="0.000398"/>
</kw>
<kw name="Wait Until Element Is Visible" owner="SeleniumLibrary">
<arg>${reservation}</arg>
<arg>10s</arg>
<doc>Waits until the element ``locator`` is visible.</doc>
<status status="PASS" start="2026-07-25T14:19:55.522290" elapsed="0.043125"/>
</kw>
<kw name="Log" owner="BuiltIn">
<msg time="2026-07-25T14:19:55.567201" level="INFO">La réservation avec le statut NOUVEAU a été trouvée : xpath=(//tbody/tr[td[@data-label='Statut']//span[normalize-space(.)="NOUVEAU"]])[1]</msg>
<arg>La réservation avec le statut ${statut} a été trouvée : ${reservation}</arg>
<doc>Logs the given message with the given level.</doc>
<status status="PASS" start="2026-07-25T14:19:55.566055" elapsed="0.001288"/>
</kw>
<return>
<value>${reservation}</value>
<status status="PASS" start="2026-07-25T14:19:55.567487" elapsed="0.000109"/>
</return>
<msg time="2026-07-25T14:19:55.567885" level="INFO">${reservation} = xpath=(//tbody/tr[td[@data-label='Statut']//span[normalize-space(.)="NOUVEAU"]])[1]</msg>
<var>${reservation}</var>
<arg>NOUVEAU</arg>
<status status="PASS" start="2026-07-25T14:19:55.521496" elapsed="0.046435"/>
</kw>
<kw name="Get Text" owner="SeleniumLibrary">
<msg time="2026-07-25T14:19:55.639625" level="INFO">${date_debut} = 2026-08-16</msg>
<var>${date_debut}</var>
<arg>${reservation}/td[@data-label='Arrivée']</arg>
<doc>Returns the text value of the element identified by ``locator``.</doc>
<status status="PASS" start="2026-07-25T14:19:55.568541" elapsed="0.071141"/>
</kw>
<kw name="Get Text" owner="SeleniumLibrary">
<msg time="2026-07-25T14:19:55.711920" level="INFO">${date_fin} = 2026-08-17</msg>
<var>${date_fin}</var>
<arg>${reservation}/td[@data-label='Départ']</arg>
<doc>Returns the text value of the element identified by ``locator``.</doc>
<status status="PASS" start="2026-07-25T14:19:55.639896" elapsed="0.072067"/>
</kw>
<kw name="Get Text" owner="SeleniumLibrary">
<msg time="2026-07-25T14:19:55.741732" level="INFO">${voyageurs} = 2</msg>
<var>${voyageurs}</var>
<arg>${reservation}/td[@data-label='Voyageurs']</arg>
<doc>Returns the text value of the element identified by ``locator``.</doc>
<status status="PASS" start="2026-07-25T14:19:55.712122" elapsed="0.029659"/>
</kw>
<kw name="Get Text" owner="SeleniumLibrary">
<msg time="2026-07-25T14:19:55.753121" level="INFO">${animaux} = Oui</msg>
<var>${animaux}</var>
<arg>${reservation}/td[@data-label='Animaux domestiques']</arg>
<doc>Returns the text value of the element identified by ``locator``.</doc>
<status status="PASS" start="2026-07-25T14:19:55.742000" elapsed="0.011169"/>
</kw>
<kw name="Get Text" owner="SeleniumLibrary">
<msg time="2026-07-25T14:19:55.763841" level="INFO">${total} = 312.00€</msg>
<var>${total}</var>
<arg>${reservation}/td[@data-label='Total']</arg>
<doc>Returns the text value of the element identified by ``locator``.</doc>
<status status="PASS" start="2026-07-25T14:19:55.753339" elapsed="0.010575"/>
</kw>
<kw name="Get Current Date" owner="DateTime">
<msg time="2026-07-25T14:19:55.764464" level="INFO">${date_aujourdhui} = 2026-07-25</msg>
<var>${date_aujourdhui}</var>
<arg>result_format=%Y-%m-%d</arg>
<doc>Returns current local or UTC time with an optional increment.</doc>
<status status="PASS" start="2026-07-25T14:19:55.764107" elapsed="0.000402"/>
</kw>
<kw name="Should Be True" owner="BuiltIn">
<arg>'${date_debut}' &gt; '${date_aujourdhui}'</arg>
<doc>Fails if the given condition is not true.</doc>
<status status="PASS" start="2026-07-25T14:19:55.764663" elapsed="0.000468"/>
</kw>
<kw name="Should Be True" owner="BuiltIn">
<arg>'${date_fin}' &gt; '${date_debut}'</arg>
<doc>Fails if the given condition is not true.</doc>
<status status="PASS" start="2026-07-25T14:19:55.765302" elapsed="0.000623"/>
</kw>
<kw name="Convert To Integer" owner="BuiltIn">
<msg time="2026-07-25T14:19:55.766580" level="INFO">${voyageurs} = 2</msg>
<var>${voyageurs}</var>
<arg>${voyageurs}</arg>
<doc>Converts the given item to an integer number.</doc>
<status status="PASS" start="2026-07-25T14:19:55.766189" elapsed="0.000416"/>
</kw>
<kw name="Should Be True" owner="BuiltIn">
<arg>${voyageurs} &gt; 0</arg>
<doc>Fails if the given condition is not true.</doc>
<status status="PASS" start="2026-07-25T14:19:55.766704" elapsed="0.000237"/>
</kw>
<kw name="Convert To Lower Case" owner="String">
<msg time="2026-07-25T14:19:55.767180" level="INFO">${animaux} = oui</msg>
<var>${animaux}</var>
<arg>${animaux}</arg>
<doc>Converts string to lower case.</doc>
<status status="PASS" start="2026-07-25T14:19:55.767038" elapsed="0.000164"/>
</kw>
<kw name="Should Be True" owner="BuiltIn">
<arg>'${animaux}' == 'oui' or '${animaux}' == 'non'</arg>
<doc>Fails if the given condition is not true.</doc>
<status status="PASS" start="2026-07-25T14:19:55.767278" elapsed="0.000292"/>
</kw>
<kw name="Remove String" owner="String">
<msg time="2026-07-25T14:19:55.767791" level="INFO">${total} = 312.00</msg>
<var>${total}</var>
<arg>${total}</arg>
<arg>€</arg>
<doc>Removes all ``removables`` from the given ``string``.</doc>
<status status="PASS" start="2026-07-25T14:19:55.767653" elapsed="0.000160"/>
</kw>
<kw name="Convert To Number" owner="BuiltIn">
<msg time="2026-07-25T14:19:55.768135" level="INFO">${total} = 312.0</msg>
<var>${total}</var>
<arg>${total}</arg>
<doc>Converts the given item to a floating point number.</doc>
<status status="PASS" start="2026-07-25T14:19:55.767896" elapsed="0.000261"/>
</kw>
<kw name="Should Be True" owner="BuiltIn">
<arg>${total} &gt; 0</arg>
<doc>Fails if the given condition is not true.</doc>
<status status="PASS" start="2026-07-25T14:19:55.768237" elapsed="0.000207"/>
</kw>
<status status="PASS" start="2026-07-25T14:19:55.521147" elapsed="0.247353"/>
</kw>
<arg>Verifier les informations de la réservation</arg>
<doc>Runs the keyword and continues execution even if a failure occurs.</doc>
<status status="PASS" start="2026-07-25T14:19:55.520583" elapsed="0.247960"/>
</kw>
<kw name="Log" owner="BuiltIn">
<msg time="2026-07-25T14:19:55.769373" level="INFO">===== Fin de la vérification PP-23 =====</msg>
<arg>===== Fin de la vérification PP-23 =====</arg>
<doc>Logs the given message with the given level.</doc>
<status status="PASS" start="2026-07-25T14:19:55.768920" elapsed="0.000540"/>
</kw>
<kw name="Fermer l'application8" owner="commun_US-08" type="TEARDOWN">
<kw name="Close All Browsers" owner="SeleniumLibrary">
<doc>Closes all open browsers and resets the browser cache.</doc>
<status status="PASS" start="2026-07-25T14:19:55.770233" elapsed="2.743223"/>
</kw>
<status status="PASS" start="2026-07-25T14:19:55.769993" elapsed="2.743583"/>
</kw>
<doc>Vérifier le statut et les informations d'une nouvelle réservation côté hôte.</doc>
<tag>PP-22</tag>
<tag>PP-23</tag>
<tag>US-08</tag>
<status status="PASS" start="2026-07-25T14:19:45.547747" elapsed="12.965998"/>
</test>
<status status="PASS" start="2026-07-25T14:19:45.309975" elapsed="13.204473"/>
</suite>
<suite id="s1-s2" name="2 Hote Confirme Reservation" source="E:\TestAcademy\QA-test-academi\PFF\auto_test\IHM\US-08\2_hote_confirme_reservation.robot">
<test id="s1-s2-t1" name="Tester la confirmation d'une réservation et vérifier les statuts" line="15">
<kw name="Préparer le test8" owner="commun_US-08" type="SETUP">
<kw name="Ouvrir le navigateur et accéder à l'application" owner="commun_US-07">
<kw name="Fermer les navigateurs restants" owner="commun_US-07">
<kw name="Run Keyword And Ignore Error" owner="BuiltIn">
<kw name="Close All Browsers" owner="SeleniumLibrary">
<doc>Closes all open browsers and resets the browser cache.</doc>
<status status="PASS" start="2026-07-25T14:19:58.521341" elapsed="0.000186"/>
</kw>
<arg>Close All Browsers</arg>
<doc>Runs the given keyword with the given arguments and ignores possible error.</doc>
<status status="PASS" start="2026-07-25T14:19:58.520877" elapsed="0.000730"/>
</kw>
<status status="PASS" start="2026-07-25T14:19:58.520655" elapsed="0.001029"/>
</kw>
<kw name="Wait Until Keyword Succeeds" owner="BuiltIn">
<kw name="Ouvrir App" owner="commun_US-07">
<kw name="Open Browser" owner="SeleniumLibrary">
<msg time="2026-07-25T14:19:58.522952" level="INFO">Opening browser 'Firefox' to base url 'http://livraison3.testacademy.fr/'.</msg>
<arg>${URL}</arg>
<arg>${NAVIGATEUR}</arg>
<doc>Opens a new browser instance to the optional ``url``.</doc>
<status status="PASS" start="2026-07-25T14:19:58.522705" elapsed="8.075649"/>
</kw>
<kw name="Maximize Browser Window" owner="SeleniumLibrary">
<doc>Maximizes current browser window.</doc>
<status status="PASS" start="2026-07-25T14:20:06.598727" elapsed="0.291934"/>
</kw>
<status status="PASS" start="2026-07-25T14:19:58.522338" elapsed="8.368522"/>
</kw>
<arg>2x</arg>
<arg>3s</arg>
<arg>Ouvrir App</arg>
<doc>Runs the specified keyword and retries if it fails.</doc>
<status status="PASS" start="2026-07-25T14:19:58.521824" elapsed="8.369102"/>
</kw>
<kw name="Wait Until Page Contains Element" owner="SeleniumLibrary">
<arg>tag=body</arg>
<arg>15s</arg>
<doc>Waits until the element ``locator`` appears on the current page.</doc>
<status status="PASS" start="2026-07-25T14:20:06.891148" elapsed="0.016977"/>
</kw>
<status status="PASS" start="2026-07-25T14:19:58.520472" elapsed="8.387893"/>
</kw>
<kw name="Se connecter" owner="commun_US-07">
<kw name="Click Element" owner="SeleniumLibrary">
<msg time="2026-07-25T14:20:06.909599" level="INFO">Clicking element 'xpath=//a[contains(text(),'Se connecter')]'.</msg>
<arg>${LIEN SE CONNECTER}</arg>
<doc>Click the element identified by ``locator``.</doc>
<status status="PASS" start="2026-07-25T14:20:06.909318" elapsed="0.105986"/>
</kw>
<kw name="Wait Until Element Is Visible" owner="SeleniumLibrary">
<arg>${CHAMP NOM UTILISATEUR}</arg>
<doc>Waits until the element ``locator`` is visible.</doc>
<status status="PASS" start="2026-07-25T14:20:07.015556" elapsed="0.224222"/>
</kw>
<kw name="Clear Element Text" owner="SeleniumLibrary">
<arg>${CHAMP NOM UTILISATEUR}</arg>
<doc>Clears the value of the text-input-element identified by ``locator``.</doc>
<status status="PASS" start="2026-07-25T14:20:07.240094" elapsed="0.007585"/>
</kw>
<kw name="Clear Element Text" owner="SeleniumLibrary">
<arg>${CHAMP MOT DE PASSE}</arg>
<doc>Clears the value of the text-input-element identified by ``locator``.</doc>
<status status="PASS" start="2026-07-25T14:20:07.247914" elapsed="0.007155"/>
</kw>
<kw name="Input Text" owner="SeleniumLibrary">
<msg time="2026-07-25T14:20:07.255469" level="INFO">Typing text 'Sera' into text field 'name=username'.</msg>
<arg>${CHAMP NOM UTILISATEUR}</arg>
<arg>${user}</arg>
<doc>Types the given ``text`` into the text field identified by ``locator``.</doc>
<status status="PASS" start="2026-07-25T14:20:07.255240" elapsed="0.028897"/>
</kw>
<kw name="Input Text" owner="SeleniumLibrary">
<msg time="2026-07-25T14:20:07.285024" level="INFO">Typing text 'robot1' into text field 'name=password'.</msg>
<arg>${CHAMP MOT DE PASSE}</arg>
<arg>${pass}</arg>
<doc>Types the given ``text`` into the text field identified by ``locator``.</doc>
<status status="PASS" start="2026-07-25T14:20:07.284510" elapsed="0.026029"/>
</kw>
<kw name="Click Button" owner="SeleniumLibrary">
<msg time="2026-07-25T14:20:07.310925" level="INFO">Clicking button 'css=.homey_login_button'.</msg>
<arg>${BOUTON VALIDER}</arg>
<doc>Clicks the button identified by ``locator``.</doc>
<status status="PASS" start="2026-07-25T14:20:07.310712" elapsed="0.079727"/>
</kw>
<kw name="Title Should Be" owner="SeleniumLibrary">
<msg time="2026-07-25T14:20:07.393302" level="INFO">Page title is 'Accueil - Livraison 3'.</msg>
<arg>${TITRE TABLEAU DE BORD VOYAGEUR}</arg>
<doc>Verifies that the current page title equals ``title``.</doc>
<status status="PASS" start="2026-07-25T14:20:07.390811" elapsed="0.002580"/>
</kw>
<kw name="Wait Until Element Is Not Visible" owner="SeleniumLibrary">
<arg>${MODAL LOGIN}</arg>
<arg>10s</arg>
<doc>Waits until the element ``locator`` is not visible.</doc>
<status status="PASS" start="2026-07-25T14:20:07.393548" elapsed="1.077939"/>
</kw>
<kw name="Wait Until Page Contains Element" owner="SeleniumLibrary">
<arg>${BUTTON ACCUEIL}</arg>
<arg>10s</arg>
<doc>Waits until the element ``locator`` appears on the current page.</doc>
<status status="PASS" start="2026-07-25T14:20:08.471770" elapsed="0.277223"/>
</kw>
<arg>${HOTE_EMAIL}</arg>
<arg>${HOTE_PASSWORD}</arg>
<status status="PASS" start="2026-07-25T14:20:06.908804" elapsed="1.840364"/>
</kw>
<status status="PASS" start="2026-07-25T14:19:58.520158" elapsed="10.229123"/>
</kw>
<kw name="Ouvrir une réservation avec le statut" owner="commun_US-08">
<kw name="Trouver une réservation avec le statut" owner="commun_US-08">
<kw name="Set Variable" owner="BuiltIn">
<msg time="2026-07-25T14:20:08.758140" level="INFO">${reservation} = xpath=(//tbody/tr[td[@data-label='Statut']//span[normalize-space(.)="NOUVEAU"]])[1]</msg>
<var>${reservation}</var>
<arg>xpath=(//tbody/tr[td[@data-label='Statut']//span[normalize-space(.)="${statut}"]])[1]</arg>
<doc>Returns the given values which can then be assigned to a variables.</doc>
<status status="PASS" start="2026-07-25T14:20:08.754423" elapsed="0.003796"/>
</kw>
<kw name="Wait Until Element Is Visible" owner="SeleniumLibrary">
<arg>${reservation}</arg>
<arg>10s</arg>
<doc>Waits until the element ``locator`` is visible.</doc>
<status status="PASS" start="2026-07-25T14:20:08.758527" elapsed="0.078432"/>
</kw>
<kw name="Log" owner="BuiltIn">
<msg time="2026-07-25T14:20:08.837474" level="INFO">La réservation avec le statut NOUVEAU a été trouvée : xpath=(//tbody/tr[td[@data-label='Statut']//span[normalize-space(.)="NOUVEAU"]])[1]</msg>
<arg>La réservation avec le statut ${statut} a été trouvée : ${reservation}</arg>
<doc>Logs the given message with the given level.</doc>
<status status="PASS" start="2026-07-25T14:20:08.837129" elapsed="0.000406"/>
</kw>
<return>
<value>${reservation}</value>
<status status="PASS" start="2026-07-25T14:20:08.837607" elapsed="0.000050"/>
</return>
<msg time="2026-07-25T14:20:08.837797" level="INFO">${reservation} = xpath=(//tbody/tr[td[@data-label='Statut']//span[normalize-space(.)="NOUVEAU"]])[1]</msg>
<var>${reservation}</var>
<arg>${statut}</arg>
<status status="PASS" start="2026-07-25T14:20:08.753921" elapsed="0.083900"/>
</kw>
<if>
<branch type="IF" condition="$statut == 'NOUVEAU'">
<kw name="Click Element" owner="SeleniumLibrary">
<msg time="2026-07-25T14:20:08.838472" level="INFO">Clicking element 'xpath=(//tbody/tr[td[@data-label='Statut']//span[normalize-space(.)="NOUVEAU"]])[1]//a[normalize-space(.)='Confirmer']'.</msg>
<arg>${reservation}//a[normalize-space(.)='Confirmer']</arg>
<doc>Click the element identified by ``locator``.</doc>
<status status="PASS" start="2026-07-25T14:20:08.838224" elapsed="1.342032"/>
</kw>
<status status="PASS" start="2026-07-25T14:20:08.837946" elapsed="1.342409"/>
</branch>
<branch type="ELSE IF" condition="$statut == 'DISPONIBLE'">
<kw name="Click Element" owner="SeleniumLibrary">
<arg>${reservation}//a[contains(text(),'Payez maintenant')]</arg>
<doc>Click the element identified by ``locator``.</doc>
<status status="NOT RUN" start="2026-07-25T14:20:10.180830" elapsed="0.000062"/>
</kw>
<status status="NOT RUN" start="2026-07-25T14:20:10.180500" elapsed="0.000455"/>
</branch>
<branch type="ELSE IF" condition="$statut == 'PAIEMENT EN ATTENTE'">
<kw name="Click Element" owner="SeleniumLibrary">
<arg>${reservation}//a[contains(text(),'Détails')]</arg>
<doc>Click the element identified by ``locator``.</doc>
<status status="NOT RUN" start="2026-07-25T14:20:10.181230" elapsed="0.000082"/>
</kw>
<status status="NOT RUN" start="2026-07-25T14:20:10.181012" elapsed="0.000378"/>
</branch>
<branch type="ELSE IF" condition="$statut == &quot;À L'ÉTUDE&quot;">
<kw name="Click Element" owner="SeleniumLibrary">
<arg>${reservation}//a[contains(text(),'Détails')]</arg>
<doc>Click the element identified by ``locator``.</doc>
<status status="NOT RUN" start="2026-07-25T14:20:10.181678" elapsed="0.000067"/>
</kw>
<status status="NOT RUN" start="2026-07-25T14:20:10.181458" elapsed="0.001703"/>
</branch>
<status status="PASS" start="2026-07-25T14:20:08.837916" elapsed="1.345466"/>
</if>
<arg>NOUVEAU</arg>
<status status="PASS" start="2026-07-25T14:20:08.753267" elapsed="1.430251"/>
</kw>
<kw name="Récupérer l'ID de la réservation" owner="commun_US-08">
<kw name="Get Value" owner="SeleniumLibrary">
<msg time="2026-07-25T14:20:10.198401" level="INFO">${reservation_id} = 8554</msg>
<var>${reservation_id}</var>
<arg>id=resrv_id</arg>
<doc>Returns the value attribute of the element identified by ``locator``.</doc>
<status status="PASS" start="2026-07-25T14:20:10.184706" elapsed="0.013774"/>
</kw>
<kw name="Log" owner="BuiltIn">
<msg time="2026-07-25T14:20:10.199751" level="INFO">ID de la réservation : 8554</msg>
<arg>ID de la réservation : ${reservation_id}</arg>
<doc>Logs the given message with the given level.</doc>
<status status="PASS" start="2026-07-25T14:20:10.198986" elapsed="0.000878"/>
</kw>
<return>
<value>${reservation_id}</value>
<status status="PASS" start="2026-07-25T14:20:10.200007" elapsed="0.000079"/>
</return>
<msg time="2026-07-25T14:20:10.200368" level="INFO">${reservation_id} = 8554</msg>
<var>${reservation_id}</var>
<status status="PASS" start="2026-07-25T14:20:10.184218" elapsed="0.016193"/>
</kw>
<kw name="Set Suite Variable" owner="BuiltIn">
<msg time="2026-07-25T14:20:10.201253" level="INFO">${ID_RESERVATION} = 8554</msg>
<arg>${ID_RESERVATION}</arg>
<arg>${reservation_id}</arg>
<doc>Makes a variable available everywhere within the scope of the current suite.</doc>
<status status="PASS" start="2026-07-25T14:20:10.200801" elapsed="0.000509"/>
</kw>
<kw name="Verifier les informations avant confirmation" owner="commun_US-08">
<kw name="Get Text" owner="SeleniumLibrary">
<msg time="2026-07-25T14:20:10.215817" level="INFO">${date_debut} = 2026-08-16</msg>
<var>${date_debut}</var>
<arg>xpath=//li[contains(normalize-space(.),'Arrivée:')]/strong</arg>
<doc>Returns the text value of the element identified by ``locator``.</doc>
<status status="PASS" start="2026-07-25T14:20:10.201964" elapsed="0.013929"/>
</kw>
<kw name="Get Text" owner="SeleniumLibrary">
<msg time="2026-07-25T14:20:10.227424" level="INFO">${date_fin} = 2026-08-17</msg>
<var>${date_fin}</var>
<arg>xpath=//li[contains(normalize-space(.),'Départ:')]/strong</arg>
<doc>Returns the text value of the element identified by ``locator``.</doc>
<status status="PASS" start="2026-07-25T14:20:10.216513" elapsed="0.010953"/>
</kw>
<kw name="Convert Date" owner="DateTime">
<msg time="2026-07-25T14:20:10.233187" level="INFO">${date_debut_epoch} = 1786831200.0</msg>
<var>${date_debut_epoch}</var>
<arg>${date_debut}</arg>
<arg>epoch</arg>
<doc>Converts between supported `date formats`.</doc>
<status status="PASS" start="2026-07-25T14:20:10.227622" elapsed="0.005611"/>
</kw>
<kw name="Convert Date" owner="DateTime">
<msg time="2026-07-25T14:20:10.233699" level="INFO">${date_fin_epoch} = 1786917600.0</msg>
<var>${date_fin_epoch}</var>
<arg>${date_fin}</arg>
<arg>epoch</arg>
<doc>Converts between supported `date formats`.</doc>
<status status="PASS" start="2026-07-25T14:20:10.233409" elapsed="0.000315"/>
</kw>
<kw name="Evaluate" owner="BuiltIn">
<msg time="2026-07-25T14:20:10.234194" level="INFO">${nb_nuits_attendu} = 1</msg>
<var>${nb_nuits_attendu}</var>
<arg>int((${date_fin_epoch} - ${date_debut_epoch}) / 86400)</arg>
<doc>Evaluates the given expression in Python and returns the result.</doc>
<status status="PASS" start="2026-07-25T14:20:10.233820" elapsed="0.000399"/>
</kw>
<kw name="Get Text" owner="SeleniumLibrary">
<msg time="2026-07-25T14:20:10.245807" level="INFO">${texte_nuits} = nuit: 1</msg>
<var>${texte_nuits}</var>
<arg>xpath=//li[contains(normalize-space(.),'nuit')]</arg>
<doc>Returns the text value of the element identified by ``locator``.</doc>
<status status="PASS" start="2026-07-25T14:20:10.234311" elapsed="0.011538"/>
</kw>
<kw name="Replace String Using Regexp" owner="String">
<msg time="2026-07-25T14:20:10.246290" level="INFO">${nb_nuits_affiche} = 1</msg>
<var>${nb_nuits_affiche}</var>
<arg>${texte_nuits}</arg>
<arg>.*?([0-9]+).*</arg>
<arg>\\1</arg>
<doc>Replaces ``pattern`` in the given ``string`` with ``replace_with``.</doc>
<status status="PASS" start="2026-07-25T14:20:10.245995" elapsed="0.000326"/>
</kw>
<kw name="Convert To Integer" owner="BuiltIn">
<msg time="2026-07-25T14:20:10.246672" level="INFO">${nb_nuits_affiche} = 1</msg>
<var>${nb_nuits_affiche}</var>
<arg>${nb_nuits_affiche}</arg>
<doc>Converts the given item to an integer number.</doc>
<status status="PASS" start="2026-07-25T14:20:10.246411" elapsed="0.000284"/>
</kw>
<kw name="Log" owner="BuiltIn">
<msg time="2026-07-25T14:20:10.246971" level="INFO">Nombre de nuits affiché : 1</msg>
<arg>Nombre de nuits affiché : ${nb_nuits_affiche}</arg>
<doc>Logs the given message with the given level.</doc>
<status status="PASS" start="2026-07-25T14:20:10.246796" elapsed="0.000210"/>
</kw>
<kw name="Should Be Equal As Integers" owner="BuiltIn">
<arg>${nb_nuits_affiche}</arg>
<arg>${nb_nuits_attendu}</arg>
<doc>Fails if objects are unequal after converting them to integers.</doc>
<status status="PASS" start="2026-07-25T14:20:10.247083" elapsed="0.000449"/>
</kw>
<kw name="Log" owner="BuiltIn">
<msg time="2026-07-25T14:20:10.248179" level="INFO">Nombre de nuits affiché : 1</msg>
<arg>Nombre de nuits affiché : ${nb_nuits_affiche}</arg>
<doc>Logs the given message with the given level.</doc>
<status status="PASS" start="2026-07-25T14:20:10.247746" elapsed="0.000519"/>
</kw>
<kw name="Should Be Equal As Integers" owner="BuiltIn">
<arg>${nb_nuits_affiche}</arg>
<arg>${nb_nuits_attendu}</arg>
<doc>Fails if objects are unequal after converting them to integers.</doc>
<status status="PASS" start="2026-07-25T14:20:10.248550" elapsed="0.000547"/>
</kw>
<kw name="Get Text" owner="SeleniumLibrary">
<msg time="2026-07-25T14:20:10.260254" level="INFO">${ligne_prix} = 240€ x 1 nuit
240.00€</msg>
<var>${ligne_prix}</var>
<arg>xpath=(//div[@class='payment-list']//li[contains(.,'€ x')])[1]</arg>
<doc>Returns the text value of the element identified by ``locator``.</doc>
<status status="PASS" start="2026-07-25T14:20:10.249306" elapsed="0.010992"/>
</kw>
<kw name="Should Not Be Empty" owner="BuiltIn">
<msg time="2026-07-25T14:20:10.260867" level="INFO">Length is 21.</msg>
<arg>${ligne_prix}</arg>
<doc>Verifies that the given item is not empty.</doc>
<status status="PASS" start="2026-07-25T14:20:10.260468" elapsed="0.000442"/>
</kw>
<kw name="Get Text" owner="SeleniumLibrary">
<msg time="2026-07-25T14:20:10.272396" level="INFO">${ligne_impots} = Impôts 20%
52.00€</msg>
<var>${ligne_impots}</var>
<arg>xpath=(//div[@class='payment-list']//li[contains(.,'Impôts')])[1]</arg>
<doc>Returns the text value of the element identified by ``locator``.</doc>
<status status="PASS" start="2026-07-25T14:20:10.261009" elapsed="0.011500"/>
</kw>
<kw name="Should Match Regexp" owner="BuiltIn">
<arg>${ligne_impots}</arg>
<arg>Impôts\\s+\\d+(\\.\\d+)?%</arg>
<doc>Fails if ``string`` does not match ``pattern`` as a regular expression.</doc>
<status status="PASS" start="2026-07-25T14:20:10.272866" elapsed="0.000845"/>
</kw>
<kw name="Log" owner="BuiltIn">
<msg time="2026-07-25T14:20:10.274426" level="INFO">Succès les informations avant confirmation</msg>
<arg>Succès les informations avant confirmation</arg>
<doc>Logs the given message with the given level.</doc>
<status status="PASS" start="2026-07-25T14:20:10.274041" elapsed="0.000438"/>
</kw>
<status status="PASS" start="2026-07-25T14:20:10.201695" elapsed="0.072858"/>
</kw>
<kw name="Log" owner="BuiltIn">
<msg time="2026-07-25T14:20:10.275163" level="INFO">===== Fin de la vérification PP-24 =====</msg>
<arg>===== Fin de la vérification PP-24 =====</arg>
<doc>Logs the given message with the given level.</doc>
<status status="PASS" start="2026-07-25T14:20:10.274876" elapsed="0.000332"/>
</kw>
<kw name="Confirmer une réservation" owner="commun_US-08">
<kw name="Click Button" owner="SeleniumLibrary">
<msg time="2026-07-25T14:20:10.275896" level="INFO">Clicking button 'css=.confirm-offsite-reservation:nth-child(2)'.</msg>
<arg>${BUTTON CONFIRMER RESERVATION}</arg>
<doc>Clicks the button identified by ``locator``.</doc>
<status status="PASS" start="2026-07-25T14:20:10.275725" elapsed="0.075518"/>
</kw>
<status status="PASS" start="2026-07-25T14:20:10.275488" elapsed="0.075856"/>
</kw>
<kw name="Retourner au tableau réservations Hôte" owner="commun_US-08">
<kw name="Click Element" owner="SeleniumLibrary">
<msg time="2026-07-25T14:20:10.352045" level="INFO">Clicking element 'xpath=(//a[contains(text(),'Réservations')])[3]'.</msg>
<arg>${BUTTON RESERVATIONS}</arg>
<doc>Click the element identified by ``locator``.</doc>
<status status="PASS" start="2026-07-25T14:20:10.351868" elapsed="1.078225"/>
</kw>
<kw name="Wait Until Element Is Visible" owner="SeleniumLibrary">
<arg>xpath=//tbody/tr</arg>
<arg>10s</arg>
<doc>Waits until the element ``locator`` is visible.</doc>
<status status="PASS" start="2026-07-25T14:20:11.430327" elapsed="0.035056"/>
</kw>
<status status="PASS" start="2026-07-25T14:20:10.351627" elapsed="1.114025"/>
</kw>
<kw name="Run Keyword And Continue On Failure" owner="BuiltIn">
<kw name="Vérifier le statut d'une réservation" owner="commun_US-08">
<kw name="Set Variable" owner="BuiltIn">
<msg time="2026-07-25T14:20:11.470175" level="INFO">${reservation} = xpath=//tbody/tr[td[@data-label='ID'][contains(normalize-space(.),'8554')]]</msg>
<var>${reservation}</var>
<arg>xpath=//tbody/tr[td[@data-label='ID'][contains(normalize-space(.),'${reservation_id}')]]</arg>
<doc>Returns the given values which can then be assigned to a variables.</doc>
<status status="PASS" start="2026-07-25T14:20:11.469421" elapsed="0.000828"/>
</kw>
<kw name="Wait Until Element Is Visible" owner="SeleniumLibrary">
<arg>${reservation}</arg>
<arg>10s</arg>
<doc>Waits until the element ``locator`` is visible.</doc>
<status status="PASS" start="2026-07-25T14:20:11.470545" elapsed="0.033110"/>
</kw>
<kw name="Element Should Contain" owner="SeleniumLibrary">
<msg time="2026-07-25T14:20:11.517183" level="INFO">Element 'xpath=//tbody/tr[td[@data-label='ID'][contains(normalize-space(.),'8554')]]/td[@data-label='Statut']' contains text 'PAIEMENT EN ATTENTE'.</msg>
<arg>${reservation}/td[@data-label='Statut']</arg>
<arg>${statut_attendu}</arg>
<doc>Verifies that element ``locator`` contains text ``expected``.</doc>
<status status="PASS" start="2026-07-25T14:20:11.503825" elapsed="0.013449"/>
</kw>
<arg>${ID_RESERVATION}</arg>
<arg>PAIEMENT EN ATTENTE</arg>
<status status="PASS" start="2026-07-25T14:20:11.468607" elapsed="0.048756"/>
</kw>
<arg>Vérifier le statut d'une réservation</arg>
<arg>${ID_RESERVATION}</arg>
<arg>PAIEMENT EN ATTENTE</arg>
<doc>Runs the keyword and continues execution even if a failure occurs.</doc>
<status status="PASS" start="2026-07-25T14:20:11.467602" elapsed="0.049818"/>
</kw>
<kw name="Log" owner="BuiltIn">
<msg time="2026-07-25T14:20:11.518116" level="INFO">===== Fin de la vérification PP-25 =====</msg>
<arg>===== Fin de la vérification PP-25 =====</arg>
<doc>Logs the given message with the given level.</doc>
<status status="PASS" start="2026-07-25T14:20:11.517819" elapsed="0.000345"/>
</kw>
<kw name="Se deconnecter" owner="commun_US-08">
<kw name="Press Keys" owner="SeleniumLibrary">
<msg time="2026-07-25T14:20:11.518948" level="INFO">Sending key(s) ('HOME',) to page.</msg>
<msg time="2026-07-25T14:20:11.519044" level="INFO">Pressing special key HOME to browser.</msg>
<msg time="2026-07-25T14:20:11.519084" level="INFO">Releasing special key HOME.</msg>
<arg>NONE</arg>
<arg>HOME</arg>
<doc>Simulates the user pressing key(s) to an element or on the active browser.</doc>
<status status="PASS" start="2026-07-25T14:20:11.518663" elapsed="0.012006"/>
</kw>
<kw name="Wait Until Element Is Visible" owner="SeleniumLibrary">
<arg>${BUTTON USER MENU}</arg>
<arg>15s</arg>
<doc>Waits until the element ``locator`` is visible.</doc>
<status status="PASS" start="2026-07-25T14:20:11.531538" elapsed="0.012862"/>
</kw>
<kw name="Mouse Over" owner="SeleniumLibrary">
<msg time="2026-07-25T14:20:11.544767" level="INFO">Simulating Mouse Over on element 'css=.account-loggedin'.</msg>
<arg>${BUTTON USER MENU}</arg>
<doc>Simulates hovering the mouse over the element ``locator``.</doc>
<status status="PASS" start="2026-07-25T14:20:11.544561" elapsed="0.267397"/>
</kw>
<kw name="Wait Until Keyword Succeeds" owner="BuiltIn">
<kw name="Cliquer sur Se déconnecter" owner="commun_US-08">
<kw name="Mouse Over" owner="SeleniumLibrary">
<msg time="2026-07-25T14:20:11.812847" level="INFO">Simulating Mouse Over on element 'css=.account-loggedin'.</msg>
<arg>${BUTTON USER MENU}</arg>
<doc>Simulates hovering the mouse over the element ``locator``.</doc>
<status status="PASS" start="2026-07-25T14:20:11.812704" elapsed="0.273952"/>
</kw>
<kw name="Wait Until Element Is Visible" owner="SeleniumLibrary">
<arg>${BUTTON SE DECONNECTER}</arg>
<arg>3s</arg>
<doc>Waits until the element ``locator`` is visible.</doc>
<status status="PASS" start="2026-07-25T14:20:12.086819" elapsed="0.009850"/>
</kw>
<kw name="Click Element" owner="SeleniumLibrary">
<msg time="2026-07-25T14:20:12.097099" level="INFO">Clicking element 'xpath=//div[contains(@class,'account-dropdown')]//a[contains(normalize-space(.),'Se déconnecter')]'.</msg>
<arg>${BUTTON SE DECONNECTER}</arg>
<doc>Click the element identified by ``locator``.</doc>
<status status="PASS" start="2026-07-25T14:20:12.096865" elapsed="1.309455"/>
</kw>
<status status="PASS" start="2026-07-25T14:20:11.812515" elapsed="1.594000"/>
</kw>
<arg>3x</arg>
<arg>1s</arg>
<arg>Cliquer sur Se déconnecter</arg>
<doc>Runs the specified keyword and retries if it fails.</doc>
<status status="PASS" start="2026-07-25T14:20:11.812128" elapsed="1.594484"/>
</kw>
<kw name="Wait Until Element Is Visible" owner="SeleniumLibrary">
<arg>${LIEN SE CONNECTER}</arg>
<arg>15s</arg>
<doc>Waits until the element ``locator`` is visible.</doc>
<status status="PASS" start="2026-07-25T14:20:13.406829" elapsed="0.032264"/>
</kw>
<status status="PASS" start="2026-07-25T14:20:11.518438" elapsed="1.920841"/>
</kw>
<kw name="Se connecter" owner="commun_US-07">
<kw name="Click Element" owner="SeleniumLibrary">
<msg time="2026-07-25T14:20:13.441237" level="INFO">Clicking element 'xpath=//a[contains(text(),'Se connecter')]'.</msg>
<arg>${LIEN SE CONNECTER}</arg>
<doc>Click the element identified by ``locator``.</doc>
<status status="PASS" start="2026-07-25T14:20:13.440844" elapsed="0.073908"/>
</kw>
<kw name="Wait Until Element Is Visible" owner="SeleniumLibrary">
<arg>${CHAMP NOM UTILISATEUR}</arg>
<doc>Waits until the element ``locator`` is visible.</doc>
<status status="PASS" start="2026-07-25T14:20:13.514981" elapsed="0.223902"/>
</kw>
<kw name="Clear Element Text" owner="SeleniumLibrary">
<arg>${CHAMP NOM UTILISATEUR}</arg>
<doc>Clears the value of the text-input-element identified by ``locator``.</doc>
<status status="PASS" start="2026-07-25T14:20:13.739187" elapsed="0.007177"/>
</kw>
<kw name="Clear Element Text" owner="SeleniumLibrary">
<arg>${CHAMP MOT DE PASSE}</arg>
<doc>Clears the value of the text-input-element identified by ``locator``.</doc>
<status status="PASS" start="2026-07-25T14:20:13.746524" elapsed="0.007539"/>
</kw>
<kw name="Input Text" owner="SeleniumLibrary">
<msg time="2026-07-25T14:20:13.754447" level="INFO">Typing text 'robot' into text field 'name=username'.</msg>
<arg>${CHAMP NOM UTILISATEUR}</arg>
<arg>${user}</arg>
<doc>Types the given ``text`` into the text field identified by ``locator``.</doc>
<status status="PASS" start="2026-07-25T14:20:13.754225" elapsed="0.023086"/>
</kw>
<kw name="Input Text" owner="SeleniumLibrary">
<msg time="2026-07-25T14:20:13.777711" level="INFO">Typing text 'robot' into text field 'name=password'.</msg>
<arg>${CHAMP MOT DE PASSE}</arg>
<arg>${pass}</arg>
<doc>Types the given ``text`` into the text field identified by ``locator``.</doc>
<status status="PASS" start="2026-07-25T14:20:13.777481" elapsed="0.019013"/>
</kw>
<kw name="Click Button" owner="SeleniumLibrary">
<msg time="2026-07-25T14:20:13.797028" level="INFO">Clicking button 'css=.homey_login_button'.</msg>
<arg>${BOUTON VALIDER}</arg>
<doc>Clicks the button identified by ``locator``.</doc>
<status status="PASS" start="2026-07-25T14:20:13.796724" elapsed="0.077002"/>
</kw>
<kw name="Title Should Be" owner="SeleniumLibrary">
<msg time="2026-07-25T14:20:13.876222" level="INFO">Page title is 'Accueil - Livraison 3'.</msg>
<arg>${TITRE TABLEAU DE BORD VOYAGEUR}</arg>
<doc>Verifies that the current page title equals ``title``.</doc>
<status status="PASS" start="2026-07-25T14:20:13.873945" elapsed="0.002361"/>
</kw>
<kw name="Wait Until Element Is Not Visible" owner="SeleniumLibrary">
<arg>${MODAL LOGIN}</arg>
<arg>10s</arg>
<doc>Waits until the element ``locator`` is not visible.</doc>
<status status="PASS" start="2026-07-25T14:20:13.876454" elapsed="1.085341"/>
</kw>
<kw name="Wait Until Page Contains Element" owner="SeleniumLibrary">
<arg>${BUTTON ACCUEIL}</arg>
<arg>10s</arg>
<doc>Waits until the element ``locator`` appears on the current page.</doc>
<status status="PASS" start="2026-07-25T14:20:14.962000" elapsed="0.254989"/>
</kw>
<arg>${UTILISATEUR VALIDE}</arg>
<arg>${MOT DE PASSE VALIDE}</arg>
<status status="PASS" start="2026-07-25T14:20:13.440046" elapsed="1.777052"/>
</kw>
<kw name="Run Keyword And Continue On Failure" owner="BuiltIn">
<kw name="Vérifier le statut d'une réservation" owner="commun_US-08">
<kw name="Set Variable" owner="BuiltIn">
<msg time="2026-07-25T14:20:15.219517" level="INFO">${reservation} = xpath=//tbody/tr[td[@data-label='ID'][contains(normalize-space(.),'8554')]]</msg>
<var>${reservation}</var>
<arg>xpath=//tbody/tr[td[@data-label='ID'][contains(normalize-space(.),'${reservation_id}')]]</arg>
<doc>Returns the given values which can then be assigned to a variables.</doc>
<status status="PASS" start="2026-07-25T14:20:15.218898" elapsed="0.000675"/>
</kw>
<kw name="Wait Until Element Is Visible" owner="SeleniumLibrary">
<arg>${reservation}</arg>
<arg>10s</arg>
<doc>Waits until the element ``locator`` is visible.</doc>
<status status="PASS" start="2026-07-25T14:20:15.219772" elapsed="0.075808"/>
</kw>
<kw name="Element Should Contain" owner="SeleniumLibrary">
<msg time="2026-07-25T14:20:15.320583" level="INFO">Element 'xpath=//tbody/tr[td[@data-label='ID'][contains(normalize-space(.),'8554')]]/td[@data-label='Statut']' contains text 'DISPONIBLE'.</msg>
<arg>${reservation}/td[@data-label='Statut']</arg>
<arg>${statut_attendu}</arg>
<doc>Verifies that element ``locator`` contains text ``expected``.</doc>
<status status="PASS" start="2026-07-25T14:20:15.295755" elapsed="0.024917"/>
</kw>
<arg>${ID_RESERVATION}</arg>
<arg>DISPONIBLE</arg>
<status status="PASS" start="2026-07-25T14:20:15.218344" elapsed="0.102416"/>
</kw>
<arg>Vérifier le statut d'une réservation</arg>
<arg>${ID_RESERVATION}</arg>
<arg>DISPONIBLE</arg>
<doc>Runs the keyword and continues execution even if a failure occurs.</doc>
<status status="PASS" start="2026-07-25T14:20:15.217502" elapsed="0.103314"/>
</kw>
<kw name="Log" owner="BuiltIn">
<msg time="2026-07-25T14:20:15.321842" level="INFO">===== Fin de la vérification PP-26 =====</msg>
<arg>===== Fin de la vérification PP-26 =====</arg>
<doc>Logs the given message with the given level.</doc>
<status status="PASS" start="2026-07-25T14:20:15.321341" elapsed="0.000608"/>
</kw>
<kw name="Fermer l'application8" owner="commun_US-08" type="TEARDOWN">
<kw name="Close All Browsers" owner="SeleniumLibrary">
<doc>Closes all open browsers and resets the browser cache.</doc>
<status status="PASS" start="2026-07-25T14:20:15.324435" elapsed="2.708582"/>
</kw>
<status status="PASS" start="2026-07-25T14:20:15.323760" elapsed="2.709376"/>
</kw>
<doc>Vérifier les informations de la réservation, sa confirmation et les statuts côté hôte et voyageur.</doc>
<tag>PP-24</tag>
<tag>PP-25</tag>
<tag>PP-26</tag>
<tag>US-08</tag>
<status status="PASS" start="2026-07-25T14:19:58.519330" elapsed="19.513969"/>
</test>
<status status="PASS" start="2026-07-25T14:19:58.515062" elapsed="19.520336"/>
</suite>
<suite id="s1-s3" name="3 Add Frais Supplementaires" source="E:\TestAcademy\QA-test-academi\PFF\auto_test\IHM\US-08\3_add_frais_supplementaires.robot">
<test id="s1-s3-t1" name="Tester l'ajout d'un ou plusieurs frais supplémentaires" line="65">
<kw name="Préparer le test8" owner="commun_US-08" type="SETUP">
<kw name="Ouvrir le navigateur et accéder à l'application" owner="commun_US-07">
<kw name="Fermer les navigateurs restants" owner="commun_US-07">
<kw name="Run Keyword And Ignore Error" owner="BuiltIn">
<kw name="Close All Browsers" owner="SeleniumLibrary">
<doc>Closes all open browsers and resets the browser cache.</doc>
<status status="PASS" start="2026-07-25T14:20:18.043088" elapsed="0.000120"/>
</kw>
<arg>Close All Browsers</arg>
<doc>Runs the given keyword with the given arguments and ignores possible error.</doc>
<status status="PASS" start="2026-07-25T14:20:18.042776" elapsed="0.000496"/>
</kw>
<status status="PASS" start="2026-07-25T14:20:18.041901" elapsed="0.001437"/>
</kw>
<kw name="Wait Until Keyword Succeeds" owner="BuiltIn">
<kw name="Ouvrir App" owner="commun_US-07">
<kw name="Open Browser" owner="SeleniumLibrary">
<msg time="2026-07-25T14:20:18.044124" level="INFO">Opening browser 'Firefox' to base url 'http://livraison3.testacademy.fr/'.</msg>
<arg>${URL}</arg>
<arg>${NAVIGATEUR}</arg>
<doc>Opens a new browser instance to the optional ``url``.</doc>
<status status="PASS" start="2026-07-25T14:20:18.043958" elapsed="7.915284"/>
</kw>
<kw name="Maximize Browser Window" owner="SeleniumLibrary">
<doc>Maximizes current browser window.</doc>
<status status="PASS" start="2026-07-25T14:20:25.959451" elapsed="0.289093"/>
</kw>
<status status="PASS" start="2026-07-25T14:20:18.043756" elapsed="8.205003"/>
</kw>
<arg>2x</arg>
<arg>3s</arg>
<arg>Ouvrir App</arg>
<doc>Runs the specified keyword and retries if it fails.</doc>
<status status="PASS" start="2026-07-25T14:20:18.043430" elapsed="8.205405"/>
</kw>
<kw name="Wait Until Page Contains Element" owner="SeleniumLibrary">
<arg>tag=body</arg>
<arg>15s</arg>
<doc>Waits until the element ``locator`` appears on the current page.</doc>
<status status="PASS" start="2026-07-25T14:20:26.249062" elapsed="0.017601"/>
</kw>
<status status="PASS" start="2026-07-25T14:20:18.041640" elapsed="8.225150"/>
</kw>
<kw name="Se connecter" owner="commun_US-07">
<kw name="Click Element" owner="SeleniumLibrary">
<msg time="2026-07-25T14:20:26.267622" level="INFO">Clicking element 'xpath=//a[contains(text(),'Se connecter')]'.</msg>
<arg>${LIEN SE CONNECTER}</arg>
<doc>Click the element identified by ``locator``.</doc>
<status status="PASS" start="2026-07-25T14:20:26.267358" elapsed="0.106166"/>
</kw>
<kw name="Wait Until Element Is Visible" owner="SeleniumLibrary">
<arg>${CHAMP NOM UTILISATEUR}</arg>
<doc>Waits until the element ``locator`` is visible.</doc>
<status status="PASS" start="2026-07-25T14:20:26.373797" elapsed="0.227022"/>
</kw>
<kw name="Clear Element Text" owner="SeleniumLibrary">
<arg>${CHAMP NOM UTILISATEUR}</arg>
<doc>Clears the value of the text-input-element identified by ``locator``.</doc>
<status status="PASS" start="2026-07-25T14:20:26.600991" elapsed="0.007091"/>
</kw>
<kw name="Clear Element Text" owner="SeleniumLibrary">
<arg>${CHAMP MOT DE PASSE}</arg>
<doc>Clears the value of the text-input-element identified by ``locator``.</doc>
<status status="PASS" start="2026-07-25T14:20:26.608242" elapsed="0.005592"/>
</kw>
<kw name="Input Text" owner="SeleniumLibrary">
<msg time="2026-07-25T14:20:26.614277" level="INFO">Typing text 'Sera' into text field 'name=username'.</msg>
<arg>${CHAMP NOM UTILISATEUR}</arg>
<arg>${user}</arg>
<doc>Types the given ``text`` into the text field identified by ``locator``.</doc>
<status status="PASS" start="2026-07-25T14:20:26.614027" elapsed="0.025021"/>
</kw>
<kw name="Input Text" owner="SeleniumLibrary">
<msg time="2026-07-25T14:20:26.639652" level="INFO">Typing text 'robot1' into text field 'name=password'.</msg>
<arg>${CHAMP MOT DE PASSE}</arg>
<arg>${pass}</arg>
<doc>Types the given ``text`` into the text field identified by ``locator``.</doc>
<status status="PASS" start="2026-07-25T14:20:26.639286" elapsed="0.019554"/>
</kw>
<kw name="Click Button" owner="SeleniumLibrary">
<msg time="2026-07-25T14:20:26.659391" level="INFO">Clicking button 'css=.homey_login_button'.</msg>
<arg>${BOUTON VALIDER}</arg>
<doc>Clicks the button identified by ``locator``.</doc>
<status status="PASS" start="2026-07-25T14:20:26.659076" elapsed="0.074769"/>
</kw>
<kw name="Title Should Be" owner="SeleniumLibrary">
<msg time="2026-07-25T14:20:26.736134" level="INFO">Page title is 'Accueil - Livraison 3'.</msg>
<arg>${TITRE TABLEAU DE BORD VOYAGEUR}</arg>
<doc>Verifies that the current page title equals ``title``.</doc>
<status status="PASS" start="2026-07-25T14:20:26.734020" elapsed="0.002210"/>
</kw>
<kw name="Wait Until Element Is Not Visible" owner="SeleniumLibrary">
<arg>${MODAL LOGIN}</arg>
<arg>10s</arg>
<doc>Waits until the element ``locator`` is not visible.</doc>
<status status="PASS" start="2026-07-25T14:20:26.736387" elapsed="1.155251"/>
</kw>
<kw name="Wait Until Page Contains Element" owner="SeleniumLibrary">
<arg>${BUTTON ACCUEIL}</arg>
<arg>10s</arg>
<doc>Waits until the element ``locator`` appears on the current page.</doc>
<status status="PASS" start="2026-07-25T14:20:27.892101" elapsed="0.005114"/>
</kw>
<arg>${HOTE_EMAIL}</arg>
<arg>${HOTE_PASSWORD}</arg>
<status status="PASS" start="2026-07-25T14:20:26.267003" elapsed="1.630393"/>
</kw>
<status status="PASS" start="2026-07-25T14:20:18.041269" elapsed="9.856217"/>
</kw>
<kw name="Ouvrir une réservation avec le statut" owner="commun_US-08">
<kw name="Trouver une réservation avec le statut" owner="commun_US-08">
<kw name="Set Variable" owner="BuiltIn">
<msg time="2026-07-25T14:20:27.901758" level="INFO">${reservation} = xpath=(//tbody/tr[td[@data-label='Statut']//span[normalize-space(.)="NOUVEAU"]])[1]</msg>
<var>${reservation}</var>
<arg>xpath=(//tbody/tr[td[@data-label='Statut']//span[normalize-space(.)="${statut}"]])[1]</arg>
<doc>Returns the given values which can then be assigned to a variables.</doc>
<status status="PASS" start="2026-07-25T14:20:27.901035" elapsed="0.000788"/>
</kw>
<kw name="Wait Until Element Is Visible" owner="SeleniumLibrary">
<arg>${reservation}</arg>
<arg>10s</arg>
<doc>Waits until the element ``locator`` is visible.</doc>
<status status="PASS" start="2026-07-25T14:20:27.902065" elapsed="0.049704"/>
</kw>
<kw name="Log" owner="BuiltIn">
<msg time="2026-07-25T14:20:27.952675" level="INFO">La réservation avec le statut NOUVEAU a été trouvée : xpath=(//tbody/tr[td[@data-label='Statut']//span[normalize-space(.)="NOUVEAU"]])[1]</msg>
<arg>La réservation avec le statut ${statut} a été trouvée : ${reservation}</arg>
<doc>Logs the given message with the given level.</doc>
<status status="PASS" start="2026-07-25T14:20:27.952051" elapsed="0.000749"/>
</kw>
<return>
<value>${reservation}</value>
<status status="PASS" start="2026-07-25T14:20:27.952972" elapsed="0.000109"/>
</return>
<msg time="2026-07-25T14:20:27.953359" level="INFO">${reservation} = xpath=(//tbody/tr[td[@data-label='Statut']//span[normalize-space(.)="NOUVEAU"]])[1]</msg>
<var>${reservation}</var>
<arg>${statut}</arg>
<status status="PASS" start="2026-07-25T14:20:27.899911" elapsed="0.053495"/>
</kw>
<if>
<branch type="IF" condition="$statut == 'NOUVEAU'">
<kw name="Click Element" owner="SeleniumLibrary">
<msg time="2026-07-25T14:20:27.954201" level="INFO">Clicking element 'xpath=(//tbody/tr[td[@data-label='Statut']//span[normalize-space(.)="NOUVEAU"]])[1]//a[normalize-space(.)='Confirmer']'.</msg>
<arg>${reservation}//a[normalize-space(.)='Confirmer']</arg>
<doc>Click the element identified by ``locator``.</doc>
<status status="PASS" start="2026-07-25T14:20:27.953910" elapsed="1.066345"/>
</kw>
<status status="PASS" start="2026-07-25T14:20:27.953534" elapsed="1.066800"/>
</branch>
<branch type="ELSE IF" condition="$statut == 'DISPONIBLE'">
<kw name="Click Element" owner="SeleniumLibrary">
<arg>${reservation}//a[contains(text(),'Payez maintenant')]</arg>
<doc>Click the element identified by ``locator``.</doc>
<status status="NOT RUN" start="2026-07-25T14:20:29.020517" elapsed="0.000044"/>
</kw>
<status status="NOT RUN" start="2026-07-25T14:20:29.020381" elapsed="0.000217"/>
</branch>
<branch type="ELSE IF" condition="$statut == 'PAIEMENT EN ATTENTE'">
<kw name="Click Element" owner="SeleniumLibrary">
<arg>${reservation}//a[contains(text(),'Détails')]</arg>
<doc>Click the element identified by ``locator``.</doc>
<status status="NOT RUN" start="2026-07-25T14:20:29.020737" elapsed="0.000030"/>
</kw>
<status status="NOT RUN" start="2026-07-25T14:20:29.020632" elapsed="0.000174"/>
</branch>
<branch type="ELSE IF" condition="$statut == &quot;À L'ÉTUDE&quot;">
<kw name="Click Element" owner="SeleniumLibrary">
<arg>${reservation}//a[contains(text(),'Détails')]</arg>
<doc>Click the element identified by ``locator``.</doc>
<status status="NOT RUN" start="2026-07-25T14:20:29.020923" elapsed="0.000021"/>
</kw>
<status status="NOT RUN" start="2026-07-25T14:20:29.020837" elapsed="0.000138"/>
</branch>
<status status="PASS" start="2026-07-25T14:20:27.953504" elapsed="1.067498"/>
</if>
<arg>NOUVEAU</arg>
<status status="PASS" start="2026-07-25T14:20:27.899209" elapsed="1.121855"/>
</kw>
<kw name="Run Keyword And Continue On Failure" owner="BuiltIn">
<kw name="Ajouter un frais supplémentaire">
<kw name="Get Text" owner="SeleniumLibrary">
<msg time="2026-07-25T14:20:29.042582" level="INFO">${prix_avant_texte} = 347.00€</msg>
<var>${prix_avant_texte}</var>
<arg>${TOTAL}</arg>
<doc>Returns the text value of the element identified by ``locator``.</doc>
<status status="PASS" start="2026-07-25T14:20:29.022900" elapsed="0.019730"/>
</kw>
<kw name="Remove String" owner="String">
<msg time="2026-07-25T14:20:29.043081" level="INFO">${prix_avant_texte} = 347.00</msg>
<var>${prix_avant_texte}</var>
<arg>${prix_avant_texte}</arg>
<arg>€</arg>
<doc>Removes all ``removables`` from the given ``string``.</doc>
<status status="PASS" start="2026-07-25T14:20:29.042834" elapsed="0.000276"/>
</kw>
<kw name="Convert To Number" owner="BuiltIn">
<msg time="2026-07-25T14:20:29.043522" level="INFO">${prix_avant} = 347.0</msg>
<var>${prix_avant}</var>
<arg>${prix_avant_texte}</arg>
<doc>Converts the given item to a floating point number.</doc>
<status status="PASS" start="2026-07-25T14:20:29.043231" elapsed="0.000315"/>
</kw>
<kw name="Log" owner="BuiltIn">
<msg time="2026-07-25T14:20:29.043806" level="INFO">Prix avant l'ajout du frais : 347.0</msg>
<arg>Prix avant l'ajout du frais : ${prix_avant}</arg>
<doc>Logs the given message with the given level.</doc>
<status status="PASS" start="2026-07-25T14:20:29.043632" elapsed="0.000208"/>
</kw>
<kw name="Convert To Number" owner="BuiltIn">
<msg time="2026-07-25T14:20:29.044166" level="INFO">${frais_ajoute} = 40.0</msg>
<var>${frais_ajoute}</var>
<arg>${montant}</arg>
<doc>Converts the given item to a floating point number.</doc>
<status status="PASS" start="2026-07-25T14:20:29.043966" elapsed="0.000222"/>
</kw>
<kw name="Evaluate" owner="BuiltIn">
<msg time="2026-07-25T14:20:29.044537" level="INFO">${prix_attendu} = 387.0</msg>
<var>${prix_attendu}</var>
<arg>${prix_avant} + ${frais_ajoute}</arg>
<doc>Evaluates the given expression in Python and returns the result.</doc>
<status status="PASS" start="2026-07-25T14:20:29.044266" elapsed="0.000294"/>
</kw>
<kw name="Log" owner="BuiltIn">
<msg time="2026-07-25T14:20:29.044804" level="INFO">Prix attendu après l'ajout du frais : 387.0</msg>
<arg>Prix attendu après l'ajout du frais : ${prix_attendu}</arg>
<doc>Logs the given message with the given level.</doc>
<status status="PASS" start="2026-07-25T14:20:29.044638" elapsed="0.000199"/>
</kw>
<kw name="Wait Until Element Is Visible" owner="SeleniumLibrary">
<arg>${BUTTON AJOUTER FRAIS}</arg>
<arg>10s</arg>
<doc>Waits until the element ``locator`` is visible.</doc>
<status status="PASS" start="2026-07-25T14:20:29.044921" elapsed="0.010346"/>
</kw>
<kw name="Wait Until Element Is Enabled" owner="SeleniumLibrary">
<arg>${BUTTON AJOUTER FRAIS}</arg>
<arg>10s</arg>
<doc>Waits until the element ``locator`` is enabled.</doc>
<status status="PASS" start="2026-07-25T14:20:29.055509" elapsed="0.011858"/>
</kw>
<kw name="Click Button" owner="SeleniumLibrary">
<msg time="2026-07-25T14:20:29.067741" level="INFO">Clicking button 'css=aside.dashboard-sidebar button[data-target="#modal-extra-expenses"]'.</msg>
<arg>${BUTTON AJOUTER FRAIS}</arg>
<doc>Clicks the button identified by ``locator``.</doc>
<status status="PASS" start="2026-07-25T14:20:29.067541" elapsed="0.076379"/>
</kw>
<kw name="Wait Until Element Is Visible" owner="SeleniumLibrary">
<arg>${NOM FRAIS}</arg>
<arg>10s</arg>
<doc>Waits until the element ``locator`` is visible.</doc>
<status status="PASS" start="2026-07-25T14:20:29.144114" elapsed="0.216096"/>
</kw>
<kw name="Input Text" owner="SeleniumLibrary">
<msg time="2026-07-25T14:20:29.360609" level="INFO">Typing text 'Ménage' into text field 'xpath=//div[@id='modal-extra-expenses' and contains(@class,'in')]//input[contains(@class,'enter_expense_name')]'.</msg>
<arg>${NOM FRAIS}</arg>
<arg>${nom}</arg>
<doc>Types the given ``text`` into the text field identified by ``locator``.</doc>
<status status="PASS" start="2026-07-25T14:20:29.360386" elapsed="0.024743"/>
</kw>
<kw name="Input Text" owner="SeleniumLibrary">
<msg time="2026-07-25T14:20:29.385569" level="INFO">Typing text '40.00' into text field 'xpath=//div[@id='modal-extra-expenses' and contains(@class,'in')]//input[contains(@class,'enter_expense_value')]'.</msg>
<arg>${VALEUR FRAIS}</arg>
<arg>${montant}</arg>
<doc>Types the given ``text`` into the text field identified by ``locator``.</doc>
<status status="PASS" start="2026-07-25T14:20:29.385311" elapsed="0.031055"/>
</kw>
<kw name="Click Element" owner="SeleniumLibrary">
<msg time="2026-07-25T14:20:29.417086" level="INFO">Clicking element 'css=#modal-extra-expenses #add_more_expense'.</msg>
<arg>${BUTTON AJOUTER PLUS}</arg>
<doc>Click the element identified by ``locator``.</doc>
<status status="PASS" start="2026-07-25T14:20:29.416639" elapsed="0.071316"/>
</kw>
<kw name="Click Element" owner="SeleniumLibrary">
<msg time="2026-07-25T14:20:29.488329" level="INFO">Clicking element 'css=#modal-extra-expenses #save_expenses'.</msg>
<arg>${ENREGISTRER FRAIS}</arg>
<doc>Click the element identified by ``locator``.</doc>
<status status="PASS" start="2026-07-25T14:20:29.488125" elapsed="0.066214"/>
</kw>
<kw name="Press Keys" owner="SeleniumLibrary">
<msg time="2026-07-25T14:20:29.554909" level="INFO">Sending key(s) ('ESC',) to page.</msg>
<msg time="2026-07-25T14:20:29.554974" level="INFO">Pressing special key ESCAPE to browser.</msg>
<msg time="2026-07-25T14:20:29.555015" level="INFO">Releasing special key ESCAPE.</msg>
<arg>NONE</arg>
<arg>ESC</arg>
<doc>Simulates the user pressing key(s) to an element or on the active browser.</doc>
<status status="PASS" start="2026-07-25T14:20:29.554592" elapsed="0.014461"/>
</kw>
<kw name="Wait Until Keyword Succeeds" owner="BuiltIn">
<kw name="Vérifier le total après ajout du frais">
<kw name="Get Text" owner="SeleniumLibrary">
<msg time="2026-07-25T14:20:29.581700" level="INFO">${prix_actuel} = 347.00€</msg>
<var>${prix_actuel}</var>
<arg>${TOTAL}</arg>
<doc>Returns the text value of the element identified by ``locator``.</doc>
<status status="PASS" start="2026-07-25T14:20:29.569863" elapsed="0.011897"/>
</kw>
<kw name="Remove String" owner="String">
<msg time="2026-07-25T14:20:29.582223" level="INFO">${prix_actuel} = 347.00</msg>
<var>${prix_actuel}</var>
<arg>${prix_actuel}</arg>
<arg>€</arg>
<doc>Removes all ``removables`` from the given ``string``.</doc>
<status status="PASS" start="2026-07-25T14:20:29.581971" elapsed="0.000276"/>
</kw>
<kw name="Convert To Number" owner="BuiltIn">
<msg time="2026-07-25T14:20:29.582901" level="INFO">${prix_actuel} = 347.0</msg>
<var>${prix_actuel}</var>
<arg>${prix_actuel}</arg>
<doc>Converts the given item to a floating point number.</doc>
<status status="PASS" start="2026-07-25T14:20:29.582384" elapsed="0.000570"/>
</kw>
<kw name="Should Be Equal As Numbers" owner="BuiltIn">
<msg time="2026-07-25T14:20:29.583817" level="FAIL">347.0 != 387.0</msg>
<arg>${prix_actuel}</arg>
<arg>${prix_attendu}</arg>
<doc>Fails if objects are unequal after converting them to real numbers.</doc>
<status status="FAIL" start="2026-07-25T14:20:29.583224" elapsed="0.000901">347.0 != 387.0</status>
</kw>
<arg>${prix_attendu}</arg>
<status status="FAIL" start="2026-07-25T14:20:29.569638" elapsed="0.014684">347.0 != 387.0</status>
</kw>
<kw name="Vérifier le total après ajout du frais">
<kw name="Get Text" owner="SeleniumLibrary">
<msg time="2026-07-25T14:20:30.097089" level="INFO">${prix_actuel} = 347.00€</msg>
<var>${prix_actuel}</var>
<arg>${TOTAL}</arg>
<doc>Returns the text value of the element identified by ``locator``.</doc>
<status status="PASS" start="2026-07-25T14:20:30.086491" elapsed="0.010669"/>
</kw>
<kw name="Remove String" owner="String">
<msg time="2026-07-25T14:20:30.097602" level="INFO">${prix_actuel} = 347.00</msg>
<var>${prix_actuel}</var>
<arg>${prix_actuel}</arg>
<arg>€</arg>
<doc>Removes all ``removables`` from the given ``string``.</doc>
<status status="PASS" start="2026-07-25T14:20:30.097411" elapsed="0.000213"/>
</kw>
<kw name="Convert To Number" owner="BuiltIn">
<msg time="2026-07-25T14:20:30.097970" level="INFO">${prix_actuel} = 347.0</msg>
<var>${prix_actuel}</var>
<arg>${prix_actuel}</arg>
<doc>Converts the given item to a floating point number.</doc>
<status status="PASS" start="2026-07-25T14:20:30.097722" elapsed="0.000270"/>
</kw>
<kw name="Should Be Equal As Numbers" owner="BuiltIn">
<msg time="2026-07-25T14:20:30.098539" level="FAIL">347.0 != 387.0</msg>
<arg>${prix_actuel}</arg>
<arg>${prix_attendu}</arg>
<doc>Fails if objects are unequal after converting them to real numbers.</doc>
<status status="FAIL" start="2026-07-25T14:20:30.098095" elapsed="0.000550">347.0 != 387.0</status>
</kw>
<arg>${prix_attendu}</arg>
<status status="FAIL" start="2026-07-25T14:20:30.085671" elapsed="0.013117">347.0 != 387.0</status>
</kw>
<kw name="Vérifier le total après ajout du frais">
<kw name="Get Text" owner="SeleniumLibrary">
<msg time="2026-07-25T14:20:30.610230" level="INFO">${prix_actuel} = 347.00€</msg>
<var>${prix_actuel}</var>
<arg>${TOTAL}</arg>
<doc>Returns the text value of the element identified by ``locator``.</doc>
<status status="PASS" start="2026-07-25T14:20:30.600072" elapsed="0.010230"/>
</kw>
<kw name="Remove String" owner="String">
<msg time="2026-07-25T14:20:30.610679" level="INFO">${prix_actuel} = 347.00</msg>
<var>${prix_actuel}</var>
<arg>${prix_actuel}</arg>
<arg>€</arg>
<doc>Removes all ``removables`` from the given ``string``.</doc>
<status status="PASS" start="2026-07-25T14:20:30.610498" elapsed="0.000244"/>
</kw>
<kw name="Convert To Number" owner="BuiltIn">
<msg time="2026-07-25T14:20:30.611080" level="INFO">${prix_actuel} = 347.0</msg>
<var>${prix_actuel}</var>
<arg>${prix_actuel}</arg>
<doc>Converts the given item to a floating point number.</doc>
<status status="PASS" start="2026-07-25T14:20:30.610831" elapsed="0.000271"/>
</kw>
<kw name="Should Be Equal As Numbers" owner="BuiltIn">
<msg time="2026-07-25T14:20:30.611428" level="FAIL">347.0 != 387.0</msg>
<arg>${prix_actuel}</arg>
<arg>${prix_attendu}</arg>
<doc>Fails if objects are unequal after converting them to real numbers.</doc>
<status status="FAIL" start="2026-07-25T14:20:30.611182" elapsed="0.000306">347.0 != 387.0</status>
</kw>
<arg>${prix_attendu}</arg>
<status status="FAIL" start="2026-07-25T14:20:30.599531" elapsed="0.012054">347.0 != 387.0</status>
</kw>
<kw name="Vérifier le total après ajout du frais">
<kw name="Get Text" owner="SeleniumLibrary">
<msg time="2026-07-25T14:20:31.128473" level="INFO">${prix_actuel} = 387.00€</msg>
<var>${prix_actuel}</var>
<arg>${TOTAL}</arg>
<doc>Returns the text value of the element identified by ``locator``.</doc>
<status status="PASS" start="2026-07-25T14:20:31.113596" elapsed="0.014971"/>
</kw>
<kw name="Remove String" owner="String">
<msg time="2026-07-25T14:20:31.129018" level="INFO">${prix_actuel} = 387.00</msg>
<var>${prix_actuel}</var>
<arg>${prix_actuel}</arg>
<arg>€</arg>
<doc>Removes all ``removables`` from the given ``string``.</doc>
<status status="PASS" start="2026-07-25T14:20:31.128789" elapsed="0.000254"/>
</kw>
<kw name="Convert To Number" owner="BuiltIn">
<msg time="2026-07-25T14:20:31.129393" level="INFO">${prix_actuel} = 387.0</msg>
<var>${prix_actuel}</var>
<arg>${prix_actuel}</arg>
<doc>Converts the given item to a floating point number.</doc>
<status status="PASS" start="2026-07-25T14:20:31.129136" elapsed="0.000283"/>
</kw>
<kw name="Should Be Equal As Numbers" owner="BuiltIn">
<arg>${prix_actuel}</arg>
<arg>${prix_attendu}</arg>
<doc>Fails if objects are unequal after converting them to real numbers.</doc>
<status status="PASS" start="2026-07-25T14:20:31.129501" elapsed="0.000209"/>
</kw>
<arg>${prix_attendu}</arg>
<status status="PASS" start="2026-07-25T14:20:31.112471" elapsed="0.017297"/>
</kw>
<arg>10s</arg>
<arg>500ms</arg>
<arg>Vérifier le total après ajout du frais</arg>
<arg>${prix_attendu}</arg>
<doc>Runs the specified keyword and retries if it fails.</doc>
<status status="PASS" start="2026-07-25T14:20:29.569227" elapsed="1.560587"/>
</kw>
<kw name="Get Text" owner="SeleniumLibrary">
<msg time="2026-07-25T14:20:31.140370" level="INFO">${prix_apres} = 387.00€</msg>
<var>${prix_apres}</var>
<arg>${TOTAL}</arg>
<doc>Returns the text value of the element identified by ``locator``.</doc>
<status status="PASS" start="2026-07-25T14:20:31.129982" elapsed="0.010447"/>
</kw>
<kw name="Log" owner="BuiltIn">
<msg time="2026-07-25T14:20:31.140970" level="INFO">Prix après l'ajout du frais : 387.00€</msg>
<arg>Prix après l'ajout du frais : ${prix_apres}</arg>
<doc>Logs the given message with the given level.</doc>
<status status="PASS" start="2026-07-25T14:20:31.140617" elapsed="0.000403"/>
</kw>
<arg>Ménage</arg>
<arg>40.00</arg>
<status status="PASS" start="2026-07-25T14:20:29.022281" elapsed="2.118817"/>
</kw>
<arg>Ajouter un frais supplémentaire</arg>
<arg>Ménage</arg>
<arg>40.00</arg>
<doc>Runs the keyword and continues execution even if a failure occurs.</doc>
<status status="PASS" start="2026-07-25T14:20:29.021431" elapsed="2.119720"/>
</kw>
<kw name="Log" owner="BuiltIn">
<msg time="2026-07-25T14:20:31.141696" level="INFO">===== Fin de la vérification PP-30 =====</msg>
<arg>===== Fin de la vérification PP-30 =====</arg>
<doc>Logs the given message with the given level.</doc>
<status status="PASS" start="2026-07-25T14:20:31.141442" elapsed="0.000299"/>
</kw>
<kw name="Run Keyword And Continue On Failure" owner="BuiltIn">
<kw name="Ajouter un frais supplémentaire">
<kw name="Get Text" owner="SeleniumLibrary">
<msg time="2026-07-25T14:20:31.151636" level="INFO">${prix_avant_texte} = 387.00€</msg>
<var>${prix_avant_texte}</var>
<arg>${TOTAL}</arg>
<doc>Returns the text value of the element identified by ``locator``.</doc>
<status status="PASS" start="2026-07-25T14:20:31.142544" elapsed="0.009135"/>
</kw>
<kw name="Remove String" owner="String">
<msg time="2026-07-25T14:20:31.152031" level="INFO">${prix_avant_texte} = 387.00</msg>
<var>${prix_avant_texte}</var>
<arg>${prix_avant_texte}</arg>
<arg>€</arg>
<doc>Removes all ``removables`` from the given ``string``.</doc>
<status status="PASS" start="2026-07-25T14:20:31.151829" elapsed="0.000224"/>
</kw>
<kw name="Convert To Number" owner="BuiltIn">
<msg time="2026-07-25T14:20:31.152396" level="INFO">${prix_avant} = 387.0</msg>
<var>${prix_avant}</var>
<arg>${prix_avant_texte}</arg>
<doc>Converts the given item to a floating point number.</doc>
<status status="PASS" start="2026-07-25T14:20:31.152142" elapsed="0.000276"/>
</kw>
<kw name="Log" owner="BuiltIn">
<msg time="2026-07-25T14:20:31.152675" level="INFO">Prix avant l'ajout du frais : 387.0</msg>
<arg>Prix avant l'ajout du frais : ${prix_avant}</arg>
<doc>Logs the given message with the given level.</doc>
<status status="PASS" start="2026-07-25T14:20:31.152503" elapsed="0.000207"/>
</kw>
<kw name="Convert To Number" owner="BuiltIn">
<msg time="2026-07-25T14:20:31.152997" level="INFO">${frais_ajoute} = 20.0</msg>
<var>${frais_ajoute}</var>
<arg>${montant}</arg>
<doc>Converts the given item to a floating point number.</doc>
<status status="PASS" start="2026-07-25T14:20:31.152785" elapsed="0.000234"/>
</kw>
<kw name="Evaluate" owner="BuiltIn">
<msg time="2026-07-25T14:20:31.153370" level="INFO">${prix_attendu} = 407.0</msg>
<var>${prix_attendu}</var>
<arg>${prix_avant} + ${frais_ajoute}</arg>
<doc>Evaluates the given expression in Python and returns the result.</doc>
<status status="PASS" start="2026-07-25T14:20:31.153099" elapsed="0.000293"/>
</kw>
<kw name="Log" owner="BuiltIn">
<msg time="2026-07-25T14:20:31.153637" level="INFO">Prix attendu après l'ajout du frais : 407.0</msg>
<arg>Prix attendu après l'ajout du frais : ${prix_attendu}</arg>
<doc>Logs the given message with the given level.</doc>
<status status="PASS" start="2026-07-25T14:20:31.153474" elapsed="0.000196"/>
</kw>
<kw name="Wait Until Element Is Visible" owner="SeleniumLibrary">
<arg>${BUTTON AJOUTER FRAIS}</arg>
<arg>10s</arg>
<doc>Waits until the element ``locator`` is visible.</doc>
<status status="PASS" start="2026-07-25T14:20:31.153755" elapsed="0.013904"/>
</kw>
<kw name="Wait Until Element Is Enabled" owner="SeleniumLibrary">
<arg>${BUTTON AJOUTER FRAIS}</arg>
<arg>10s</arg>
<doc>Waits until the element ``locator`` is enabled.</doc>
<status status="PASS" start="2026-07-25T14:20:31.167830" elapsed="0.009690"/>
</kw>
<kw name="Click Button" owner="SeleniumLibrary">
<msg time="2026-07-25T14:20:31.177885" level="INFO">Clicking button 'css=aside.dashboard-sidebar button[data-target="#modal-extra-expenses"]'.</msg>
<arg>${BUTTON AJOUTER FRAIS}</arg>
<doc>Clicks the button identified by ``locator``.</doc>
<status status="PASS" start="2026-07-25T14:20:31.177686" elapsed="0.075557"/>
</kw>
<kw name="Wait Until Element Is Visible" owner="SeleniumLibrary">
<arg>${NOM FRAIS}</arg>
<arg>10s</arg>
<doc>Waits until the element ``locator`` is visible.</doc>
<status status="PASS" start="2026-07-25T14:20:31.253447" elapsed="0.216192"/>
</kw>
<kw name="Input Text" owner="SeleniumLibrary">
<msg time="2026-07-25T14:20:31.470026" level="INFO">Typing text 'Parking' into text field 'xpath=//div[@id='modal-extra-expenses' and contains(@class,'in')]//input[contains(@class,'enter_expense_name')]'.</msg>
<arg>${NOM FRAIS}</arg>
<arg>${nom}</arg>
<doc>Types the given ``text`` into the text field identified by ``locator``.</doc>
<status status="PASS" start="2026-07-25T14:20:31.469807" elapsed="0.027402"/>
</kw>
<kw name="Input Text" owner="SeleniumLibrary">
<msg time="2026-07-25T14:20:31.497942" level="INFO">Typing text '20.00' into text field 'xpath=//div[@id='modal-extra-expenses' and contains(@class,'in')]//input[contains(@class,'enter_expense_value')]'.</msg>
<arg>${VALEUR FRAIS}</arg>
<arg>${montant}</arg>
<doc>Types the given ``text`` into the text field identified by ``locator``.</doc>
<status status="PASS" start="2026-07-25T14:20:31.497504" elapsed="0.022706"/>
</kw>
<kw name="Click Element" owner="SeleniumLibrary">
<msg time="2026-07-25T14:20:31.520580" level="INFO">Clicking element 'css=#modal-extra-expenses #add_more_expense'.</msg>
<arg>${BUTTON AJOUTER PLUS}</arg>
<doc>Click the element identified by ``locator``.</doc>
<status status="PASS" start="2026-07-25T14:20:31.520377" elapsed="0.070275"/>
</kw>
<kw name="Click Element" owner="SeleniumLibrary">
<msg time="2026-07-25T14:20:31.591357" level="INFO">Clicking element 'css=#modal-extra-expenses #save_expenses'.</msg>
<arg>${ENREGISTRER FRAIS}</arg>
<doc>Click the element identified by ``locator``.</doc>
<status status="PASS" start="2026-07-25T14:20:31.590986" elapsed="0.067663"/>
</kw>
<kw name="Press Keys" owner="SeleniumLibrary">
<msg time="2026-07-25T14:20:31.659134" level="INFO">Sending key(s) ('ESC',) to page.</msg>
<msg time="2026-07-25T14:20:31.659196" level="INFO">Pressing special key ESCAPE to browser.</msg>
<msg time="2026-07-25T14:20:31.659231" level="INFO">Releasing special key ESCAPE.</msg>
<arg>NONE</arg>
<arg>ESC</arg>
<doc>Simulates the user pressing key(s) to an element or on the active browser.</doc>
<status status="PASS" start="2026-07-25T14:20:31.658833" elapsed="0.009306"/>
</kw>
<kw name="Wait Until Keyword Succeeds" owner="BuiltIn">
<kw name="Vérifier le total après ajout du frais">
<kw name="Get Text" owner="SeleniumLibrary">
<msg time="2026-07-25T14:20:31.679662" level="INFO">${prix_actuel} = 387.00€</msg>
<var>${prix_actuel}</var>
<arg>${TOTAL}</arg>
<doc>Returns the text value of the element identified by ``locator``.</doc>
<status status="PASS" start="2026-07-25T14:20:31.669023" elapsed="0.010683"/>
</kw>
<kw name="Remove String" owner="String">
<msg time="2026-07-25T14:20:31.680288" level="INFO">${prix_actuel} = 387.00</msg>
<var>${prix_actuel}</var>
<arg>${prix_actuel}</arg>
<arg>€</arg>
<doc>Removes all ``removables`` from the given ``string``.</doc>
<status status="PASS" start="2026-07-25T14:20:31.679860" elapsed="0.000484"/>
</kw>
<kw name="Convert To Number" owner="BuiltIn">
<msg time="2026-07-25T14:20:31.681159" level="INFO">${prix_actuel} = 387.0</msg>
<var>${prix_actuel}</var>
<arg>${prix_actuel}</arg>
<doc>Converts the given item to a floating point number.</doc>
<status status="PASS" start="2026-07-25T14:20:31.680581" elapsed="0.000637"/>
</kw>
<kw name="Should Be Equal As Numbers" owner="BuiltIn">
<msg time="2026-07-25T14:20:31.682264" level="FAIL">387.0 != 407.0</msg>
<arg>${prix_actuel}</arg>
<arg>${prix_attendu}</arg>
<doc>Fails if objects are unequal after converting them to real numbers.</doc>
<status status="FAIL" start="2026-07-25T14:20:31.681473" elapsed="0.000891">387.0 != 407.0</status>
</kw>
<arg>${prix_attendu}</arg>
<status status="FAIL" start="2026-07-25T14:20:31.668756" elapsed="0.013865">387.0 != 407.0</status>
</kw>
<kw name="Vérifier le total après ajout du frais">
<kw name="Get Text" owner="SeleniumLibrary">
<msg time="2026-07-25T14:20:32.193651" level="INFO">${prix_actuel} = 387.00€</msg>
<var>${prix_actuel}</var>
<arg>${TOTAL}</arg>
<doc>Returns the text value of the element identified by ``locator``.</doc>
<status status="PASS" start="2026-07-25T14:20:32.183552" elapsed="0.010154"/>
</kw>
<kw name="Remove String" owner="String">
<msg time="2026-07-25T14:20:32.194082" level="INFO">${prix_actuel} = 387.00</msg>
<var>${prix_actuel}</var>
<arg>${prix_actuel}</arg>
<arg>€</arg>
<doc>Removes all ``removables`` from the given ``string``.</doc>
<status status="PASS" start="2026-07-25T14:20:32.193864" elapsed="0.000242"/>
</kw>
<kw name="Convert To Number" owner="BuiltIn">
<msg time="2026-07-25T14:20:32.194471" level="INFO">${prix_actuel} = 387.0</msg>
<var>${prix_actuel}</var>
<arg>${prix_actuel}</arg>
<doc>Converts the given item to a floating point number.</doc>
<status status="PASS" start="2026-07-25T14:20:32.194200" elapsed="0.000293"/>
</kw>
<kw name="Should Be Equal As Numbers" owner="BuiltIn">
<msg time="2026-07-25T14:20:32.194815" level="FAIL">387.0 != 407.0</msg>
<arg>${prix_actuel}</arg>
<arg>${prix_attendu}</arg>
<doc>Fails if objects are unequal after converting them to real numbers.</doc>
<status status="FAIL" start="2026-07-25T14:20:32.194573" elapsed="0.000331">387.0 != 407.0</status>
</kw>
<arg>${prix_attendu}</arg>
<status status="FAIL" start="2026-07-25T14:20:32.183238" elapsed="0.011761">387.0 != 407.0</status>
</kw>
<kw name="Vérifier le total après ajout du frais">
<kw name="Get Text" owner="SeleniumLibrary">
<msg time="2026-07-25T14:20:32.708444" level="INFO">${prix_actuel} = 407.00€</msg>
<var>${prix_actuel}</var>
<arg>${TOTAL}</arg>
<doc>Returns the text value of the element identified by ``locator``.</doc>
<status status="PASS" start="2026-07-25T14:20:32.696501" elapsed="0.012004"/>
</kw>
<kw name="Remove String" owner="String">
<msg time="2026-07-25T14:20:32.709021" level="INFO">${prix_actuel} = 407.00</msg>
<var>${prix_actuel}</var>
<arg>${prix_actuel}</arg>
<arg>€</arg>
<doc>Removes all ``removables`` from the given ``string``.</doc>
<status status="PASS" start="2026-07-25T14:20:32.708724" elapsed="0.000332"/>
</kw>
<kw name="Convert To Number" owner="BuiltIn">
<msg time="2026-07-25T14:20:32.709510" level="INFO">${prix_actuel} = 407.0</msg>
<var>${prix_actuel}</var>
<arg>${prix_actuel}</arg>
<doc>Converts the given item to a floating point number.</doc>
<status status="PASS" start="2026-07-25T14:20:32.709197" elapsed="0.000337"/>
</kw>
<kw name="Should Be Equal As Numbers" owner="BuiltIn">
<arg>${prix_actuel}</arg>
<arg>${prix_attendu}</arg>
<doc>Fails if objects are unequal after converting them to real numbers.</doc>
<status status="PASS" start="2026-07-25T14:20:32.709620" elapsed="0.000232"/>
</kw>
<arg>${prix_attendu}</arg>
<status status="PASS" start="2026-07-25T14:20:32.695667" elapsed="0.014246"/>
</kw>
<arg>10s</arg>
<arg>500ms</arg>
<arg>Vérifier le total après ajout du frais</arg>
<arg>${prix_attendu}</arg>
<doc>Runs the specified keyword and retries if it fails.</doc>
<status status="PASS" start="2026-07-25T14:20:31.668311" elapsed="1.041646"/>
</kw>
<kw name="Get Text" owner="SeleniumLibrary">
<msg time="2026-07-25T14:20:32.719665" level="INFO">${prix_apres} = 407.00€</msg>
<var>${prix_apres}</var>
<arg>${TOTAL}</arg>
<doc>Returns the text value of the element identified by ``locator``.</doc>
<status status="PASS" start="2026-07-25T14:20:32.710047" elapsed="0.009690"/>
</kw>
<kw name="Log" owner="BuiltIn">
<msg time="2026-07-25T14:20:32.720430" level="INFO">Prix après l'ajout du frais : 407.00€</msg>
<arg>Prix après l'ajout du frais : ${prix_apres}</arg>
<doc>Logs the given message with the given level.</doc>
<status status="PASS" start="2026-07-25T14:20:32.719982" elapsed="0.000485"/>
</kw>
<arg>Parking</arg>
<arg>20.00</arg>
<status status="PASS" start="2026-07-25T14:20:31.142319" elapsed="1.578215"/>
</kw>
<arg>Ajouter un frais supplémentaire</arg>
<arg>Parking</arg>
<arg>20.00</arg>
[...]
<arg>${statut}</arg>
<status status="PASS" start="2026-07-25T14:21:52.795207" elapsed="0.039672"/>
</kw>
<if>
<branch type="IF" condition="$statut == 'NOUVEAU'">
<kw name="Click Element" owner="SeleniumLibrary">
<msg time="2026-07-25T14:21:52.836412" level="INFO">Clicking element 'xpath=(//tbody/tr[td[@data-label='Statut']//span[normalize-space(.)="NOUVEAU"]])[1]//a[normalize-space(.)='Confirmer']'.</msg>
<arg>${reservation}//a[normalize-space(.)='Confirmer']</arg>
<doc>Click the element identified by ``locator``.</doc>
<status status="PASS" start="2026-07-25T14:21:52.835616" elapsed="1.112429"/>
</kw>
<status status="PASS" start="2026-07-25T14:21:52.835117" elapsed="1.113037"/>
</branch>
<branch type="ELSE IF" condition="$statut == 'DISPONIBLE'">
<kw name="Click Element" owner="SeleniumLibrary">
<arg>${reservation}//a[contains(text(),'Payez maintenant')]</arg>
<doc>Click the element identified by ``locator``.</doc>
<status status="NOT RUN" start="2026-07-25T14:21:53.948365" elapsed="0.000036"/>
</kw>
<status status="NOT RUN" start="2026-07-25T14:21:53.948207" elapsed="0.000250"/>
</branch>
<branch type="ELSE IF" condition="$statut == 'PAIEMENT EN ATTENTE'">
<kw name="Click Element" owner="SeleniumLibrary">
<arg>${reservation}//a[contains(text(),'Détails')]</arg>
<doc>Click the element identified by ``locator``.</doc>
<status status="NOT RUN" start="2026-07-25T14:21:53.948686" elapsed="0.000033"/>
</kw>
<status status="NOT RUN" start="2026-07-25T14:21:53.948527" elapsed="0.000235"/>
</branch>
<branch type="ELSE IF" condition="$statut == &quot;À L'ÉTUDE&quot;">
<kw name="Click Element" owner="SeleniumLibrary">
<arg>${reservation}//a[contains(text(),'Détails')]</arg>
<doc>Click the element identified by ``locator``.</doc>
<status status="NOT RUN" start="2026-07-25T14:21:53.948891" elapsed="0.000022"/>
</kw>
<status status="NOT RUN" start="2026-07-25T14:21:53.948799" elapsed="0.000146"/>
</branch>
<status status="PASS" start="2026-07-25T14:21:52.835060" elapsed="1.113913"/>
</if>
<arg>NOUVEAU</arg>
<status status="PASS" start="2026-07-25T14:21:52.794647" elapsed="1.154405"/>
</kw>
<kw name="Récupérer l'ID de la réservation" owner="commun_US-08">
<kw name="Get Value" owner="SeleniumLibrary">
<msg time="2026-07-25T14:21:53.974751" level="INFO">${reservation_id} = 8548</msg>
<var>${reservation_id}</var>
<arg>id=resrv_id</arg>
<doc>Returns the value attribute of the element identified by ``locator``.</doc>
<status status="PASS" start="2026-07-25T14:21:53.949477" elapsed="0.025347"/>
</kw>
<kw name="Log" owner="BuiltIn">
<msg time="2026-07-25T14:21:53.975406" level="INFO">ID de la réservation : 8548</msg>
<arg>ID de la réservation : ${reservation_id}</arg>
<doc>Logs the given message with the given level.</doc>
<status status="PASS" start="2026-07-25T14:21:53.975075" elapsed="0.000368"/>
</kw>
<return>
<value>${reservation_id}</value>
<status status="PASS" start="2026-07-25T14:21:53.975490" elapsed="0.000036"/>
</return>
<msg time="2026-07-25T14:21:53.975632" level="INFO">${reservation_id} = 8548</msg>
<var>${reservation_id}</var>
<status status="PASS" start="2026-07-25T14:21:53.949210" elapsed="0.026443"/>
</kw>
<kw name="Set Suite Variable" owner="BuiltIn">
<msg time="2026-07-25T14:21:53.976017" level="INFO">${ID_RESERVATION} = 8548</msg>
<arg>${ID_RESERVATION}</arg>
<arg>${reservation_id}</arg>
<doc>Makes a variable available everywhere within the scope of the current suite.</doc>
<status status="PASS" start="2026-07-25T14:21:53.975745" elapsed="0.000307"/>
</kw>
<kw name="Click Button" owner="SeleniumLibrary">
<msg time="2026-07-25T14:21:53.976279" level="INFO">Clicking button 'xpath=(//button[@id='decline-reservation-btn'])[2]'.</msg>
<arg>${BUTTON REFUSER}</arg>
<doc>Clicks the button identified by ``locator``.</doc>
<status status="PASS" start="2026-07-25T14:21:53.976140" elapsed="0.081455"/>
</kw>
<kw name="Wait Until Element Is Visible" owner="SeleniumLibrary">
<arg>${INPUT JUSTIFICATION}</arg>
<arg>10s</arg>
<doc>Waits until the element ``locator`` is visible.</doc>
<status status="PASS" start="2026-07-25T14:21:54.057763" elapsed="0.010811"/>
</kw>
<kw name="Input Text" owner="SeleniumLibrary">
<msg time="2026-07-25T14:21:54.069095" level="INFO">Typing text 'Logement indisponible' into text field 'xpath=//textarea[@id='reason22']'.</msg>
<arg>${INPUT JUSTIFICATION}</arg>
<arg>${MESSAGE REFUS}</arg>
<doc>Types the given ``text`` into the text field identified by ``locator``.</doc>
<status status="PASS" start="2026-07-25T14:21:54.068740" elapsed="0.031975"/>
</kw>
<kw name="Click Button" owner="SeleniumLibrary">
<msg time="2026-07-25T14:21:54.101085" level="INFO">Clicking button 'xpath=//button[@id='decline']'.</msg>
<arg>${BUTTON SOUMETTRE}</arg>
<doc>Clicks the button identified by ``locator``.</doc>
<status status="PASS" start="2026-07-25T14:21:54.100884" elapsed="0.205868"/>
</kw>
<kw name="Wait Until Element Is Visible" owner="SeleniumLibrary">
<arg>${STATUT RESERVATION}</arg>
<arg>10s</arg>
<doc>Waits until the element ``locator`` is visible.</doc>
<status status="PASS" start="2026-07-25T14:21:54.306926" elapsed="1.272556"/>
</kw>
<kw name="Element Should Contain" owner="SeleniumLibrary">
<msg time="2026-07-25T14:21:55.618013" level="INFO">Element 'css=.btn-danger-outlined:nth-child(2)' contains text 'Refusé'.</msg>
<arg>${STATUT RESERVATION}</arg>
<arg>Refusé</arg>
<doc>Verifies that element ``locator`` contains text ``expected``.</doc>
<status status="PASS" start="2026-07-25T14:21:55.579740" elapsed="0.038446"/>
</kw>
<return>
<value>${reservation_id}</value>
<status status="PASS" start="2026-07-25T14:21:55.618331" elapsed="0.000075"/>
</return>
<status status="PASS" start="2026-07-25T14:21:52.793957" elapsed="2.824632"/>
</kw>
<kw name="Log" owner="BuiltIn">
<msg time="2026-07-25T14:21:55.619459" level="INFO">===== Fin de la vérification PP-27 =====</msg>
<arg>===== Fin de la vérification PP-27 =====</arg>
<doc>Logs the given message with the given level.</doc>
<status status="PASS" start="2026-07-25T14:21:55.618923" elapsed="0.000630"/>
</kw>
<kw name="Retourner au tableau réservations Hôte" owner="commun_US-08">
<kw name="Click Element" owner="SeleniumLibrary">
<msg time="2026-07-25T14:21:55.620904" level="INFO">Clicking element 'xpath=(//a[contains(text(),'Réservations')])[3]'.</msg>
<arg>${BUTTON RESERVATIONS}</arg>
<doc>Click the element identified by ``locator``.</doc>
<status status="PASS" start="2026-07-25T14:21:55.620495" elapsed="0.986748"/>
</kw>
<kw name="Wait Until Element Is Visible" owner="SeleniumLibrary">
<arg>xpath=//tbody/tr</arg>
<arg>10s</arg>
<doc>Waits until the element ``locator`` is visible.</doc>
<status status="PASS" start="2026-07-25T14:21:56.607466" elapsed="0.031650"/>
</kw>
<status status="PASS" start="2026-07-25T14:21:55.620043" elapsed="1.019368"/>
</kw>
<kw name="Run Keyword And Continue On Failure" owner="BuiltIn">
<kw name="Vérifier le statut d'une réservation" owner="commun_US-08">
<kw name="Set Variable" owner="BuiltIn">
<msg time="2026-07-25T14:21:56.642117" level="INFO">${reservation} = xpath=//tbody/tr[td[@data-label='ID'][contains(normalize-space(.),'8548')]]</msg>
<var>${reservation}</var>
<arg>xpath=//tbody/tr[td[@data-label='ID'][contains(normalize-space(.),'${reservation_id}')]]</arg>
<doc>Returns the given values which can then be assigned to a variables.</doc>
<status status="PASS" start="2026-07-25T14:21:56.641596" elapsed="0.000563"/>
</kw>
<kw name="Wait Until Element Is Visible" owner="SeleniumLibrary">
<arg>${reservation}</arg>
<arg>10s</arg>
<doc>Waits until the element ``locator`` is visible.</doc>
<status status="PASS" start="2026-07-25T14:21:56.642326" elapsed="0.014610"/>
</kw>
<kw name="Element Should Contain" owner="SeleniumLibrary">
<msg time="2026-07-25T14:21:56.667362" level="INFO">Element 'xpath=//tbody/tr[td[@data-label='ID'][contains(normalize-space(.),'8548')]]/td[@data-label='Statut']' contains text 'REFUSÉ'.</msg>
<arg>${reservation}/td[@data-label='Statut']</arg>
<arg>${statut_attendu}</arg>
<doc>Verifies that element ``locator`` contains text ``expected``.</doc>
<status status="PASS" start="2026-07-25T14:21:56.657122" elapsed="0.010327"/>
</kw>
<arg>${ID_RESERVATION}</arg>
<arg>REFUSÉ</arg>
<status status="PASS" start="2026-07-25T14:21:56.640855" elapsed="0.026683"/>
</kw>
<arg>Vérifier le statut d'une réservation</arg>
<arg>${ID_RESERVATION}</arg>
<arg>REFUSÉ</arg>
<doc>Runs the keyword and continues execution even if a failure occurs.</doc>
<status status="PASS" start="2026-07-25T14:21:56.639965" elapsed="0.027627"/>
</kw>
<kw name="Log" owner="BuiltIn">
<msg time="2026-07-25T14:21:56.668165" level="INFO">===== Fin de la vérification PP-28 =====</msg>
<arg>===== Fin de la vérification PP-28 =====</arg>
<doc>Logs the given message with the given level.</doc>
<status status="PASS" start="2026-07-25T14:21:56.667868" elapsed="0.000344"/>
</kw>
<kw name="Se deconnecter" owner="commun_US-08">
<kw name="Press Keys" owner="SeleniumLibrary">
<msg time="2026-07-25T14:21:56.669530" level="INFO">Sending key(s) ('HOME',) to page.</msg>
<msg time="2026-07-25T14:21:56.669653" level="INFO">Pressing special key HOME to browser.</msg>
<msg time="2026-07-25T14:21:56.669690" level="INFO">Releasing special key HOME.</msg>
<arg>NONE</arg>
<arg>HOME</arg>
<doc>Simulates the user pressing key(s) to an element or on the active browser.</doc>
<status status="PASS" start="2026-07-25T14:21:56.668772" elapsed="0.015222"/>
</kw>
<kw name="Wait Until Element Is Visible" owner="SeleniumLibrary">
<arg>${BUTTON USER MENU}</arg>
<arg>15s</arg>
<doc>Waits until the element ``locator`` is visible.</doc>
<status status="PASS" start="2026-07-25T14:21:56.684341" elapsed="0.013147"/>
</kw>
<kw name="Mouse Over" owner="SeleniumLibrary">
<msg time="2026-07-25T14:21:56.697854" level="INFO">Simulating Mouse Over on element 'css=.account-loggedin'.</msg>
<arg>${BUTTON USER MENU}</arg>
<doc>Simulates hovering the mouse over the element ``locator``.</doc>
<status status="PASS" start="2026-07-25T14:21:56.697655" elapsed="0.261386"/>
</kw>
<kw name="Wait Until Keyword Succeeds" owner="BuiltIn">
<kw name="Cliquer sur Se déconnecter" owner="commun_US-08">
<kw name="Mouse Over" owner="SeleniumLibrary">
<msg time="2026-07-25T14:21:56.959932" level="INFO">Simulating Mouse Over on element 'css=.account-loggedin'.</msg>
<arg>${BUTTON USER MENU}</arg>
<doc>Simulates hovering the mouse over the element ``locator``.</doc>
<status status="PASS" start="2026-07-25T14:21:56.959787" elapsed="0.275992"/>
</kw>
<kw name="Wait Until Element Is Visible" owner="SeleniumLibrary">
<arg>${BUTTON SE DECONNECTER}</arg>
<arg>3s</arg>
<doc>Waits until the element ``locator`` is visible.</doc>
<status status="PASS" start="2026-07-25T14:21:57.236013" elapsed="0.010321"/>
</kw>
<kw name="Click Element" owner="SeleniumLibrary">
<msg time="2026-07-25T14:21:57.246720" level="INFO">Clicking element 'xpath=//div[contains(@class,'account-dropdown')]//a[contains(normalize-space(.),'Se déconnecter')]'.</msg>
<arg>${BUTTON SE DECONNECTER}</arg>
<doc>Click the element identified by ``locator``.</doc>
<status status="PASS" start="2026-07-25T14:21:57.246507" elapsed="1.195119"/>
</kw>
<status status="PASS" start="2026-07-25T14:21:56.959586" elapsed="1.482162"/>
</kw>
<arg>3x</arg>
<arg>1s</arg>
<arg>Cliquer sur Se déconnecter</arg>
<doc>Runs the specified keyword and retries if it fails.</doc>
<status status="PASS" start="2026-07-25T14:21:56.959214" elapsed="1.482585"/>
</kw>
<kw name="Wait Until Element Is Visible" owner="SeleniumLibrary">
<arg>${LIEN SE CONNECTER}</arg>
<arg>15s</arg>
<doc>Waits until the element ``locator`` is visible.</doc>
<status status="PASS" start="2026-07-25T14:21:58.441969" elapsed="0.034163"/>
</kw>
<status status="PASS" start="2026-07-25T14:21:56.668516" elapsed="1.807780"/>
</kw>
<kw name="Se connecter" owner="commun_US-07">
<kw name="Click Element" owner="SeleniumLibrary">
<msg time="2026-07-25T14:21:58.477116" level="INFO">Clicking element 'xpath=//a[contains(text(),'Se connecter')]'.</msg>
<arg>${LIEN SE CONNECTER}</arg>
<doc>Click the element identified by ``locator``.</doc>
<status status="PASS" start="2026-07-25T14:21:58.476951" elapsed="0.078201"/>
</kw>
<kw name="Wait Until Element Is Visible" owner="SeleniumLibrary">
<arg>${CHAMP NOM UTILISATEUR}</arg>
<doc>Waits until the element ``locator`` is visible.</doc>
<status status="PASS" start="2026-07-25T14:21:58.555717" elapsed="0.236123"/>
</kw>
<kw name="Clear Element Text" owner="SeleniumLibrary">
<arg>${CHAMP NOM UTILISATEUR}</arg>
<doc>Clears the value of the text-input-element identified by ``locator``.</doc>
<status status="PASS" start="2026-07-25T14:21:58.792058" elapsed="0.013920"/>
</kw>
<kw name="Clear Element Text" owner="SeleniumLibrary">
<arg>${CHAMP MOT DE PASSE}</arg>
<doc>Clears the value of the text-input-element identified by ``locator``.</doc>
<status status="PASS" start="2026-07-25T14:21:58.806399" elapsed="0.016304"/>
</kw>
<kw name="Input Text" owner="SeleniumLibrary">
<msg time="2026-07-25T14:21:58.823131" level="INFO">Typing text 'robot' into text field 'name=username'.</msg>
<arg>${CHAMP NOM UTILISATEUR}</arg>
<arg>${user}</arg>
<doc>Types the given ``text`` into the text field identified by ``locator``.</doc>
<status status="PASS" start="2026-07-25T14:21:58.822892" elapsed="0.043419"/>
</kw>
<kw name="Input Text" owner="SeleniumLibrary">
<msg time="2026-07-25T14:21:58.866768" level="INFO">Typing text 'robot' into text field 'name=password'.</msg>
<arg>${CHAMP MOT DE PASSE}</arg>
<arg>${pass}</arg>
<doc>Types the given ``text`` into the text field identified by ``locator``.</doc>
<status status="PASS" start="2026-07-25T14:21:58.866511" elapsed="0.025287"/>
</kw>
<kw name="Click Button" owner="SeleniumLibrary">
<msg time="2026-07-25T14:21:58.892177" level="INFO">Clicking button 'css=.homey_login_button'.</msg>
<arg>${BOUTON VALIDER}</arg>
<doc>Clicks the button identified by ``locator``.</doc>
<status status="PASS" start="2026-07-25T14:21:58.891970" elapsed="0.081801"/>
</kw>
<kw name="Title Should Be" owner="SeleniumLibrary">
<msg time="2026-07-25T14:21:58.975441" level="INFO">Page title is 'Accueil - Livraison 3'.</msg>
<arg>${TITRE TABLEAU DE BORD VOYAGEUR}</arg>
<doc>Verifies that the current page title equals ``title``.</doc>
<status status="PASS" start="2026-07-25T14:21:58.973940" elapsed="0.001585"/>
</kw>
<kw name="Wait Until Element Is Not Visible" owner="SeleniumLibrary">
<arg>${MODAL LOGIN}</arg>
<arg>10s</arg>
<doc>Waits until the element ``locator`` is not visible.</doc>
<status status="PASS" start="2026-07-25T14:21:58.975673" elapsed="0.841180"/>
</kw>
<kw name="Wait Until Page Contains Element" owner="SeleniumLibrary">
<arg>${BUTTON ACCUEIL}</arg>
<arg>10s</arg>
<doc>Waits until the element ``locator`` appears on the current page.</doc>
<status status="PASS" start="2026-07-25T14:21:59.817056" elapsed="0.002960"/>
</kw>
<arg>${UTILISATEUR VALIDE}</arg>
<arg>${MOT DE PASSE VALIDE}</arg>
<status status="PASS" start="2026-07-25T14:21:58.476618" elapsed="1.343549"/>
</kw>
<kw name="Run Keyword And Continue On Failure" owner="BuiltIn">
<kw name="Vérifier le statut d'une réservation" owner="commun_US-08">
<kw name="Set Variable" owner="BuiltIn">
<msg time="2026-07-25T14:21:59.821849" level="INFO">${reservation} = xpath=//tbody/tr[td[@data-label='ID'][contains(normalize-space(.),'8548')]]</msg>
<var>${reservation}</var>
<arg>xpath=//tbody/tr[td[@data-label='ID'][contains(normalize-space(.),'${reservation_id}')]]</arg>
<doc>Returns the given values which can then be assigned to a variables.</doc>
<status status="PASS" start="2026-07-25T14:21:59.821268" elapsed="0.000621"/>
</kw>
<kw name="Wait Until Element Is Visible" owner="SeleniumLibrary">
<arg>${reservation}</arg>
<arg>10s</arg>
<doc>Waits until the element ``locator`` is visible.</doc>
<status status="PASS" start="2026-07-25T14:21:59.822087" elapsed="0.294939"/>
</kw>
<kw name="Element Should Contain" owner="SeleniumLibrary">
<msg time="2026-07-25T14:22:00.149282" level="INFO">Element 'xpath=//tbody/tr[td[@data-label='ID'][contains(normalize-space(.),'8548')]]/td[@data-label='Statut']' contains text 'REFUSÉ'.</msg>
<arg>${reservation}/td[@data-label='Statut']</arg>
<arg>${statut_attendu}</arg>
<doc>Verifies that element ``locator`` contains text ``expected``.</doc>
<status status="PASS" start="2026-07-25T14:22:00.117212" elapsed="0.032172"/>
</kw>
<arg>${ID_RESERVATION}</arg>
<arg>REFUSÉ</arg>
<status status="PASS" start="2026-07-25T14:21:59.820947" elapsed="0.328541"/>
</kw>
<arg>Vérifier le statut d'une réservation</arg>
<arg>${ID_RESERVATION}</arg>
<arg>REFUSÉ</arg>
<doc>Runs the keyword and continues execution even if a failure occurs.</doc>
<status status="PASS" start="2026-07-25T14:21:59.820521" elapsed="0.329026"/>
</kw>
<kw name="Log" owner="BuiltIn">
<msg time="2026-07-25T14:22:00.150358" level="INFO">===== Fin de la vérification PP-29 =====</msg>
<arg>===== Fin de la vérification PP-29 =====</arg>
<doc>Logs the given message with the given level.</doc>
<status status="PASS" start="2026-07-25T14:22:00.150052" elapsed="0.000354"/>
</kw>
<kw name="Fermer l'application8" owner="commun_US-08" type="TEARDOWN">
<kw name="Close All Browsers" owner="SeleniumLibrary">
<doc>Closes all open browsers and resets the browser cache.</doc>
<status status="PASS" start="2026-07-25T14:22:00.151149" elapsed="2.712753"/>
</kw>
<status status="PASS" start="2026-07-25T14:22:00.150858" elapsed="2.713187"/>
</kw>
<doc>L'hôte peut refuser une réservation avec une justification et le statut est correctement mis à jour pour l'hôte et le voyageur.</doc>
<tag>PP-27</tag>
<tag>PP-28</tag>
<tag>PP-29</tag>
<tag>US-08</tag>
<status status="PASS" start="2026-07-25T14:21:42.650503" elapsed="20.213701"/>
</test>
<status status="PASS" start="2026-07-25T14:21:42.646198" elapsed="20.218683"/>
</suite>
<status status="PASS" start="2026-07-25T14:19:45.269376" elapsed="137.596174"/>
</suite>
<statistics>
<total>
<stat pass="7" fail="0" skip="0">All Tests</stat>
</total>
<tag>
<stat pass="1" fail="0" skip="0">PP-22</stat>
<stat pass="1" fail="0" skip="0">PP-23</stat>
<stat pass="1" fail="0" skip="0">PP-24</stat>
<stat pass="1" fail="0" skip="0">PP-25</stat>
<stat pass="1" fail="0" skip="0">PP-26</stat>
<stat pass="1" fail="0" skip="0">PP-27</stat>
<stat pass="1" fail="0" skip="0">PP-28</stat>
<stat pass="1" fail="0" skip="0">PP-29</stat>
<stat pass="1" fail="0" skip="0">PP-30</stat>
<stat pass="1" fail="0" skip="0">PP-31</stat>
<stat pass="1" fail="0" skip="0">PP-32</stat>
<stat pass="1" fail="0" skip="0">PP-33</stat>
<stat pass="1" fail="0" skip="0">PP-34</stat>
<stat pass="1" fail="0" skip="0">PP-35</stat>
<stat pass="1" fail="0" skip="0">PP-36</stat>
<stat pass="1" fail="0" skip="0">PP-37</stat>
<stat pass="1" fail="0" skip="0">PP-38</stat>
<stat pass="1" fail="0" skip="0">PP-39</stat>
<stat pass="1" fail="0" skip="0">PP-43</stat>
<stat pass="1" fail="0" skip="0">PP-44</stat>
<stat pass="7" fail="0" skip="0">US-08</stat>
</tag>
<suite>
<stat name="US-08" id="s1" pass="7" fail="0" skip="0">US-08</stat>
<stat name="1 Nouvelle Demande Reservation Hote" id="s1-s1" pass="1" fail="0" skip="0">US-08.1 Nouvelle Demande Reservation Hote</stat>
<stat name="2 Hote Confirme Reservation" id="s1-s2" pass="1" fail="0" skip="0">US-08.2 Hote Confirme Reservation</stat>
<stat name="3 Add Frais Supplementaires" id="s1-s3" pass="1" fail="0" skip="0">US-08.3 Add Frais Supplementaires</stat>
<stat name="4 Add Test Remises" id="s1-s4" pass="1" fail="0" skip="0">US-08.4 Add Test Remises</stat>
<stat name="5 Voyageur Paye Reservation" id="s1-s5" pass="1" fail="0" skip="0">US-08.5 Voyageur Paye Reservation</stat>
<stat name="6 Voyageur Annule Reservation" id="s1-s6" pass="1" fail="0" skip="0">US-08.6 Voyageur Annule Reservation</stat>
<stat name="7 Hote Refuse Reservation" id="s1-s7" pass="1" fail="0" skip="0">US-08.7 Hote Refuse Reservation</stat>
</suite>
</statistics>
<errors>
</errors>
</robot>
