<?xml version="1.0" encoding="UTF-8"?>
<robot generator="Robot 7.4.2 (Python 3.14.7 on win32)" generated="2026-08-25T18:49:54.505579" rpa="false" schemaversion="5">
<suite id="s1" name="US-07" source="E:\TestAcademy\QA-test-academi\PFF\auto_test\IHM\US-07">
<suite id="s1-s1" name="1 Demande-Voyageur Non Connecte" source="E:\TestAcademy\QA-test-academi\PFF\auto_test\IHM\US-07\1_demande-voyageur_non_connecte.robot">
<test id="s1-s1-t1" name="Tester l'envoi d'une demande de réservation en tant que voyageur non connecté" line="24">
<kw name="Envoyer une demande de réservation">
<kw name="Ouvrir le navigateur et accéder à l'application" owner="commun_US-07">
<kw name="Fermer les navigateurs restants" owner="commun_US-07">
<kw name="Run Keyword And Ignore Error" owner="BuiltIn">
<kw name="Close All Browsers" owner="SeleniumLibrary">
<doc>Closes all open browsers and resets the browser cache.</doc>
<status status="PASS" start="2026-08-25T18:49:55.614474" elapsed="0.000692"/>
</kw>
<arg>Close All Browsers</arg>
<doc>Runs the given keyword with the given arguments and ignores possible error.</doc>
<status status="PASS" start="2026-08-25T18:49:55.612833" elapsed="0.002775"/>
</kw>
<status status="PASS" start="2026-08-25T18:49:55.610591" elapsed="0.005412"/>
</kw>
<kw name="Wait Until Keyword Succeeds" owner="BuiltIn">
<kw name="Ouvrir App" owner="commun_US-07">
<kw name="Open Browser" owner="SeleniumLibrary">
<msg time="2026-08-25T18:49:55.620289" level="INFO">Opening browser 'Firefox' to base url 'http://livraison3.testacademy.fr/'.</msg>
<arg>${URL}</arg>
<arg>${NAVIGATEUR}</arg>
<doc>Opens a new browser instance to the optional ``url``.</doc>
<status status="PASS" start="2026-08-25T18:49:55.619414" elapsed="19.550920"/>
</kw>
<kw name="Maximize Browser Window" owner="SeleniumLibrary">
<doc>Maximizes current browser window.</doc>
<status status="PASS" start="2026-08-25T18:50:15.170944" elapsed="0.632966"/>
</kw>
<status status="PASS" start="2026-08-25T18:49:55.618310" elapsed="20.185984"/>
</kw>
<arg>2x</arg>
<arg>3s</arg>
<arg>Ouvrir App</arg>
<doc>Runs the specified keyword and retries if it fails.</doc>
<status status="PASS" start="2026-08-25T18:49:55.616533" elapsed="20.187994"/>
</kw>
<kw name="Wait Until Page Contains Element" owner="SeleniumLibrary">
<arg>tag=body</arg>
<arg>15s</arg>
<doc>Waits until the element ``locator`` appears on the current page.</doc>
<status status="PASS" start="2026-08-25T18:50:15.805083" elapsed="0.045346"/>
</kw>
<status status="PASS" start="2026-08-25T18:49:55.609924" elapsed="20.240869"/>
</kw>
<kw name="Trouver l'annonce" owner="commun_US-07">
<kw name="Wait Until Element Is Visible" owner="SeleniumLibrary">
<arg>${BUTTON CHERCHER ANNONCE}</arg>
<doc>Waits until the element ``locator`` is visible.</doc>
<status status="PASS" start="2026-08-25T18:50:15.852562" elapsed="0.266063"/>
</kw>
<kw name="Run Keyword And Ignore Error" owner="BuiltIn">
<kw name="Wait Until Element Is Not Visible" owner="SeleniumLibrary">
<arg>id=homey-map-loading</arg>
<arg>20s</arg>
<doc>Waits until the element ``locator`` is not visible.</doc>
<status status="PASS" start="2026-08-25T18:50:16.119806" elapsed="0.012185"/>
</kw>
<arg>Wait Until Element Is Not Visible</arg>
<arg>id=homey-map-loading</arg>
<arg>20s</arg>
<doc>Runs the given keyword with the given arguments and ignores possible error.</doc>
<status status="PASS" start="2026-08-25T18:50:16.119005" elapsed="0.013274"/>
</kw>
<kw name="Click Element" owner="SeleniumLibrary">
<msg time="2026-08-25T18:50:16.133432" level="INFO">Clicking element 'css=.search-button &gt; .btn-primary:nth-child(1)'.</msg>
<arg>${BUTTON CHERCHER ANNONCE}</arg>
<doc>Click the element identified by ``locator``.</doc>
<status status="PASS" start="2026-08-25T18:50:16.132729" elapsed="1.612256"/>
</kw>
<kw name="Click Element" owner="SeleniumLibrary">
<msg time="2026-08-25T18:50:17.746017" level="INFO">Clicking element 'xpath=//span[contains(.,'Destination')]'.</msg>
<arg>${BAR DESTINATION}</arg>
<doc>Click the element identified by ``locator``.</doc>
<status status="PASS" start="2026-08-25T18:50:17.745433" elapsed="0.211976"/>
</kw>
<kw name="Input Text" owner="SeleniumLibrary">
<msg time="2026-08-25T18:50:17.958563" level="INFO">Typing text 'Miami' into text field 'css=.open &gt; .dropdown-menu .form-control'.</msg>
<arg>${TEXT CHAMP DESTINATION}</arg>
<arg>${destination}</arg>
<doc>Types the given ``text`` into the text field identified by ``locator``.</doc>
<status status="PASS" start="2026-08-25T18:50:17.957908" elapsed="0.166919"/>
</kw>
<kw name="Sleep" owner="BuiltIn">
<msg time="2026-08-25T18:50:19.126099" level="INFO">Slept 1 second.</msg>
<arg>1s</arg>
<doc>Pauses the test executed for the given time.</doc>
<status status="PASS" start="2026-08-25T18:50:18.125206" elapsed="1.001124"/>
</kw>
<kw name="Click Element" owner="SeleniumLibrary">
<msg time="2026-08-25T18:50:19.127179" level="INFO">Clicking element 'xpath=(//button[@type='button'])[12]'.</msg>
<arg>${BUTTON CHERCHER}</arg>
<doc>Click the element identified by ``locator``.</doc>
<status status="PASS" start="2026-08-25T18:50:19.126681" elapsed="0.113225"/>
</kw>
<kw name="Sleep" owner="BuiltIn">
<msg time="2026-08-25T18:50:20.241754" level="INFO">Slept 1 second.</msg>
<arg>1s</arg>
<doc>Pauses the test executed for the given time.</doc>
<status status="PASS" start="2026-08-25T18:50:19.240399" elapsed="1.001604"/>
</kw>
<arg>${DESTINATION}</arg>
<status status="PASS" start="2026-08-25T18:50:15.851435" elapsed="4.390791"/>
</kw>
<kw name="Ouvrir l'annonce" owner="commun_US-07">
<kw name="Click Element" owner="SeleniumLibrary">
<msg time="2026-08-25T18:50:20.243644" level="INFO">Clicking element 'xpath=(//div[contains(@class,'half-map-left-wrap')]//a[contains(@href,'/listing/hub-haymarket/')])'.</msg>
<arg>${ANNONCE}</arg>
<doc>Click the element identified by ``locator``.</doc>
<status status="PASS" start="2026-08-25T18:50:20.243186" elapsed="1.591750"/>
</kw>
<kw name="Sleep" owner="BuiltIn">
<msg time="2026-08-25T18:50:22.837047" level="INFO">Slept 1 second.</msg>
<arg>1s</arg>
<doc>Pauses the test executed for the given time.</doc>
<status status="PASS" start="2026-08-25T18:50:21.835473" elapsed="1.001813"/>
</kw>
<status status="PASS" start="2026-08-25T18:50:20.242619" elapsed="2.594883"/>
</kw>
<kw name="Choisir des dates disponibles aléatoires" owner="commun_US-07">
<kw name="Click Element" owner="SeleniumLibrary">
<msg time="2026-08-25T18:50:22.839633" level="INFO">Clicking element 'css=input[name="arrive"]'.</msg>
<arg>${CHAMP DATE DEBUT}</arg>
<doc>Click the element identified by ``locator``.</doc>
<status status="PASS" start="2026-08-25T18:50:22.839097" elapsed="0.121765"/>
</kw>
<kw name="Récupérer les dates futures disponibles" owner="commun_US-07">
<kw name="Wait Until Element Is Visible" owner="SeleniumLibrary">
<arg>${CALENDRIER}</arg>
<arg>10s</arg>
<doc>Waits until the element ``locator`` is visible.</doc>
<status status="PASS" start="2026-08-25T18:50:22.962519" elapsed="0.035802"/>
</kw>
<kw name="Execute Javascript" owner="SeleniumLibrary">
<msg time="2026-08-25T18:50:23.000165" level="INFO">Executing JavaScript:
return Array.from(document.querySelectorAll('#single-booking-search-calendar .single-listing-calendar-wrap:not([style*="display:none"]) li.day-available.future-day')).map(el =&gt; Number(el.dataset.timestamp));
Without any arguments.</msg>
<msg time="2026-08-25T18:50:23.017928" level="INFO">${timestamps} = [1787702400, 1787875200, 1788307200, 1788393600, 1788480000, 1788566400, 1788912000, 1789084800, 1789257600, 1789430400, 1789516800, 1789689600, 1789862400, 1789948800, 1790121600, 1790208000, 1790294...</msg>
<var>${timestamps}</var>
<arg>return Array.from(document.querySelectorAll('#single-booking-search-calendar .single-listing-calendar-wrap:not([style*="display:none"]) li.day-available.future-day')).map(el =&gt; Number(el.dataset.timestamp));</arg>
<doc>Executes the given JavaScript code with possible arguments.</doc>
<status status="PASS" start="2026-08-25T18:50:22.998875" elapsed="0.019154"/>
</kw>
<kw name="Evaluate" owner="BuiltIn">
<msg time="2026-08-25T18:50:23.020187" level="INFO">${paires} = [(1788307200, 1788393600), (1788393600, 1788480000), (1788480000, 1788566400), (1789430400, 1789516800), (1789862400, 1789948800), (1790121600, 1790208000), (1790208000, 1790294400), (1790294400, 1790...</msg>
<var>${paires}</var>
<arg>[(date, date + 86400) for date in $timestamps if date + 86400 in $timestamps]</arg>
<doc>Evaluates the given expression in Python and returns the result.</doc>
<status status="PASS" start="2026-08-25T18:50:23.018525" elapsed="0.001791"/>
</kw>
<return>
<value>${paires}</value>
<status status="PASS" start="2026-08-25T18:50:23.020623" elapsed="0.000239"/>
</return>
<msg time="2026-08-25T18:50:23.021789" level="INFO">${paires} = [(1788307200, 1788393600), (1788393600, 1788480000), (1788480000, 1788566400), (1789430400, 1789516800), (1789862400, 1789948800), (1790121600, 1790208000), (1790208000, 1790294400), (1790294400, 1790...</msg>
<var>${paires}</var>
<status status="PASS" start="2026-08-25T18:50:22.961575" elapsed="0.060498"/>
</kw>
<kw name="Get Length" owner="BuiltIn">
<msg time="2026-08-25T18:50:23.024380" level="INFO">Length is 20.</msg>
<msg time="2026-08-25T18:50:23.024675" level="INFO">${nombre_paires} = 20</msg>
<var>${nombre_paires}</var>
<arg>${paires}</arg>
<doc>Returns and logs the length of the given item as an integer.</doc>
<status status="PASS" start="2026-08-25T18:50:23.022910" elapsed="0.001837"/>
</kw>
<if>
<branch type="IF" condition="${nombre_paires} == 0">
<kw name="Click Button" owner="SeleniumLibrary">
<arg>${BUTTON NEXT MONTH}</arg>
<doc>Clicks the button identified by ``locator``.</doc>
<status status="NOT RUN" start="2026-08-25T18:50:23.025572" elapsed="0.000074"/>
</kw>
<kw name="Récupérer les dates futures disponibles" owner="commun_US-07">
<var>${paires}</var>
<status status="NOT RUN" start="2026-08-25T18:50:23.026232" elapsed="0.000098"/>
</kw>
<kw name="Get Length" owner="BuiltIn">
<var>${nombre_paires}</var>
<arg>${paires}</arg>
<doc>Returns and logs the length of the given item as an integer.</doc>
<status status="NOT RUN" start="2026-08-25T18:50:23.026573" elapsed="0.000066"/>
</kw>
<kw name="Should Be True" owner="BuiltIn">
<arg>${nombre_paires} &gt; 0</arg>
<arg>Aucune période de deux jours consécutifs disponible.</arg>
<doc>Fails if the given condition is not true.</doc>
<status status="NOT RUN" start="2026-08-25T18:50:23.026864" elapsed="0.000063"/>
</kw>
<status status="NOT RUN" start="2026-08-25T18:50:23.025023" elapsed="0.002008"/>
</branch>
<branch type="ELSE IF" condition="${nombre_paires} &gt; 0">
<kw name="Should Be True" owner="BuiltIn">
<arg>${nombre_paires} &gt; 0</arg>
<arg>Aucune période de deux jours consécutifs disponible.</arg>
<doc>Fails if the given condition is not true.</doc>
<status status="PASS" start="2026-08-25T18:50:23.027927" elapsed="0.001190"/>
</kw>
<status status="PASS" start="2026-08-25T18:50:23.027151" elapsed="0.002195"/>
</branch>
<status status="PASS" start="2026-08-25T18:50:23.024949" elapsed="0.004622"/>
</if>
<kw name="Should Be True" owner="BuiltIn">
<arg>${nombre_paires} &gt; 0</arg>
<arg>Aucune période de deux jours consécutifs disponible.</arg>
<doc>Fails if the given condition is not true.</doc>
<status status="PASS" start="2026-08-25T18:50:23.030057" elapsed="0.001288"/>
</kw>
<kw name="Evaluate" owner="BuiltIn">
<msg time="2026-08-25T18:50:23.033235" level="INFO">${paire} = (1790121600, 1790208000)</msg>
<var>${paire}</var>
<arg>random.choice($paires)</arg>
<arg>modules=random</arg>
<doc>Evaluates the given expression in Python and returns the result.</doc>
<status status="PASS" start="2026-08-25T18:50:23.031825" elapsed="0.001535"/>
</kw>
<kw name="Set Variable" owner="BuiltIn">
<msg time="2026-08-25T18:50:23.035041" level="INFO">${date_debut} = 1790121600</msg>
<var>${date_debut}</var>
<arg>${paire}[0]</arg>
<doc>Returns the given values which can then be assigned to a variables.</doc>
<status status="PASS" start="2026-08-25T18:50:23.033794" elapsed="0.001379"/>
</kw>
<kw name="Set Variable" owner="BuiltIn">
<msg time="2026-08-25T18:50:23.036283" level="INFO">${date_fin} = 1790208000</msg>
<var>${date_fin}</var>
<arg>${paire}[1]</arg>
<doc>Returns the given values which can then be assigned to a variables.</doc>
<status status="PASS" start="2026-08-25T18:50:23.035536" elapsed="0.000821"/>
</kw>
<kw name="Click Element" owner="SeleniumLibrary">
<msg time="2026-08-25T18:50:23.037282" level="INFO">Clicking element 'xpath=//div[@id='single-booking-search-calendar']//li[@data-timestamp='1790121600' and contains(@class,'day-available')]'.</msg>
<arg>xpath=//div[@id='single-booking-search-calendar']//li[@data-timestamp='${date_debut}' and contains(@class,'day-available')]</arg>
<doc>Click the element identified by ``locator``.</doc>
<status status="PASS" start="2026-08-25T18:50:23.036724" elapsed="0.109444"/>
</kw>
<kw name="Click Element" owner="SeleniumLibrary">
<msg time="2026-08-25T18:50:23.147098" level="INFO">Clicking element 'xpath=//div[@id='single-booking-search-calendar']//li[@data-timestamp='1790208000' and contains(@class,'day-available')]'.</msg>
<arg>xpath=//div[@id='single-booking-search-calendar']//li[@data-timestamp='${date_fin}' and contains(@class,'day-available')]</arg>
<doc>Click the element identified by ``locator``.</doc>
<status status="PASS" start="2026-08-25T18:50:23.146547" elapsed="0.107945"/>
</kw>
<status status="PASS" start="2026-08-25T18:50:22.838198" elapsed="0.416518"/>
</kw>
<kw name="Choisir le nombre de voyageurs" owner="commun_US-07">
<kw name="Evaluate" owner="BuiltIn">
<msg time="2026-08-25T18:50:23.256851" level="INFO">${nombre_voyageurs} = 2</msg>
<var>${nombre_voyageurs}</var>
<arg>random.randint(1, 2)</arg>
<arg>modules=random</arg>
<doc>Evaluates the given expression in Python and returns the result.</doc>
<status status="PASS" start="2026-08-25T18:50:23.255736" elapsed="0.001243"/>
</kw>
<kw name="Click Element" owner="SeleniumLibrary">
<msg time="2026-08-25T18:50:23.258213" level="INFO">Clicking element 'css=input[name="guests"]'.</msg>
<arg>${CHAMP VOYAGEURS}</arg>
<doc>Click the element identified by ``locator``.</doc>
<status status="PASS" start="2026-08-25T18:50:23.257474" elapsed="0.088448"/>
</kw>
<kw name="Wait Until Element Is Visible" owner="SeleniumLibrary">
<arg>${BUTTON AJOUTER ADULTE}</arg>
<arg>10s</arg>
<doc>Waits until the element ``locator`` is visible.</doc>
<status status="PASS" start="2026-08-25T18:50:23.346298" elapsed="0.030706"/>
</kw>
<for flavor="IN RANGE">
<iter>
<kw name="Click Button" owner="SeleniumLibrary">
<msg time="2026-08-25T18:50:23.378705" level="INFO">Clicking button 'css=.adult_plus'.</msg>
<arg>${BUTTON AJOUTER ADULTE}</arg>
<doc>Clicks the button identified by ``locator``.</doc>
<status status="PASS" start="2026-08-25T18:50:23.378043" elapsed="0.122212"/>
</kw>
<var name="${index}">0</var>
<status status="PASS" start="2026-08-25T18:50:23.377725" elapsed="0.122728"/>
</iter>
<iter>
<kw name="Click Button" owner="SeleniumLibrary">
<msg time="2026-08-25T18:50:23.502312" level="INFO">Clicking button 'css=.adult_plus'.</msg>
<arg>${BUTTON AJOUTER ADULTE}</arg>
<doc>Clicks the button identified by ``locator``.</doc>
<status status="PASS" start="2026-08-25T18:50:23.501368" elapsed="0.114176"/>
</kw>
<var name="${index}">1</var>
<status status="PASS" start="2026-08-25T18:50:23.500864" elapsed="0.114932"/>
</iter>
<var>${index}</var>
<value>${nombre_voyageurs}</value>
<status status="PASS" start="2026-08-25T18:50:23.377252" elapsed="0.238769"/>
</for>
<kw name="Click Button" owner="SeleniumLibrary">
<msg time="2026-08-25T18:50:23.617022" level="INFO">Clicking button 'css=.apply_guests'.</msg>
<arg>${BUTTON APPLIQUER VOYAGEURS}</arg>
<doc>Clicks the button identified by ``locator``.</doc>
<status status="PASS" start="2026-08-25T18:50:23.616507" elapsed="0.120580"/>
</kw>
<status status="PASS" start="2026-08-25T18:50:23.255166" elapsed="0.482146"/>
</kw>
<kw name="Click Button" owner="SeleniumLibrary">
<msg time="2026-08-25T18:50:23.738258" level="INFO">Clicking button 'id=request_for_reservation'.</msg>
<arg>${BUTTON DEMANDE RESERVATION}</arg>
<doc>Clicks the button identified by ``locator``.</doc>
<status status="PASS" start="2026-08-25T18:50:23.737667" elapsed="0.096248"/>
</kw>
<kw name="Wait Until Element Is Visible" owner="SeleniumLibrary">
<arg>${DEMANDE NON ENVOYEE}</arg>
<arg>10s</arg>
<doc>Waits until the element ``locator`` is visible.</doc>
<status status="PASS" start="2026-08-25T18:50:23.834488" elapsed="2.978825"/>
</kw>
<status status="PASS" start="2026-08-25T18:49:55.607968" elapsed="31.205588"/>
</kw>
<kw name="Fermer l'application" owner="commun_US-07" type="TEARDOWN">
<kw name="Close Browser" owner="SeleniumLibrary">
<doc>Closes the current browser.</doc>
<status status="PASS" start="2026-08-25T18:50:26.815718" elapsed="3.742982"/>
</kw>
<status status="PASS" start="2026-08-25T18:50:26.814643" elapsed="3.744305"/>
</kw>
<doc>Vérifier qu'un voyageur non connecté ne peut pas envoyer une demande de réservation pour une annonce.</doc>
<tag>PP-12</tag>
<tag>US-07</tag>
<status status="PASS" start="2026-08-25T18:49:55.604303" elapsed="34.955153"/>
</test>
<status status="PASS" start="2026-08-25T18:49:54.645803" elapsed="35.916190"/>
</suite>
<suite id="s1-s2" name="2 Validation Date Fin" source="E:\TestAcademy\QA-test-academi\PFF\auto_test\IHM\US-07\2_validation_date_fin.robot">
<test id="s1-s2-t1" name="Tester la date de fin égale à la date de début" line="55">
<kw name="Préparer le test" owner="commun_US-07" type="SETUP">
<kw name="Ouvrir le navigateur et accéder à l'application" owner="commun_US-07">
<kw name="Fermer les navigateurs restants" owner="commun_US-07">
<kw name="Run Keyword And Ignore Error" owner="BuiltIn">
<kw name="Close All Browsers" owner="SeleniumLibrary">
<doc>Closes all open browsers and resets the browser cache.</doc>
<status status="PASS" start="2026-08-25T18:50:30.596548" elapsed="0.000508"/>
</kw>
<arg>Close All Browsers</arg>
<doc>Runs the given keyword with the given arguments and ignores possible error.</doc>
<status status="PASS" start="2026-08-25T18:50:30.595254" elapsed="0.002050"/>
</kw>
<status status="PASS" start="2026-08-25T18:50:30.594245" elapsed="0.003325"/>
</kw>
<kw name="Wait Until Keyword Succeeds" owner="BuiltIn">
<kw name="Ouvrir App" owner="commun_US-07">
<kw name="Open Browser" owner="SeleniumLibrary">
<msg time="2026-08-25T18:50:30.601392" level="INFO">Opening browser 'Firefox' to base url 'http://livraison3.testacademy.fr/'.</msg>
<arg>${URL}</arg>
<arg>${NAVIGATEUR}</arg>
<doc>Opens a new browser instance to the optional ``url``.</doc>
<status status="PASS" start="2026-08-25T18:50:30.600562" elapsed="13.671396"/>
</kw>
<kw name="Maximize Browser Window" owner="SeleniumLibrary">
<doc>Maximizes current browser window.</doc>
<status status="PASS" start="2026-08-25T18:50:44.272573" elapsed="0.691861"/>
</kw>
<status status="PASS" start="2026-08-25T18:50:30.599604" elapsed="14.365130"/>
</kw>
<arg>2x</arg>
<arg>3s</arg>
<arg>Ouvrir App</arg>
<doc>Runs the specified keyword and retries if it fails.</doc>
<status status="PASS" start="2026-08-25T18:50:30.598050" elapsed="14.366905"/>
</kw>
<kw name="Wait Until Page Contains Element" owner="SeleniumLibrary">
<arg>tag=body</arg>
<arg>15s</arg>
<doc>Waits until the element ``locator`` appears on the current page.</doc>
<status status="PASS" start="2026-08-25T18:50:44.965462" elapsed="0.072209"/>
</kw>
<status status="PASS" start="2026-08-25T18:50:30.593170" elapsed="14.444862"/>
</kw>
<kw name="Se connecter" owner="commun_US-07">
<kw name="Click Element" owner="SeleniumLibrary">
<msg time="2026-08-25T18:50:45.040781" level="INFO">Clicking element 'xpath=//a[contains(text(),'Se connecter')]'.</msg>
<arg>${LIEN SE CONNECTER}</arg>
<doc>Click the element identified by ``locator``.</doc>
<status status="PASS" start="2026-08-25T18:50:45.039937" elapsed="0.301499"/>
</kw>
<kw name="Wait Until Element Is Visible" owner="SeleniumLibrary">
<arg>${CHAMP NOM UTILISATEUR}</arg>
<doc>Waits until the element ``locator`` is visible.</doc>
<status status="PASS" start="2026-08-25T18:50:45.341879" elapsed="0.115512"/>
</kw>
<kw name="Clear Element Text" owner="SeleniumLibrary">
<arg>${CHAMP NOM UTILISATEUR}</arg>
<doc>Clears the value of the text-input-element identified by ``locator``.</doc>
<status status="PASS" start="2026-08-25T18:50:45.457780" elapsed="0.073519"/>
</kw>
<kw name="Clear Element Text" owner="SeleniumLibrary">
<arg>${CHAMP MOT DE PASSE}</arg>
<doc>Clears the value of the text-input-element identified by ``locator``.</doc>
<status status="PASS" start="2026-08-25T18:50:45.531836" elapsed="0.141984"/>
</kw>
<kw name="Input Text" owner="SeleniumLibrary">
<msg time="2026-08-25T18:50:45.675449" level="INFO">Typing text 'robot' into text field 'name=username'.</msg>
<arg>${CHAMP NOM UTILISATEUR}</arg>
<arg>${user}</arg>
<doc>Types the given ``text`` into the text field identified by ``locator``.</doc>
<status status="PASS" start="2026-08-25T18:50:45.674437" elapsed="0.103500"/>
</kw>
<kw name="Input Text" owner="SeleniumLibrary">
<msg time="2026-08-25T18:50:45.779670" level="INFO">Typing text 'robot' into text field 'name=password'.</msg>
<arg>${CHAMP MOT DE PASSE}</arg>
<arg>${pass}</arg>
<doc>Types the given ``text`` into the text field identified by ``locator``.</doc>
<status status="PASS" start="2026-08-25T18:50:45.778567" elapsed="0.137897"/>
</kw>
<kw name="Click Button" owner="SeleniumLibrary">
<msg time="2026-08-25T18:50:45.917695" level="INFO">Clicking button 'css=.homey_login_button'.</msg>
<arg>${BOUTON VALIDER}</arg>
<doc>Clicks the button identified by ``locator``.</doc>
<status status="PASS" start="2026-08-25T18:50:45.916877" elapsed="0.370824"/>
</kw>
<kw name="Title Should Be" owner="SeleniumLibrary">
<msg time="2026-08-25T18:50:46.297142" level="INFO">Page title is 'Accueil - Livraison 3'.</msg>
<arg>${TITRE TABLEAU DE BORD VOYAGEUR}</arg>
<doc>Verifies that the current page title equals ``title``.</doc>
<status status="PASS" start="2026-08-25T18:50:46.288106" elapsed="0.009277"/>
</kw>
<kw name="Wait Until Element Is Not Visible" owner="SeleniumLibrary">
<arg>${MODAL LOGIN}</arg>
<arg>10s</arg>
<doc>Waits until the element ``locator`` is not visible.</doc>
<status status="PASS" start="2026-08-25T18:50:46.297823" elapsed="1.134736"/>
</kw>
<kw name="Wait Until Page Contains Element" owner="SeleniumLibrary">
<arg>${BUTTON ACCUEIL}</arg>
<arg>10s</arg>
<doc>Waits until the element ``locator`` appears on the current page.</doc>
<status status="PASS" start="2026-08-25T18:50:47.432948" elapsed="0.006864"/>
</kw>
<arg>${UTILISATEUR VALIDE}</arg>
<arg>${MOT DE PASSE VALIDE}</arg>
<status status="PASS" start="2026-08-25T18:50:45.038620" elapsed="2.401580"/>
</kw>
<kw name="Retourner sur la page d'accueil" owner="commun_US-07">
<kw name="Wait Until Element Is Visible" owner="SeleniumLibrary">
<arg>${BUTTON ACCUEIL}</arg>
<arg>10s</arg>
<doc>Waits until the element ``locator`` is visible.</doc>
<status status="PASS" start="2026-08-25T18:50:47.441367" elapsed="0.078641"/>
</kw>
<kw name="Click Element" owner="SeleniumLibrary">
<msg time="2026-08-25T18:50:47.521273" level="INFO">Clicking element 'xpath=//li[@id='menu-item-4630']/a'.</msg>
<arg>${BUTTON ACCUEIL}</arg>
<doc>Click the element identified by ``locator``.</doc>
<status status="PASS" start="2026-08-25T18:50:47.520581" elapsed="1.368656"/>
</kw>
<kw name="Wait Until Page Contains" owner="SeleniumLibrary">
<arg>${TITRE ACCUEIL}</arg>
<arg>10s</arg>
<doc>Waits until ``text`` appears on the current page.</doc>
<status status="PASS" start="2026-08-25T18:50:48.889660" elapsed="0.030955"/>
</kw>
<status status="PASS" start="2026-08-25T18:50:47.440762" elapsed="1.480155"/>
</kw>
<kw name="Trouver l'annonce" owner="commun_US-07">
<kw name="Wait Until Element Is Visible" owner="SeleniumLibrary">
<arg>${BUTTON CHERCHER ANNONCE}</arg>
<doc>Waits until the element ``locator`` is visible.</doc>
<status status="PASS" start="2026-08-25T18:50:48.922769" elapsed="0.047049"/>
</kw>
<kw name="Run Keyword And Ignore Error" owner="BuiltIn">
<kw name="Wait Until Element Is Not Visible" owner="SeleniumLibrary">
<arg>id=homey-map-loading</arg>
<arg>20s</arg>
<doc>Waits until the element ``locator`` is not visible.</doc>
<status status="PASS" start="2026-08-25T18:50:48.971202" elapsed="0.006613"/>
</kw>
<arg>Wait Until Element Is Not Visible</arg>
<arg>id=homey-map-loading</arg>
<arg>20s</arg>
<doc>Runs the given keyword with the given arguments and ignores possible error.</doc>
<status status="PASS" start="2026-08-25T18:50:48.970297" elapsed="0.007746"/>
</kw>
<kw name="Click Element" owner="SeleniumLibrary">
<msg time="2026-08-25T18:50:48.978940" level="INFO">Clicking element 'css=.search-button &gt; .btn-primary:nth-child(1)'.</msg>
<arg>${BUTTON CHERCHER ANNONCE}</arg>
<doc>Click the element identified by ``locator``.</doc>
<status status="PASS" start="2026-08-25T18:50:48.978373" elapsed="1.637497"/>
</kw>
<kw name="Click Element" owner="SeleniumLibrary">
<msg time="2026-08-25T18:50:50.617369" level="INFO">Clicking element 'xpath=//span[contains(.,'Destination')]'.</msg>
<arg>${BAR DESTINATION}</arg>
<doc>Click the element identified by ``locator``.</doc>
<status status="PASS" start="2026-08-25T18:50:50.616530" elapsed="0.234651"/>
</kw>
<kw name="Input Text" owner="SeleniumLibrary">
<msg time="2026-08-25T18:50:50.852608" level="INFO">Typing text 'Miami' into text field 'css=.open &gt; .dropdown-menu .form-control'.</msg>
<arg>${TEXT CHAMP DESTINATION}</arg>
<arg>${destination}</arg>
<doc>Types the given ``text`` into the text field identified by ``locator``.</doc>
<status status="PASS" start="2026-08-25T18:50:50.851761" elapsed="0.163836"/>
</kw>
<kw name="Sleep" owner="BuiltIn">
<msg time="2026-08-25T18:50:52.017759" level="INFO">Slept 1 second.</msg>
<arg>1s</arg>
<doc>Pauses the test executed for the given time.</doc>
<status status="PASS" start="2026-08-25T18:50:51.016138" elapsed="1.001884"/>
</kw>
<kw name="Click Element" owner="SeleniumLibrary">
<msg time="2026-08-25T18:50:52.018875" level="INFO">Clicking element 'xpath=(//button[@type='button'])[12]'.</msg>
<arg>${BUTTON CHERCHER}</arg>
<doc>Click the element identified by ``locator``.</doc>
<status status="PASS" start="2026-08-25T18:50:52.018399" elapsed="0.130524"/>
</kw>
<kw name="Sleep" owner="BuiltIn">
<msg time="2026-08-25T18:50:53.150967" level="INFO">Slept 1 second.</msg>
<arg>1s</arg>
<doc>Pauses the test executed for the given time.</doc>
<status status="PASS" start="2026-08-25T18:50:52.149425" elapsed="1.001831"/>
</kw>
<arg>${DESTINATION}</arg>
<status status="PASS" start="2026-08-25T18:50:48.921390" elapsed="4.230136"/>
</kw>
<kw name="Ouvrir l'annonce" owner="commun_US-07">
<kw name="Click Element" owner="SeleniumLibrary">
<msg time="2026-08-25T18:50:53.153311" level="INFO">Clicking element 'xpath=(//div[contains(@class,'half-map-left-wrap')]//a[contains(@href,'/listing/hub-haymarket/')])'.</msg>
<arg>${ANNONCE}</arg>
<doc>Click the element identified by ``locator``.</doc>
<status status="PASS" start="2026-08-25T18:50:53.152834" elapsed="1.440493"/>
</kw>
<kw name="Sleep" owner="BuiltIn">
<msg time="2026-08-25T18:50:55.595673" level="INFO">Slept 1 second.</msg>
<arg>1s</arg>
<doc>Pauses the test executed for the given time.</doc>
<status status="PASS" start="2026-08-25T18:50:54.593901" elapsed="1.001996"/>
</kw>
<status status="PASS" start="2026-08-25T18:50:53.151900" elapsed="2.444214"/>
</kw>
<status status="PASS" start="2026-08-25T18:50:30.591935" elapsed="25.004310"/>
</kw>
<kw name="Vérifier une date de fin invalide">
<kw name="Click Element" owner="SeleniumLibrary">
<msg time="2026-08-25T18:50:55.598850" level="INFO">Clicking element 'css=input[name="arrive"]'.</msg>
<arg>${CHAMP DATE DEBUT}</arg>
<doc>Click the element identified by ``locator``.</doc>
<status status="PASS" start="2026-08-25T18:50:55.598390" elapsed="0.117468"/>
</kw>
<kw name="Wait Until Element Is Visible" owner="SeleniumLibrary">
<arg>${CALENDRIER}</arg>
<arg>10s</arg>
<doc>Waits until the element ``locator`` is visible.</doc>
<status status="PASS" start="2026-08-25T18:50:55.716258" elapsed="0.036753"/>
</kw>
<kw name="Execute Javascript" owner="SeleniumLibrary">
<msg time="2026-08-25T18:50:55.754473" level="INFO">Executing JavaScript:
return Array.from(document.querySelectorAll('#single-booking-search-calendar .single-listing-calendar-wrap:not([style*="display:none"]) li.day-available.future-day')).map(el =&gt; Number(el.dataset.timestamp));
Without any arguments.</msg>
<msg time="2026-08-25T18:50:55.771064" level="INFO">${timestamps} = [1787702400, 1787875200, 1788307200, 1788393600, 1788480000, 1788566400, 1788912000, 1789084800, 1789257600, 1789430400, 1789516800, 1789689600, 1789862400, 1789948800, 1790121600, 1790208000, 1790294...</msg>
<var>${timestamps}</var>
<arg>return Array.from(document.querySelectorAll('#single-booking-search-calendar .single-listing-calendar-wrap:not([style*="display:none"]) li.day-available.future-day')).map(el =&gt; Number(el.dataset.timestamp));</arg>
<doc>Executes the given JavaScript code with possible arguments.</doc>
<status status="PASS" start="2026-08-25T18:50:55.753585" elapsed="0.017578"/>
</kw>
<kw name="Evaluate" owner="BuiltIn">
<msg time="2026-08-25T18:50:55.774026" level="INFO">${paires} = [(1788307200, 1788393600), (1788393600, 1788480000), (1788480000, 1788566400), (1789430400, 1789516800), (1789862400, 1789948800), (1790121600, 1790208000), (1790208000, 1790294400), (1790294400, 1790...</msg>
<var>${paires}</var>
<arg>[(date, date + 86400) for date in $timestamps if date + 86400 in $timestamps]</arg>
<doc>Evaluates the given expression in Python and returns the result.</doc>
<status status="PASS" start="2026-08-25T18:50:55.771562" elapsed="0.002615"/>
</kw>
<kw name="Get Length" owner="BuiltIn">
<msg time="2026-08-25T18:50:55.775816" level="INFO">Length is 20.</msg>
<msg time="2026-08-25T18:50:55.776160" level="INFO">${nombre_paires} = 20</msg>
<var>${nombre_paires}</var>
<arg>${paires}</arg>
<doc>Returns and logs the length of the given item as an integer.</doc>
<status status="PASS" start="2026-08-25T18:50:55.774683" elapsed="0.001581"/>
</kw>
<kw name="Should Be True" owner="BuiltIn">
<arg>${nombre_paires} &gt; 0</arg>
<arg>Aucune période de deux jours consécutifs disponible.</arg>
<doc>Fails if the given condition is not true.</doc>
<status status="PASS" start="2026-08-25T18:50:55.777315" elapsed="0.001394"/>
</kw>
<kw name="Evaluate" owner="BuiltIn">
<msg time="2026-08-25T18:50:55.780344" level="INFO">${paire} = (1788307200, 1788393600)</msg>
<var>${paire}</var>
<arg>random.choice($paires)</arg>
<arg>modules=random</arg>
<doc>Evaluates the given expression in Python and returns the result.</doc>
<status status="PASS" start="2026-08-25T18:50:55.779110" elapsed="0.001363"/>
</kw>
<if>
<branch type="IF" condition="'${type}' == 'egale'">
<kw name="Set Variable" owner="BuiltIn">
<msg time="2026-08-25T18:50:55.782763" level="INFO">${date_debut} = 1788307200</msg>
<var>${date_debut}</var>
<arg>${paire}[0]</arg>
<doc>Returns the given values which can then be assigned to a variables.</doc>
<status status="PASS" start="2026-08-25T18:50:55.781536" elapsed="0.001336"/>
</kw>
<kw name="Set Variable" owner="BuiltIn">
<msg time="2026-08-25T18:50:55.784363" level="INFO">${date_fin} = 1788307200</msg>
<var>${date_fin}</var>
<arg>${paire}[0]</arg>
<doc>Returns the given values which can then be assigned to a variables.</doc>
<status status="PASS" start="2026-08-25T18:50:55.783225" elapsed="0.001269"/>
</kw>
<status status="PASS" start="2026-08-25T18:50:55.780866" elapsed="0.003846"/>
</branch>
<branch type="ELSE IF" condition="'${type}' == 'inferieure'">
<kw name="Set Variable" owner="BuiltIn">
<var>${date_debut}</var>
<arg>${paire}[1]</arg>
<doc>Returns the given values which can then be assigned to a variables.</doc>
<status status="NOT RUN" start="2026-08-25T18:50:55.785317" elapsed="0.000106"/>
</kw>
<kw name="Set Variable" owner="BuiltIn">
<var>${date_fin}</var>
<arg>${paire}[0]</arg>
<doc>Returns the given values which can then be assigned to a variables.</doc>
<status status="NOT RUN" start="2026-08-25T18:50:55.785787" elapsed="0.000094"/>
</kw>
<status status="NOT RUN" start="2026-08-25T18:50:55.784877" elapsed="0.001297"/>
</branch>
<branch type="ELSE">
<kw name="Fail" owner="BuiltIn">
<arg>Type de scénario inconnu : ${type}</arg>
<doc>Fails the test with the given message and optionally alters its tags.</doc>
<status status="NOT RUN" start="2026-08-25T18:50:55.786679" elapsed="0.000111"/>
</kw>
<status status="NOT RUN" start="2026-08-25T18:50:55.786339" elapsed="0.000592"/>
</branch>
<status status="PASS" start="2026-08-25T18:50:55.780787" elapsed="0.006281"/>
</if>
<kw name="Click Element" owner="SeleniumLibrary">
<msg time="2026-08-25T18:50:55.789280" level="INFO">Clicking element 'xpath=//div[@id='single-booking-search-calendar']//li[@data-timestamp='1788307200' and contains(@class,'day-available')]'.</msg>
<arg>xpath=//div[@id='single-booking-search-calendar']//li[@data-timestamp='${date_debut}' and contains(@class,'day-available')]</arg>
<doc>Click the element identified by ``locator``.</doc>
<status status="PASS" start="2026-08-25T18:50:55.787356" elapsed="0.126412"/>
</kw>
<kw name="Click Element" owner="SeleniumLibrary">
<msg time="2026-08-25T18:50:55.914847" level="INFO">Clicking element 'xpath=//div[@id='single-booking-search-calendar']//li[@data-timestamp='1788307200' and contains(@class,'day-available')]'.</msg>
<arg>xpath=//div[@id='single-booking-search-calendar']//li[@data-timestamp='${date_fin}' and contains(@class,'day-available')]</arg>
<doc>Click the element identified by ``locator``.</doc>
<status status="PASS" start="2026-08-25T18:50:55.914148" elapsed="0.105861"/>
</kw>
<kw name="Wait Until Element Is Visible" owner="SeleniumLibrary">
<arg>${ERREUR}</arg>
<arg>10s</arg>
<doc>Waits until the element ``locator`` is visible.</doc>
<status status="PASS" start="2026-08-25T18:50:56.020376" elapsed="0.436567"/>
</kw>
<kw name="Element Should Contain" owner="SeleniumLibrary">
<msg time="2026-08-25T18:50:56.480529" level="INFO">Element 'css=.block-body-sidebar &gt; .notify' contains text 'La date de départ doit être supérieure à la date d'arrivée'.</msg>
<arg>${ERREUR}</arg>
<arg>${MESSAGE ERREUR}</arg>
<doc>Verifies that element ``locator`` contains text ``expected``.</doc>
<status status="PASS" start="2026-08-25T18:50:56.457355" elapsed="0.023367"/>
</kw>
<arg>egale</arg>
<status status="PASS" start="2026-08-25T18:50:55.597508" elapsed="0.883425"/>
</kw>
<kw name="Sleep" owner="BuiltIn">
<msg time="2026-08-25T18:50:57.483267" level="INFO">Slept 1 second.</msg>
<arg>1s</arg>
<doc>Pauses the test executed for the given time.</doc>
<status status="PASS" start="2026-08-25T18:50:56.481917" elapsed="1.001636"/>
</kw>
<kw name="Vérifier une date de fin invalide">
<kw name="Click Element" owner="SeleniumLibrary">
<msg time="2026-08-25T18:50:57.487792" level="INFO">Clicking element 'css=input[name="arrive"]'.</msg>
<arg>${CHAMP DATE DEBUT}</arg>
<doc>Click the element identified by ``locator``.</doc>
<status status="PASS" start="2026-08-25T18:50:57.486718" elapsed="0.125723"/>
</kw>
<kw name="Wait Until Element Is Visible" owner="SeleniumLibrary">
<arg>${CALENDRIER}</arg>
<arg>10s</arg>
<doc>Waits until the element ``locator`` is visible.</doc>
<status status="PASS" start="2026-08-25T18:50:57.612938" elapsed="0.046653"/>
</kw>
<kw name="Execute Javascript" owner="SeleniumLibrary">
<msg time="2026-08-25T18:50:57.661418" level="INFO">Executing JavaScript:
return Array.from(document.querySelectorAll('#single-booking-search-calendar .single-listing-calendar-wrap:not([style*="display:none"]) li.day-available.future-day')).map(el =&gt; Number(el.dataset.timestamp));
Without any arguments.</msg>
<msg time="2026-08-25T18:50:57.671177" level="INFO">${timestamps} = [1787702400, 1787875200, 1788307200, 1788393600, 1788480000, 1788566400, 1788912000, 1789084800, 1789257600, 1789430400, 1789516800, 1789689600, 1789862400, 1789948800, 1790121600, 1790208000, 1790294...</msg>
<var>${timestamps}</var>
<arg>return Array.from(document.querySelectorAll('#single-booking-search-calendar .single-listing-calendar-wrap:not([style*="display:none"]) li.day-available.future-day')).map(el =&gt; Number(el.dataset.timestamp));</arg>
<doc>Executes the given JavaScript code with possible arguments.</doc>
<status status="PASS" start="2026-08-25T18:50:57.660139" elapsed="0.011138"/>
</kw>
<kw name="Evaluate" owner="BuiltIn">
<msg time="2026-08-25T18:50:57.673254" level="INFO">${paires} = [(1788307200, 1788393600), (1788393600, 1788480000), (1788480000, 1788566400), (1789430400, 1789516800), (1789862400, 1789948800), (1790121600, 1790208000), (1790208000, 1790294400), (1790294400, 1790...</msg>
<var>${paires}</var>
<arg>[(date, date + 86400) for date in $timestamps if date + 86400 in $timestamps]</arg>
<doc>Evaluates the given expression in Python and returns the result.</doc>
<status status="PASS" start="2026-08-25T18:50:57.671747" elapsed="0.001598"/>
</kw>
<kw name="Get Length" owner="BuiltIn">
<msg time="2026-08-25T18:50:57.674290" level="INFO">Length is 20.</msg>
<msg time="2026-08-25T18:50:57.674479" level="INFO">${nombre_paires} = 20</msg>
<var>${nombre_paires}</var>
<arg>${paires}</arg>
<doc>Returns and logs the length of the given item as an integer.</doc>
<status status="PASS" start="2026-08-25T18:50:57.673655" elapsed="0.000886"/>
</kw>
<kw name="Should Be True" owner="BuiltIn">
<arg>${nombre_paires} &gt; 0</arg>
<arg>Aucune période de deux jours consécutifs disponible.</arg>
<doc>Fails if the given condition is not true.</doc>
<status status="PASS" start="2026-08-25T18:50:57.674810" elapsed="0.000796"/>
</kw>
<kw name="Evaluate" owner="BuiltIn">
<msg time="2026-08-25T18:50:57.676782" level="INFO">${paire} = (1788307200, 1788393600)</msg>
<var>${paire}</var>
<arg>random.choice($paires)</arg>
<arg>modules=random</arg>
<doc>Evaluates the given expression in Python and returns the result.</doc>
<status status="PASS" start="2026-08-25T18:50:57.675901" elapsed="0.000956"/>
</kw>
<if>
<branch type="IF" condition="'${type}' == 'egale'">
<kw name="Set Variable" owner="BuiltIn">
<var>${date_debut}</var>
<arg>${paire}[0]</arg>
<doc>Returns the given values which can then be assigned to a variables.</doc>
<status status="NOT RUN" start="2026-08-25T18:50:57.677538" elapsed="0.000070"/>
</kw>
<kw name="Set Variable" owner="BuiltIn">
<var>${date_fin}</var>
<arg>${paire}[0]</arg>
<doc>Returns the given values which can then be assigned to a variables.</doc>
<status status="NOT RUN" start="2026-08-25T18:50:57.677866" elapsed="0.000066"/>
</kw>
<status status="NOT RUN" start="2026-08-25T18:50:57.677074" elapsed="0.000957"/>
</branch>
<branch type="ELSE IF" condition="'${type}' == 'inferieure'">
<kw name="Set Variable" owner="BuiltIn">
<msg time="2026-08-25T18:50:57.679209" level="INFO">${date_debut} = 1788393600</msg>
<var>${date_debut}</var>
<arg>${paire}[1]</arg>
<doc>Returns the given values which can then be assigned to a variables.</doc>
<status status="PASS" start="2026-08-25T18:50:57.678526" elapsed="0.000783"/>
</kw>
<kw name="Set Variable" owner="BuiltIn">
<msg time="2026-08-25T18:50:57.680386" level="INFO">${date_fin} = 1788307200</msg>
<var>${date_fin}</var>
<arg>${paire}[0]</arg>
<doc>Returns the given values which can then be assigned to a variables.</doc>
<status status="PASS" start="2026-08-25T18:50:57.679579" elapsed="0.000885"/>
</kw>
<status status="PASS" start="2026-08-25T18:50:57.678123" elapsed="0.002468"/>
</branch>
<branch type="ELSE">
<kw name="Fail" owner="BuiltIn">
<arg>Type de scénario inconnu : ${type}</arg>
<doc>Fails the test with the given message and optionally alters its tags.</doc>
<status status="NOT RUN" start="2026-08-25T18:50:57.681007" elapsed="0.000083"/>
</kw>
<status status="NOT RUN" start="2026-08-25T18:50:57.680688" elapsed="0.000510"/>
</branch>
<status status="PASS" start="2026-08-25T18:50:57.677028" elapsed="0.004253"/>
</if>
<kw name="Click Element" owner="SeleniumLibrary">
<msg time="2026-08-25T18:50:57.682090" level="INFO">Clicking element 'xpath=//div[@id='single-booking-search-calendar']//li[@data-timestamp='1788393600' and contains(@class,'day-available')]'.</msg>
<arg>xpath=//div[@id='single-booking-search-calendar']//li[@data-timestamp='${date_debut}' and contains(@class,'day-available')]</arg>
<doc>Click the element identified by ``locator``.</doc>
<status status="PASS" start="2026-08-25T18:50:57.681531" elapsed="0.105506"/>
</kw>
<kw name="Click Element" owner="SeleniumLibrary">
<msg time="2026-08-25T18:50:57.788234" level="INFO">Clicking element 'xpath=//div[@id='single-booking-search-calendar']//li[@data-timestamp='1788307200' and contains(@class,'day-available')]'.</msg>
<arg>xpath=//div[@id='single-booking-search-calendar']//li[@data-timestamp='${date_fin}' and contains(@class,'day-available')]</arg>
<doc>Click the element identified by ``locator``.</doc>
<status status="PASS" start="2026-08-25T18:50:57.787514" elapsed="0.105291"/>
</kw>
<kw name="Wait Until Element Is Visible" owner="SeleniumLibrary">
<arg>${ERREUR}</arg>
<arg>10s</arg>
<doc>Waits until the element ``locator`` is visible.</doc>
<status status="PASS" start="2026-08-25T18:50:57.893178" elapsed="0.637202"/>
</kw>
<kw name="Element Should Contain" owner="SeleniumLibrary">
<msg time="2026-08-25T18:50:58.548667" level="INFO">Element 'css=.block-body-sidebar &gt; .notify' contains text 'La date de départ doit être supérieure à la date d'arrivée'.</msg>
<arg>${ERREUR}</arg>
<arg>${MESSAGE ERREUR}</arg>
<doc>Verifies that element ``locator`` contains text ``expected``.</doc>
<status status="PASS" start="2026-08-25T18:50:58.530758" elapsed="0.018104"/>
</kw>
<arg>inferieure</arg>
<status status="PASS" start="2026-08-25T18:50:57.485872" elapsed="1.063202"/>
</kw>
<kw name="Fermer l'application" owner="commun_US-07" type="TEARDOWN">
<kw name="Close Browser" owner="SeleniumLibrary">
<doc>Closes the current browser.</doc>
<status status="PASS" start="2026-08-25T18:50:58.550575" elapsed="3.733167"/>
</kw>
<status status="PASS" start="2026-08-25T18:50:58.549926" elapsed="3.734063"/>
</kw>
<doc>Vérifier qu'il est impossible de sélectionner une date de fin égale ou antérieure à la date de début.</doc>
<tag>PP-14</tag>
<tag>US-07</tag>
<status status="PASS" start="2026-08-25T18:50:30.588034" elapsed="31.696359"/>
</test>
<status status="PASS" start="2026-08-25T18:50:30.565046" elapsed="31.720940"/>
</suite>
<suite id="s1-s3" name="3 validation Nb voyageurs" source="E:\TestAcademy\QA-test-academi\PFF\auto_test\IHM\US-07\3_validation_Nb_voyageurs.robot">
<test id="s1-s3-t1" name="Tester la validation du nombre de voyageurs" line="25">
<kw name="Préparer le test" owner="commun_US-07" type="SETUP">
<kw name="Ouvrir le navigateur et accéder à l'application" owner="commun_US-07">
<kw name="Fermer les navigateurs restants" owner="commun_US-07">
<kw name="Run Keyword And Ignore Error" owner="BuiltIn">
<kw name="Close All Browsers" owner="SeleniumLibrary">
<doc>Closes all open browsers and resets the browser cache.</doc>
<status status="PASS" start="2026-08-25T18:51:02.315785" elapsed="0.000435"/>
</kw>
<arg>Close All Browsers</arg>
<doc>Runs the given keyword with the given arguments and ignores possible error.</doc>
<status status="PASS" start="2026-08-25T18:51:02.314810" elapsed="0.001634"/>
</kw>
<status status="PASS" start="2026-08-25T18:51:02.313967" elapsed="0.002698"/>
</kw>
<kw name="Wait Until Keyword Succeeds" owner="BuiltIn">
<kw name="Ouvrir App" owner="commun_US-07">
<kw name="Open Browser" owner="SeleniumLibrary">
<msg time="2026-08-25T18:51:02.320927" level="INFO">Opening browser 'Firefox' to base url 'http://livraison3.testacademy.fr/'.</msg>
<arg>${URL}</arg>
<arg>${NAVIGATEUR}</arg>
<doc>Opens a new browser instance to the optional ``url``.</doc>
<status status="PASS" start="2026-08-25T18:51:02.319771" elapsed="15.944026"/>
</kw>
<kw name="Maximize Browser Window" owner="SeleniumLibrary">
<doc>Maximizes current browser window.</doc>
<status status="PASS" start="2026-08-25T18:51:18.264277" elapsed="0.694062"/>
</kw>
<status status="PASS" start="2026-08-25T18:51:02.318770" elapsed="16.639816"/>
</kw>
<arg>2x</arg>
<arg>3s</arg>
<arg>Ouvrir App</arg>
<doc>Runs the specified keyword and retries if it fails.</doc>
<status status="PASS" start="2026-08-25T18:51:02.317040" elapsed="16.641676"/>
</kw>
<kw name="Wait Until Page Contains Element" owner="SeleniumLibrary">
<arg>tag=body</arg>
<arg>15s</arg>
<doc>Waits until the element ``locator`` appears on the current page.</doc>
<status status="PASS" start="2026-08-25T18:51:18.959078" elapsed="0.071340"/>
</kw>
<status status="PASS" start="2026-08-25T18:51:02.313081" elapsed="16.717724"/>
</kw>
<kw name="Se connecter" owner="commun_US-07">
<kw name="Click Element" owner="SeleniumLibrary">
<msg time="2026-08-25T18:51:19.033317" level="INFO">Clicking element 'xpath=//a[contains(text(),'Se connecter')]'.</msg>
<arg>${LIEN SE CONNECTER}</arg>
<doc>Click the element identified by ``locator``.</doc>
<status status="PASS" start="2026-08-25T18:51:19.032656" elapsed="0.212690"/>
</kw>
<kw name="Wait Until Element Is Visible" owner="SeleniumLibrary">
<arg>${CHAMP NOM UTILISATEUR}</arg>
<doc>Waits until the element ``locator`` is visible.</doc>
<status status="PASS" start="2026-08-25T18:51:19.246443" elapsed="0.299686"/>
</kw>
<kw name="Clear Element Text" owner="SeleniumLibrary">
<arg>${CHAMP NOM UTILISATEUR}</arg>
<doc>Clears the value of the text-input-element identified by ``locator``.</doc>
<status status="PASS" start="2026-08-25T18:51:19.546690" elapsed="0.046845"/>
</kw>
<kw name="Clear Element Text" owner="SeleniumLibrary">
<arg>${CHAMP MOT DE PASSE}</arg>
<doc>Clears the value of the text-input-element identified by ``locator``.</doc>
<status status="PASS" start="2026-08-25T18:51:19.593924" elapsed="0.072153"/>
</kw>
<kw name="Input Text" owner="SeleniumLibrary">
<msg time="2026-08-25T18:51:19.667463" level="INFO">Typing text 'robot' into text field 'name=username'.</msg>
<arg>${CHAMP NOM UTILISATEUR}</arg>
<arg>${user}</arg>
<doc>Types the given ``text`` into the text field identified by ``locator``.</doc>
<status status="PASS" start="2026-08-25T18:51:19.666580" elapsed="0.052190"/>
</kw>
<kw name="Input Text" owner="SeleniumLibrary">
<msg time="2026-08-25T18:51:19.720053" level="INFO">Typing text 'robot' into text field 'name=password'.</msg>
<arg>${CHAMP MOT DE PASSE}</arg>
<arg>${pass}</arg>
<doc>Types the given ``text`` into the text field identified by ``locator``.</doc>
<status status="PASS" start="2026-08-25T18:51:19.719234" elapsed="0.114790"/>
</kw>
<kw name="Click Button" owner="SeleniumLibrary">
<msg time="2026-08-25T18:51:19.834985" level="INFO">Clicking button 'css=.homey_login_button'.</msg>
<arg>${BOUTON VALIDER}</arg>
<doc>Clicks the button identified by ``locator``.</doc>
<status status="PASS" start="2026-08-25T18:51:19.834420" elapsed="0.249930"/>
</kw>
<kw name="Title Should Be" owner="SeleniumLibrary">
<msg time="2026-08-25T18:51:20.096884" level="INFO">Page title is 'Accueil - Livraison 3'.</msg>
<arg>${TITRE TABLEAU DE BORD VOYAGEUR}</arg>
<doc>Verifies that the current page title equals ``title``.</doc>
<status status="PASS" start="2026-08-25T18:51:20.084922" elapsed="0.012231"/>
</kw>
<kw name="Wait Until Element Is Not Visible" owner="SeleniumLibrary">
<arg>${MODAL LOGIN}</arg>
<arg>10s</arg>
<doc>Waits until the element ``locator`` is not visible.</doc>
<status status="PASS" start="2026-08-25T18:51:20.097730" elapsed="0.997512"/>
</kw>
<kw name="Wait Until Page Contains Element" owner="SeleniumLibrary">
<arg>${BUTTON ACCUEIL}</arg>
<arg>10s</arg>
<doc>Waits until the element ``locator`` appears on the current page.</doc>
<status status="PASS" start="2026-08-25T18:51:21.095836" elapsed="0.388155"/>
</kw>
<arg>${UTILISATEUR VALIDE}</arg>
<arg>${MOT DE PASSE VALIDE}</arg>
<status status="PASS" start="2026-08-25T18:51:19.031438" elapsed="2.453122"/>
</kw>
<kw name="Retourner sur la page d'accueil" owner="commun_US-07">
<kw name="Wait Until Element Is Visible" owner="SeleniumLibrary">
<arg>${BUTTON ACCUEIL}</arg>
<arg>10s</arg>
<doc>Waits until the element ``locator`` is visible.</doc>
<status status="PASS" start="2026-08-25T18:51:21.489018" elapsed="0.223623"/>
</kw>
<kw name="Click Element" owner="SeleniumLibrary">
<msg time="2026-08-25T18:51:21.713908" level="INFO">Clicking element 'xpath=//li[@id='menu-item-4630']/a'.</msg>
<arg>${BUTTON ACCUEIL}</arg>
<doc>Click the element identified by ``locator``.</doc>
<status status="PASS" start="2026-08-25T18:51:21.713174" elapsed="1.544207"/>
</kw>
<kw name="Wait Until Page Contains" owner="SeleniumLibrary">
<arg>${TITRE ACCUEIL}</arg>
<arg>10s</arg>
<doc>Waits until ``text`` appears on the current page.</doc>
<status status="PASS" start="2026-08-25T18:51:23.258012" elapsed="0.050857"/>
</kw>
<status status="PASS" start="2026-08-25T18:51:21.486504" elapsed="1.822931"/>
</kw>
<kw name="Trouver l'annonce" owner="commun_US-07">
<kw name="Wait Until Element Is Visible" owner="SeleniumLibrary">
<arg>${BUTTON CHERCHER ANNONCE}</arg>
<doc>Waits until the element ``locator`` is visible.</doc>
<status status="PASS" start="2026-08-25T18:51:23.311904" elapsed="0.040095"/>
</kw>
<kw name="Run Keyword And Ignore Error" owner="BuiltIn">
<kw name="Wait Until Element Is Not Visible" owner="SeleniumLibrary">
<arg>id=homey-map-loading</arg>
<arg>20s</arg>
<doc>Waits until the element ``locator`` is not visible.</doc>
<status status="PASS" start="2026-08-25T18:51:23.353816" elapsed="0.006733"/>
</kw>
<arg>Wait Until Element Is Not Visible</arg>
<arg>id=homey-map-loading</arg>
<arg>20s</arg>
<doc>Runs the given keyword with the given arguments and ignores possible error.</doc>
<status status="PASS" start="2026-08-25T18:51:23.352677" elapsed="0.008104"/>
</kw>
<kw name="Click Element" owner="SeleniumLibrary">
<msg time="2026-08-25T18:51:23.361668" level="INFO">Clicking element 'css=.search-button &gt; .btn-primary:nth-child(1)'.</msg>
<arg>${BUTTON CHERCHER ANNONCE}</arg>
<doc>Click the element identified by ``locator``.</doc>
<status status="PASS" start="2026-08-25T18:51:23.361141" elapsed="1.938278"/>
</kw>
<kw name="Click Element" owner="SeleniumLibrary">
<msg time="2026-08-25T18:51:25.300896" level="INFO">Clicking element 'xpath=//span[contains(.,'Destination')]'.</msg>
<arg>${BAR DESTINATION}</arg>
<doc>Click the element identified by ``locator``.</doc>
<status status="PASS" start="2026-08-25T18:51:25.299997" elapsed="0.245378"/>
</kw>
<kw name="Input Text" owner="SeleniumLibrary">
<msg time="2026-08-25T18:51:25.546515" level="INFO">Typing text 'Miami' into text field 'css=.open &gt; .dropdown-menu .form-control'.</msg>
<arg>${TEXT CHAMP DESTINATION}</arg>
<arg>${destination}</arg>
<doc>Types the given ``text`` into the text field identified by ``locator``.</doc>
<status status="PASS" start="2026-08-25T18:51:25.545794" elapsed="0.182558"/>
</kw>
<kw name="Sleep" owner="BuiltIn">
<msg time="2026-08-25T18:51:26.734405" level="INFO">Slept 1 second.</msg>
<arg>1s</arg>
<doc>Pauses the test executed for the given time.</doc>
<status status="PASS" start="2026-08-25T18:51:25.728787" elapsed="1.006024"/>
</kw>
<kw name="Click Element" owner="SeleniumLibrary">
<msg time="2026-08-25T18:51:26.736312" level="INFO">Clicking element 'xpath=(//button[@type='button'])[12]'.</msg>
<arg>${BUTTON CHERCHER}</arg>
<doc>Click the element identified by ``locator``.</doc>
<status status="PASS" start="2026-08-25T18:51:26.735469" elapsed="0.195702"/>
</kw>
<kw name="Sleep" owner="BuiltIn">
<msg time="2026-08-25T18:51:27.933540" level="INFO">Slept 1 second.</msg>
<arg>1s</arg>
<doc>Pauses the test executed for the given time.</doc>
<status status="PASS" start="2026-08-25T18:51:26.931750" elapsed="1.002123"/>
</kw>
<arg>${DESTINATION}</arg>
<status status="PASS" start="2026-08-25T18:51:23.310384" elapsed="4.623771"/>
</kw>
<kw name="Ouvrir l'annonce" owner="commun_US-07">
<kw name="Click Element" owner="SeleniumLibrary">
<msg time="2026-08-25T18:51:27.935939" level="INFO">Clicking element 'xpath=(//div[contains(@class,'half-map-left-wrap')]//a[contains(@href,'/listing/hub-haymarket/')])'.</msg>
<arg>${ANNONCE}</arg>
<doc>Click the element identified by ``locator``.</doc>
<status status="PASS" start="2026-08-25T18:51:27.935411" elapsed="1.628018"/>
</kw>
<kw name="Sleep" owner="BuiltIn">
<msg time="2026-08-25T18:51:30.564831" level="INFO">Slept 1 second.</msg>
<arg>1s</arg>
<doc>Pauses the test executed for the given time.</doc>
<status status="PASS" start="2026-08-25T18:51:29.563791" elapsed="1.001309"/>
</kw>
<status status="PASS" start="2026-08-25T18:51:27.934697" elapsed="2.630690"/>
</kw>
<status status="PASS" start="2026-08-25T18:51:02.312097" elapsed="28.253490"/>
</kw>
<kw name="Choisir des dates disponibles aléatoires" owner="commun_US-07">
<kw name="Click Element" owner="SeleniumLibrary">
<msg time="2026-08-25T18:51:30.568966" level="INFO">Clicking element 'css=input[name="arrive"]'.</msg>
<arg>${CHAMP DATE DEBUT}</arg>
<doc>Click the element identified by ``locator``.</doc>
<status status="PASS" start="2026-08-25T18:51:30.568253" elapsed="0.116192"/>
</kw>
<kw name="Récupérer les dates futures disponibles" owner="commun_US-07">
<kw name="Wait Until Element Is Visible" owner="SeleniumLibrary">
<arg>${CALENDRIER}</arg>
<arg>10s</arg>
<doc>Waits until the element ``locator`` is visible.</doc>
<status status="PASS" start="2026-08-25T18:51:30.685556" elapsed="0.031568"/>
</kw>
<kw name="Execute Javascript" owner="SeleniumLibrary">
<msg time="2026-08-25T18:51:30.718919" level="INFO">Executing JavaScript:
return Array.from(document.querySelectorAll('#single-booking-search-calendar .single-listing-calendar-wrap:not([style*="display:none"]) li.day-available.future-day')).map(el =&gt; Number(el.dataset.timestamp));
Without any arguments.</msg>
<msg time="2026-08-25T18:51:30.731807" level="INFO">${timestamps} = [1787702400, 1787875200, 1788307200, 1788393600, 1788480000, 1788566400, 1788912000, 1789084800, 1789257600, 1789430400, 1789516800, 1789689600, 1789862400, 1789948800, 1790121600, 1790208000, 1790294...</msg>
<var>${timestamps}</var>
<arg>return Array.from(document.querySelectorAll('#single-booking-search-calendar .single-listing-calendar-wrap:not([style*="display:none"]) li.day-available.future-day')).map(el =&gt; Number(el.dataset.timestamp));</arg>
<doc>Executes the given JavaScript code with possible arguments.</doc>
<status status="PASS" start="2026-08-25T18:51:30.717675" elapsed="0.014238"/>
</kw>
<kw name="Evaluate" owner="BuiltIn">
<msg time="2026-08-25T18:51:30.733910" level="INFO">${paires} = [(1788307200, 1788393600), (1788393600, 1788480000), (1788480000, 1788566400), (1789430400, 1789516800), (1789862400, 1789948800), (1790121600, 1790208000), (1790208000, 1790294400), (1790294400, 1790...</msg>
<var>${paires}</var>
<arg>[(date, date + 86400) for date in $timestamps if date + 86400 in $timestamps]</arg>
<doc>Evaluates the given expression in Python and returns the result.</doc>
<status status="PASS" start="2026-08-25T18:51:30.732298" elapsed="0.001709"/>
</kw>
<return>
<value>${paires}</value>
<status status="PASS" start="2026-08-25T18:51:30.734185" elapsed="0.000167"/>
</return>
<msg time="2026-08-25T18:51:30.734822" level="INFO">${paires} = [(1788307200, 1788393600), (1788393600, 1788480000), (1788480000, 1788566400), (1789430400, 1789516800), (1789862400, 1789948800), (1790121600, 1790208000), (1790208000, 1790294400), (1790294400, 1790...</msg>
<var>${paires}</var>
<status status="PASS" start="2026-08-25T18:51:30.684959" elapsed="0.049938"/>
</kw>
<kw name="Get Length" owner="BuiltIn">
<msg time="2026-08-25T18:51:30.735840" level="INFO">Length is 20.</msg>
<msg time="2026-08-25T18:51:30.736030" level="INFO">${nombre_paires} = 20</msg>
<var>${nombre_paires}</var>
<arg>${paires}</arg>
<doc>Returns and logs the length of the given item as an integer.</doc>
<status status="PASS" start="2026-08-25T18:51:30.735177" elapsed="0.000920"/>
</kw>
<if>
<branch type="IF" condition="${nombre_paires} == 0">
<kw name="Click Button" owner="SeleniumLibrary">
<arg>${BUTTON NEXT MONTH}</arg>
<doc>Clicks the button identified by ``locator``.</doc>
<status status="NOT RUN" start="2026-08-25T18:51:30.736862" elapsed="0.000073"/>
</kw>
<kw name="Récupérer les dates futures disponibles" owner="commun_US-07">
<var>${paires}</var>
<status status="NOT RUN" start="2026-08-25T18:51:30.737553" elapsed="0.000181"/>
</kw>
<kw name="Get Length" owner="BuiltIn">
<var>${nombre_paires}</var>
<arg>${paires}</arg>
<doc>Returns and logs the length of the given item as an integer.</doc>
<status status="NOT RUN" start="2026-08-25T18:51:30.738154" elapsed="0.000132"/>
</kw>
<kw name="Should Be True" owner="BuiltIn">
<arg>${nombre_paires} &gt; 0</arg>
<arg>Aucune période de deux jours consécutifs disponible.</arg>
<doc>Fails if the given condition is not true.</doc>
<status status="NOT RUN" start="2026-08-25T18:51:30.738709" elapsed="0.000148"/>
</kw>
<status status="NOT RUN" start="2026-08-25T18:51:30.736306" elapsed="0.002671"/>
</branch>
<branch type="ELSE IF" condition="${nombre_paires} &gt; 0">
<kw name="Should Be True" owner="BuiltIn">
<arg>${nombre_paires} &gt; 0</arg>
<arg>Aucune période de deux jours consécutifs disponible.</arg>
<doc>Fails if the given condition is not true.</doc>
<status status="PASS" start="2026-08-25T18:51:30.739665" elapsed="0.000862"/>
</kw>
<status status="PASS" start="2026-08-25T18:51:30.739138" elapsed="0.001548"/>
</branch>
<status status="PASS" start="2026-08-25T18:51:30.736260" elapsed="0.004569"/>
</if>
<kw name="Should Be True" owner="BuiltIn">
<arg>${nombre_paires} &gt; 0</arg>
<arg>Aucune période de deux jours consécutifs disponible.</arg>
<doc>Fails if the given condition is not true.</doc>
<status status="PASS" start="2026-08-25T18:51:30.741119" elapsed="0.001148"/>
</kw>
<kw name="Evaluate" owner="BuiltIn">
<msg time="2026-08-25T18:51:30.743664" level="INFO">${paire} = (1789862400, 1789948800)</msg>
<var>${paire}</var>
<arg>random.choice($paires)</arg>
<arg>modules=random</arg>
<doc>Evaluates the given expression in Python and returns the result.</doc>
<status status="PASS" start="2026-08-25T18:51:30.742629" elapsed="0.001118"/>
</kw>
<kw name="Set Variable" owner="BuiltIn">
<msg time="2026-08-25T18:51:30.744718" level="INFO">${date_debut} = 1789862400</msg>
<var>${date_debut}</var>
<arg>${paire}[0]</arg>
<doc>Returns the given values which can then be assigned to a variables.</doc>
<status status="PASS" start="2026-08-25T18:51:30.744035" elapsed="0.000754"/>
</kw>
<kw name="Set Variable" owner="BuiltIn">
<msg time="2026-08-25T18:51:30.745911" level="INFO">${date_fin} = 1789948800</msg>
<var>${date_fin}</var>
<arg>${paire}[1]</arg>
<doc>Returns the given values which can then be assigned to a variables.</doc>
<status status="PASS" start="2026-08-25T18:51:30.745042" elapsed="0.001015"/>
</kw>
<kw name="Click Element" owner="SeleniumLibrary">
<msg time="2026-08-25T18:51:30.747451" level="INFO">Clicking element 'xpath=//div[@id='single-booking-search-calendar']//li[@data-timestamp='1789862400' and contains(@class,'day-available')]'.</msg>
<arg>xpath=//div[@id='single-booking-search-calendar']//li[@data-timestamp='${date_debut}' and contains(@class,'day-available')]</arg>
<doc>Click the element identified by ``locator``.</doc>
<status status="PASS" start="2026-08-25T18:51:30.746548" elapsed="0.114049"/>
</kw>
<kw name="Click Element" owner="SeleniumLibrary">
<msg time="2026-08-25T18:51:30.861477" level="INFO">Clicking element 'xpath=//div[@id='single-booking-search-calendar']//li[@data-timestamp='1789948800' and contains(@class,'day-available')]'.</msg>
<arg>xpath=//div[@id='single-booking-search-calendar']//li[@data-timestamp='${date_fin}' and contains(@class,'day-available')]</arg>
<doc>Click the element identified by ``locator``.</doc>
<status status="PASS" start="2026-08-25T18:51:30.860956" elapsed="0.117916"/>
</kw>
<status status="PASS" start="2026-08-25T18:51:30.567044" elapsed="0.412176"/>
</kw>
<kw name="Oublier de choisir le nombre de voyageurs">
<kw name="Click Element" owner="SeleniumLibrary">
<msg time="2026-08-25T18:51:30.981803" level="INFO">Clicking element 'css=input[name="guests"]'.</msg>
<arg>${CHAMP VOYAGEURS}</arg>
<doc>Click the element identified by ``locator``.</doc>
<status status="PASS" start="2026-08-25T18:51:30.981133" elapsed="0.093452"/>
</kw>
<kw name="Wait Until Element Is Visible" owner="SeleniumLibrary">
<arg>${BUTTON AJOUTER ADULTE}</arg>
<arg>10s</arg>
<doc>Waits until the element ``locator`` is visible.</doc>
<status status="PASS" start="2026-08-25T18:51:31.075145" elapsed="0.031108"/>
</kw>
<kw name="Click Button" owner="SeleniumLibrary">
<msg time="2026-08-25T18:51:31.107088" level="INFO">Clicking button 'css=.sidebar-booking-module-body:nth-child(2) .guest-apply-btn &gt; .btn'.</msg>
<arg>css=.sidebar-booking-module-body:nth-child(2) .guest-apply-btn &gt; .btn</arg>
<doc>Clicks the button identified by ``locator``.</doc>
<status status="PASS" start="2026-08-25T18:51:31.106652" elapsed="0.125133"/>
</kw>
<kw name="Click Button" owner="SeleniumLibrary">
<msg time="2026-08-25T18:51:31.233155" level="INFO">Clicking button 'id=request_for_reservation'.</msg>
<arg>${BUTTON DEMANDE RESERVATION}</arg>
<doc>Clicks the button identified by ``locator``.</doc>
<status status="PASS" start="2026-08-25T18:51:31.232357" elapsed="0.110919"/>
</kw>
<kw name="Wait Until Element Is Visible" owner="SeleniumLibrary">
<arg>${DEMANDE ENVOYEE}</arg>
<arg>10s</arg>
<doc>Waits until the element ``locator`` is visible.</doc>
<status status="PASS" start="2026-08-25T18:51:31.343761" elapsed="0.238474"/>
</kw>
<doc>Ne pas sélectionner de nombre de voyageurs pour tester la validation</doc>
<status status="PASS" start="2026-08-25T18:51:30.980186" elapsed="0.602295"/>
</kw>
<kw name="Fermer l'application" owner="commun_US-07" type="TEARDOWN">
<kw name="Close Browser" owner="SeleniumLibrary">
<doc>Closes the current browser.</doc>
<status status="PASS" start="2026-08-25T18:51:31.584429" elapsed="3.572608"/>
</kw>
<status status="PASS" start="2026-08-25T18:51:31.583437" elapsed="3.574067"/>
</kw>
<doc>Vérifier qu'une réservation est bloquée si aucun nombre de voyageurs n'est sélectionné.</doc>
<tag>PP-18</tag>
<tag>US-07</tag>
<status status="PASS" start="2026-08-25T18:51:02.309873" elapsed="32.848127"/>
</test>
<status status="PASS" start="2026-08-25T18:51:02.288017" elapsed="32.872684"/>
</suite>
<suite id="s1-s4" name="4 Demande-Voyageur Connecter" source="E:\TestAcademy\QA-test-academi\PFF\auto_test\IHM\US-07\4_demande-voyageur_connecter.robot">
<test id="s1-s4-t1" name="Tester l'envoi d'une demande de réservation en tant que voyageur connecté" line="19">
<kw name="Préparer le test" owner="commun_US-07" type="SETUP">
<kw name="Ouvrir le navigateur et accéder à l'application" owner="commun_US-07">
<kw name="Fermer les navigateurs restants" owner="commun_US-07">
<kw name="Run Keyword And Ignore Error" owner="BuiltIn">
<kw name="Close All Browsers" owner="SeleniumLibrary">
<doc>Closes all open browsers and resets the browser cache.</doc>
<status status="PASS" start="2026-08-25T18:51:35.284252" elapsed="0.000771"/>
</kw>
<arg>Close All Browsers</arg>
<doc>Runs the given keyword with the given arguments and ignores possible error.</doc>
<status status="PASS" start="2026-08-25T18:51:35.280510" elapsed="0.004839"/>
</kw>
<status status="PASS" start="2026-08-25T18:51:35.279332" elapsed="0.006271"/>
</kw>
<kw name="Wait Until Keyword Succeeds" owner="BuiltIn">
<kw name="Ouvrir App" owner="commun_US-07">
<kw name="Open Browser" owner="SeleniumLibrary">
<msg time="2026-08-25T18:51:35.291173" level="INFO">Opening browser 'Firefox' to base url 'http://livraison3.testacademy.fr/'.</msg>
<arg>${URL}</arg>
<arg>${NAVIGATEUR}</arg>
<doc>Opens a new browser instance to the optional ``url``.</doc>
<status status="PASS" start="2026-08-25T18:51:35.290127" elapsed="12.689773"/>
</kw>
<kw name="Maximize Browser Window" owner="SeleniumLibrary">
<doc>Maximizes current browser window.</doc>
<status status="PASS" start="2026-08-25T18:51:47.980303" elapsed="0.599328"/>
</kw>
<status status="PASS" start="2026-08-25T18:51:35.287969" elapsed="13.292055"/>
</kw>
<arg>2x</arg>
<arg>3s</arg>
<arg>Ouvrir App</arg>
<doc>Runs the specified keyword and retries if it fails.</doc>
<status status="PASS" start="2026-08-25T18:51:35.286112" elapsed="13.294136"/>
</kw>
<kw name="Wait Until Page Contains Element" owner="SeleniumLibrary">
<arg>tag=body</arg>
<arg>15s</arg>
<doc>Waits until the element ``locator`` appears on the current page.</doc>
<status status="PASS" start="2026-08-25T18:51:48.580939" elapsed="0.097305"/>
</kw>
<status status="PASS" start="2026-08-25T18:51:35.277838" elapsed="13.400710"/>
</kw>
<kw name="Se connecter" owner="commun_US-07">
<kw name="Click Element" owner="SeleniumLibrary">
<msg time="2026-08-25T18:51:48.681167" level="INFO">Clicking element 'xpath=//a[contains(text(),'Se connecter')]'.</msg>
<arg>${LIEN SE CONNECTER}</arg>
<doc>Click the element identified by ``locator``.</doc>
<status status="PASS" start="2026-08-25T18:51:48.680441" elapsed="0.233107"/>
</kw>
<kw name="Wait Until Element Is Visible" owner="SeleniumLibrary">
<arg>${CHAMP NOM UTILISATEUR}</arg>
<doc>Waits until the element ``locator`` is visible.</doc>
<status status="PASS" start="2026-08-25T18:51:48.914247" elapsed="0.122321"/>
</kw>
<kw name="Clear Element Text" owner="SeleniumLibrary">
<arg>${CHAMP NOM UTILISATEUR}</arg>
<doc>Clears the value of the text-input-element identified by ``locator``.</doc>
<status status="PASS" start="2026-08-25T18:51:49.037020" elapsed="0.057633"/>
</kw>
<kw name="Clear Element Text" owner="SeleniumLibrary">
<arg>${CHAMP MOT DE PASSE}</arg>
<doc>Clears the value of the text-input-element identified by ``locator``.</doc>
<status status="PASS" start="2026-08-25T18:51:49.095184" elapsed="0.026920"/>
</kw>
<kw name="Input Text" owner="SeleniumLibrary">
<msg time="2026-08-25T18:51:49.123729" level="INFO">Typing text 'robot' into text field 'name=username'.</msg>
<arg>${CHAMP NOM UTILISATEUR}</arg>
<arg>${user}</arg>
<doc>Types the given ``text`` into the text field identified by ``locator``.</doc>
<status status="PASS" start="2026-08-25T18:51:49.122661" elapsed="0.081092"/>
</kw>
<kw name="Input Text" owner="SeleniumLibrary">
<msg time="2026-08-25T18:51:49.205483" level="INFO">Typing text 'robot' into text field 'name=password'.</msg>
<arg>${CHAMP MOT DE PASSE}</arg>
<arg>${pass}</arg>
<doc>Types the given ``text`` into the text field identified by ``locator``.</doc>
<status status="PASS" start="2026-08-25T18:51:49.204512" elapsed="0.121919"/>
</kw>
<kw name="Click Button" owner="SeleniumLibrary">
<msg time="2026-08-25T18:51:49.327407" level="INFO">Clicking button 'css=.homey_login_button'.</msg>
<arg>${BOUTON VALIDER}</arg>
<doc>Clicks the button identified by ``locator``.</doc>
<status status="PASS" start="2026-08-25T18:51:49.326839" elapsed="0.143369"/>
</kw>
<kw name="Title Should Be" owner="SeleniumLibrary">
<msg time="2026-08-25T18:51:49.475166" level="INFO">Page title is 'Accueil - Livraison 3'.</msg>
<arg>${TITRE TABLEAU DE BORD VOYAGEUR}</arg>
<doc>Verifies that the current page title equals ``title``.</doc>
<status status="PASS" start="2026-08-25T18:51:49.470709" elapsed="0.004654"/>
</kw>
<kw name="Wait Until Element Is Not Visible" owner="SeleniumLibrary">
<arg>${MODAL LOGIN}</arg>
<arg>10s</arg>
<doc>Waits until the element ``locator`` is not visible.</doc>
<status status="PASS" start="2026-08-25T18:51:49.475716" elapsed="0.977281"/>
</kw>
<kw name="Wait Until Page Contains Element" owner="SeleniumLibrary">
<arg>${BUTTON ACCUEIL}</arg>
<arg>10s</arg>
<doc>Waits until the element ``locator`` appears on the current page.</doc>
<status status="PASS" start="2026-08-25T18:51:50.453691" elapsed="0.266631"/>
</kw>
<arg>${UTILISATEUR VALIDE}</arg>
<arg>${MOT DE PASSE VALIDE}</arg>
<status status="PASS" start="2026-08-25T18:51:48.679228" elapsed="2.041458"/>
</kw>
<kw name="Retourner sur la page d'accueil" owner="commun_US-07">
<kw name="Wait Until Element Is Visible" owner="SeleniumLibrary">
<arg>${BUTTON ACCUEIL}</arg>
<arg>10s</arg>
<doc>Waits until the element ``locator`` is visible.</doc>
<status status="PASS" start="2026-08-25T18:51:50.724947" elapsed="0.173971"/>
</kw>
<kw name="Click Element" owner="SeleniumLibrary">
<msg time="2026-08-25T18:51:50.899846" level="INFO">Clicking element 'xpath=//li[@id='menu-item-4630']/a'.</msg>
<arg>${BUTTON ACCUEIL}</arg>
<doc>Click the element identified by ``locator``.</doc>
<status status="PASS" start="2026-08-25T18:51:50.899312" elapsed="1.388526"/>
</kw>
<kw name="Wait Until Page Contains" owner="SeleniumLibrary">
<arg>${TITRE ACCUEIL}</arg>
<arg>10s</arg>
<doc>Waits until ``text`` appears on the current page.</doc>
<status status="PASS" start="2026-08-25T18:51:52.288318" elapsed="0.037674"/>
</kw>
<status status="PASS" start="2026-08-25T18:51:50.722796" elapsed="1.603531"/>
</kw>
<kw name="Trouver l'annonce" owner="commun_US-07">
<kw name="Wait Until Element Is Visible" owner="SeleniumLibrary">
<arg>${BUTTON CHERCHER ANNONCE}</arg>
<doc>Waits until the element ``locator`` is visible.</doc>
<status status="PASS" start="2026-08-25T18:51:52.329966" elapsed="0.039345"/>
</kw>
<kw name="Run Keyword And Ignore Error" owner="BuiltIn">
<kw name="Wait Until Element Is Not Visible" owner="SeleniumLibrary">
<arg>id=homey-map-loading</arg>
<arg>20s</arg>
<doc>Waits until the element ``locator`` is not visible.</doc>
<status status="PASS" start="2026-08-25T18:51:52.370706" elapsed="0.006359"/>
</kw>
<arg>Wait Until Element Is Not Visible</arg>
<arg>id=homey-map-loading</arg>
<arg>20s</arg>
<doc>Runs the given keyword with the given arguments and ignores possible error.</doc>
<status status="PASS" start="2026-08-25T18:51:52.369682" elapsed="0.007593"/>
</kw>
<kw name="Click Element" owner="SeleniumLibrary">
<msg time="2026-08-25T18:51:52.378070" level="INFO">Clicking element 'css=.search-button &gt; .btn-primary:nth-child(1)'.</msg>
<arg>${BUTTON CHERCHER ANNONCE}</arg>
<doc>Click the element identified by ``locator``.</doc>
<status status="PASS" start="2026-08-25T18:51:52.377600" elapsed="1.589012"/>
</kw>
<kw name="Click Element" owner="SeleniumLibrary">
<msg time="2026-08-25T18:51:53.968129" level="INFO">Clicking element 'xpath=//span[contains(.,'Destination')]'.</msg>
<arg>${BAR DESTINATION}</arg>
<doc>Click the element identified by ``locator``.</doc>
<status status="PASS" start="2026-08-25T18:51:53.967273" elapsed="0.226421"/>
</kw>
<kw name="Input Text" owner="SeleniumLibrary">
<msg time="2026-08-25T18:51:54.194616" level="INFO">Typing text 'Miami' into text field 'css=.open &gt; .dropdown-menu .form-control'.</msg>
<arg>${TEXT CHAMP DESTINATION}</arg>
<arg>${destination}</arg>
<doc>Types the given ``text`` into the text field identified by ``locator``.</doc>
<status status="PASS" start="2026-08-25T18:51:54.194060" elapsed="0.187331"/>
</kw>
<kw name="Sleep" owner="BuiltIn">
<msg time="2026-08-25T18:51:55.383671" level="INFO">Slept 1 second.</msg>
<arg>1s</arg>
<doc>Pauses the test executed for the given time.</doc>
<status status="PASS" start="2026-08-25T18:51:54.382161" elapsed="1.001779"/>
</kw>
<kw name="Click Element" owner="SeleniumLibrary">
<msg time="2026-08-25T18:51:55.384909" level="INFO">Clicking element 'xpath=(//button[@type='button'])[12]'.</msg>
<arg>${BUTTON CHERCHER}</arg>
<doc>Click the element identified by ``locator``.</doc>
<status status="PASS" start="2026-08-25T18:51:55.384363" elapsed="0.145080"/>
</kw>
<kw name="Sleep" owner="BuiltIn">
<msg time="2026-08-25T18:51:56.532023" level="INFO">Slept 1 second.</msg>
<arg>1s</arg>
<doc>Pauses the test executed for the given time.</doc>
<status status="PASS" start="2026-08-25T18:51:55.530095" elapsed="1.002299"/>
</kw>
<arg>${DESTINATION}</arg>
<status status="PASS" start="2026-08-25T18:51:52.327025" elapsed="4.205647"/>
</kw>
<kw name="Ouvrir l'annonce" owner="commun_US-07">
<kw name="Click Element" owner="SeleniumLibrary">
<msg time="2026-08-25T18:51:56.534366" level="INFO">Clicking element 'xpath=(//div[contains(@class,'half-map-left-wrap')]//a[contains(@href,'/listing/hub-haymarket/')])'.</msg>
<arg>${ANNONCE}</arg>
<doc>Click the element identified by ``locator``.</doc>
<status status="PASS" start="2026-08-25T18:51:56.533866" elapsed="1.525577"/>
</kw>
<kw name="Sleep" owner="BuiltIn">
<msg time="2026-08-25T18:51:59.061435" level="INFO">Slept 1 second.</msg>
<arg>1s</arg>
<doc>Pauses the test executed for the given time.</doc>
<status status="PASS" start="2026-08-25T18:51:58.060063" elapsed="1.001680"/>
</kw>
<status status="PASS" start="2026-08-25T18:51:56.533153" elapsed="2.528852"/>
</kw>
<status status="PASS" start="2026-08-25T18:51:35.260365" elapsed="23.801777"/>
</kw>
<kw name="Envoyer une demande de réservation">
<kw name="Choisir des dates disponibles aléatoires" owner="commun_US-07">
<kw name="Click Element" owner="SeleniumLibrary">
<msg time="2026-08-25T18:51:59.065547" level="INFO">Clicking element 'css=input[name="arrive"]'.</msg>
<arg>${CHAMP DATE DEBUT}</arg>
<doc>Click the element identified by ``locator``.</doc>
<status status="PASS" start="2026-08-25T18:51:59.065014" elapsed="0.140402"/>
</kw>
<kw name="Récupérer les dates futures disponibles" owner="commun_US-07">
<kw name="Wait Until Element Is Visible" owner="SeleniumLibrary">
<arg>${CALENDRIER}</arg>
<arg>10s</arg>
<doc>Waits until the element ``locator`` is visible.</doc>
<status status="PASS" start="2026-08-25T18:51:59.207693" elapsed="0.060155"/>
</kw>
<kw name="Execute Javascript" owner="SeleniumLibrary">
<msg time="2026-08-25T18:51:59.271240" level="INFO">Executing JavaScript:
return Array.from(document.querySelectorAll('#single-booking-search-calendar .single-listing-calendar-wrap:not([style*="display:none"]) li.day-available.future-day')).map(el =&gt; Number(el.dataset.timestamp));
Without any arguments.</msg>
<msg time="2026-08-25T18:51:59.289607" level="INFO">${timestamps} = [1787702400, 1787875200, 1788307200, 1788393600, 1788480000, 1788566400, 1788912000, 1789084800, 1789257600, 1789430400, 1789516800, 1789689600, 1789862400, 1789948800, 1790121600, 1790208000, 1790294...</msg>
<var>${timestamps}</var>
<arg>return Array.from(document.querySelectorAll('#single-booking-search-calendar .single-listing-calendar-wrap:not([style*="display:none"]) li.day-available.future-day')).map(el =&gt; Number(el.dataset.timestamp));</arg>
<doc>Executes the given JavaScript code with possible arguments.</doc>
<status status="PASS" start="2026-08-25T18:51:59.268679" elapsed="0.021171"/>
</kw>
<kw name="Evaluate" owner="BuiltIn">
<msg time="2026-08-25T18:51:59.292990" level="INFO">${paires} = [(1788307200, 1788393600), (1788393600, 1788480000), (1788480000, 1788566400), (1789430400, 1789516800), (1789862400, 1789948800), (1790121600, 1790208000), (1790208000, 1790294400), (1790294400, 1790...</msg>
<var>${paires}</var>
<arg>[(date, date + 86400) for date in $timestamps if date + 86400 in $timestamps]</arg>
<doc>Evaluates the given expression in Python and returns the result.</doc>
<status status="PASS" start="2026-08-25T18:51:59.290412" elapsed="0.002711"/>
</kw>
<return>
<value>${paires}</value>
<status status="PASS" start="2026-08-25T18:51:59.293361" elapsed="0.000150"/>
</return>
<msg time="2026-08-25T18:51:59.293996" level="INFO">${paires} = [(1788307200, 1788393600), (1788393600, 1788480000), (1788480000, 1788566400), (1789430400, 1789516800), (1789862400, 1789948800), (1790121600, 1790208000), (1790208000, 1790294400), (1790294400, 1790...</msg>
<var>${paires}</var>
<status status="PASS" start="2026-08-25T18:51:59.206495" elapsed="0.087578"/>
</kw>
<kw name="Get Length" owner="BuiltIn">
<msg time="2026-08-25T18:51:59.295382" level="INFO">Length is 20.</msg>
<msg time="2026-08-25T18:51:59.295700" level="INFO">${nombre_paires} = 20</msg>
<var>${nombre_paires}</var>
<arg>${paires}</arg>
<doc>Returns and logs the length of the given item as an integer.</doc>
<status status="PASS" start="2026-08-25T18:51:59.294411" elapsed="0.001362"/>
</kw>
<if>
<branch type="IF" condition="${nombre_paires} == 0">
<kw name="Click Button" owner="SeleniumLibrary">
<arg>${BUTTON NEXT MONTH}</arg>
<doc>Clicks the button identified by ``locator``.</doc>
<status status="NOT RUN" start="2026-08-25T18:51:59.296695" elapsed="0.000080"/>
</kw>
<kw name="Récupérer les dates futures disponibles" owner="commun_US-07">
<var>${paires}</var>
<status status="NOT RUN" start="2026-08-25T18:51:59.297235" elapsed="0.000093"/>
</kw>
<kw name="Get Length" owner="BuiltIn">
<var>${nombre_paires}</var>
<arg>${paires}</arg>
<doc>Returns and logs the length of the given item as an integer.</doc>
<status status="NOT RUN" start="2026-08-25T18:51:59.297592" elapsed="0.000065"/>
</kw>
<kw name="Should Be True" owner="BuiltIn">
<arg>${nombre_paires} &gt; 0</arg>
<arg>Aucune période de deux jours consécutifs disponible.</arg>
<doc>Fails if the given condition is not true.</doc>
<status status="NOT RUN" start="2026-08-25T18:51:59.297937" elapsed="0.000063"/>
</kw>
<status status="NOT RUN" start="2026-08-25T18:51:59.296086" elapsed="0.002025"/>
</branch>
<branch type="ELSE IF" condition="${nombre_paires} &gt; 0">
<kw name="Should Be True" owner="BuiltIn">
<arg>${nombre_paires} &gt; 0</arg>
<arg>Aucune période de deux jours consécutifs disponible.</arg>
<doc>Fails if the given condition is not true.</doc>
<status status="PASS" start="2026-08-25T18:51:59.298754" elapsed="0.001080"/>
</kw>
<status status="PASS" start="2026-08-25T18:51:59.298227" elapsed="0.001820"/>
</branch>
<status status="PASS" start="2026-08-25T18:51:59.296020" elapsed="0.004149"/>
</if>
<kw name="Should Be True" owner="BuiltIn">
<arg>${nombre_paires} &gt; 0</arg>
<arg>Aucune période de deux jours consécutifs disponible.</arg>
<doc>Fails if the given condition is not true.</doc>
<status status="PASS" start="2026-08-25T18:51:59.300652" elapsed="0.001289"/>
</kw>
<kw name="Evaluate" owner="BuiltIn">
<msg time="2026-08-25T18:51:59.303596" level="INFO">${paire} = (1790467200, 1790553600)</msg>
<var>${paire}</var>
<arg>random.choice($paires)</arg>
<arg>modules=random</arg>
<doc>Evaluates the given expression in Python and returns the result.</doc>
<status status="PASS" start="2026-08-25T18:51:59.302379" elapsed="0.001322"/>
</kw>
<kw name="Set Variable" owner="BuiltIn">
<msg time="2026-08-25T18:51:59.305489" level="INFO">${date_debut} = 1790467200</msg>
<var>${date_debut}</var>
<arg>${paire}[0]</arg>
<doc>Returns the given values which can then be assigned to a variables.</doc>
<status status="PASS" start="2026-08-25T18:51:59.304160" elapsed="0.001451"/>
</kw>
<kw name="Set Variable" owner="BuiltIn">
<msg time="2026-08-25T18:51:59.306986" level="INFO">${date_fin} = 1790553600</msg>
<var>${date_fin}</var>
<arg>${paire}[1]</arg>
<doc>Returns the given values which can then be assigned to a variables.</doc>
<status status="PASS" start="2026-08-25T18:51:59.306084" elapsed="0.000995"/>
</kw>
<kw name="Click Element" owner="SeleniumLibrary">
<msg time="2026-08-25T18:51:59.308078" level="INFO">Clicking element 'xpath=//div[@id='single-booking-search-calendar']//li[@data-timestamp='1790467200' and contains(@class,'day-available')]'.</msg>
<arg>xpath=//div[@id='single-booking-search-calendar']//li[@data-timestamp='${date_debut}' and contains(@class,'day-available')]</arg>
<doc>Click the element identified by ``locator``.</doc>
<status status="PASS" start="2026-08-25T18:51:59.307456" elapsed="0.140926"/>
</kw>
[...]
</kw>
<kw name="Get Length" owner="BuiltIn">
<var>${nombre_paires}</var>
<arg>${paires}</arg>
<doc>Returns and logs the length of the given item as an integer.</doc>
<status status="NOT RUN" start="2026-08-25T18:53:08.890758" elapsed="0.000065"/>
</kw>
<kw name="Should Be True" owner="BuiltIn">
<arg>${nombre_paires} &gt; 0</arg>
<arg>Aucune période de deux jours consécutifs disponible.</arg>
<doc>Fails if the given condition is not true.</doc>
<status status="NOT RUN" start="2026-08-25T18:53:08.891049" elapsed="0.000062"/>
</kw>
<status status="NOT RUN" start="2026-08-25T18:53:08.889587" elapsed="0.001632"/>
</branch>
<branch type="ELSE IF" condition="${nombre_paires} &gt; 0">
<kw name="Should Be True" owner="BuiltIn">
<arg>${nombre_paires} &gt; 0</arg>
<arg>Aucune période de deux jours consécutifs disponible.</arg>
<doc>Fails if the given condition is not true.</doc>
<status status="PASS" start="2026-08-25T18:53:08.891690" elapsed="0.000715"/>
</kw>
<status status="PASS" start="2026-08-25T18:53:08.891310" elapsed="0.001221"/>
</branch>
<status status="PASS" start="2026-08-25T18:53:08.889533" elapsed="0.003113"/>
</if>
<kw name="Should Be True" owner="BuiltIn">
<arg>${nombre_paires} &gt; 0</arg>
<arg>Aucune période de deux jours consécutifs disponible.</arg>
<doc>Fails if the given condition is not true.</doc>
<status status="PASS" start="2026-08-25T18:53:08.892850" elapsed="0.000673"/>
</kw>
<kw name="Evaluate" owner="BuiltIn">
<msg time="2026-08-25T18:53:08.895184" level="INFO">${paire} = (1788393600, 1788480000)</msg>
<var>${paire}</var>
<arg>random.choice($paires)</arg>
<arg>modules=random</arg>
<doc>Evaluates the given expression in Python and returns the result.</doc>
<status status="PASS" start="2026-08-25T18:53:08.893793" elapsed="0.001525"/>
</kw>
<kw name="Set Variable" owner="BuiltIn">
<msg time="2026-08-25T18:53:08.897034" level="INFO">${date_debut} = 1788393600</msg>
<var>${date_debut}</var>
<arg>${paire}[0]</arg>
<doc>Returns the given values which can then be assigned to a variables.</doc>
<status status="PASS" start="2026-08-25T18:53:08.895818" elapsed="0.001357"/>
</kw>
<kw name="Set Variable" owner="BuiltIn">
<msg time="2026-08-25T18:53:08.898776" level="INFO">${date_fin} = 1788480000</msg>
<var>${date_fin}</var>
<arg>${paire}[1]</arg>
<doc>Returns the given values which can then be assigned to a variables.</doc>
<status status="PASS" start="2026-08-25T18:53:08.897669" elapsed="0.001199"/>
</kw>
<kw name="Click Element" owner="SeleniumLibrary">
<msg time="2026-08-25T18:53:08.899690" level="INFO">Clicking element 'xpath=//div[@id='single-booking-search-calendar']//li[@data-timestamp='1788393600' and contains(@class,'day-available')]'.</msg>
<arg>xpath=//div[@id='single-booking-search-calendar']//li[@data-timestamp='${date_debut}' and contains(@class,'day-available')]</arg>
<doc>Click the element identified by ``locator``.</doc>
<status status="PASS" start="2026-08-25T18:53:08.899200" elapsed="0.106437"/>
</kw>
<kw name="Click Element" owner="SeleniumLibrary">
<msg time="2026-08-25T18:53:09.007150" level="INFO">Clicking element 'xpath=//div[@id='single-booking-search-calendar']//li[@data-timestamp='1788480000' and contains(@class,'day-available')]'.</msg>
<arg>xpath=//div[@id='single-booking-search-calendar']//li[@data-timestamp='${date_fin}' and contains(@class,'day-available')]</arg>
<doc>Click the element identified by ``locator``.</doc>
<status status="PASS" start="2026-08-25T18:53:09.006182" elapsed="0.124439"/>
</kw>
<status status="PASS" start="2026-08-25T18:53:08.672300" elapsed="0.458553"/>
</kw>
<kw name="Get Value" owner="SeleniumLibrary">
<msg time="2026-08-25T18:53:09.145942" level="INFO">${date_debut_reserve} = 2026-09-03</msg>
<var>${date_debut_reserve}</var>
<arg>${CHAMP DATE DEBUT}</arg>
<doc>Returns the value attribute of the element identified by ``locator``.</doc>
<status status="PASS" start="2026-08-25T18:53:09.131149" elapsed="0.014888"/>
</kw>
<kw name="Get Value" owner="SeleniumLibrary">
<msg time="2026-08-25T18:53:09.160547" level="INFO">${date_fin_reserve} = 2026-09-04</msg>
<var>${date_fin_reserve}</var>
<arg>${CHAMP DATE FIN}</arg>
<doc>Returns the value attribute of the element identified by ``locator``.</doc>
<status status="PASS" start="2026-08-25T18:53:09.146398" elapsed="0.014250"/>
</kw>
<kw name="Choisir le nombre de voyageurs" owner="commun_US-07">
<kw name="Evaluate" owner="BuiltIn">
<msg time="2026-08-25T18:53:09.162630" level="INFO">${nombre_voyageurs} = 1</msg>
<var>${nombre_voyageurs}</var>
<arg>random.randint(1, 2)</arg>
<arg>modules=random</arg>
<doc>Evaluates the given expression in Python and returns the result.</doc>
<status status="PASS" start="2026-08-25T18:53:09.161725" elapsed="0.000984"/>
</kw>
<kw name="Click Element" owner="SeleniumLibrary">
<msg time="2026-08-25T18:53:09.163486" level="INFO">Clicking element 'css=input[name="guests"]'.</msg>
<arg>${CHAMP VOYAGEURS}</arg>
<doc>Click the element identified by ``locator``.</doc>
<status status="PASS" start="2026-08-25T18:53:09.163066" elapsed="0.080954"/>
</kw>
<kw name="Wait Until Element Is Visible" owner="SeleniumLibrary">
<arg>${BUTTON AJOUTER ADULTE}</arg>
<arg>10s</arg>
<doc>Waits until the element ``locator`` is visible.</doc>
<status status="PASS" start="2026-08-25T18:53:09.244419" elapsed="0.025317"/>
</kw>
<for flavor="IN RANGE">
<iter>
<kw name="Click Button" owner="SeleniumLibrary">
<msg time="2026-08-25T18:53:09.271428" level="INFO">Clicking button 'css=.adult_plus'.</msg>
<arg>${BUTTON AJOUTER ADULTE}</arg>
<doc>Clicks the button identified by ``locator``.</doc>
<status status="PASS" start="2026-08-25T18:53:09.270909" elapsed="0.130668"/>
</kw>
<var name="${index}">0</var>
<status status="PASS" start="2026-08-25T18:53:09.270572" elapsed="0.131263"/>
</iter>
<var>${index}</var>
<value>${nombre_voyageurs}</value>
<status status="PASS" start="2026-08-25T18:53:09.270029" elapsed="0.132029"/>
</for>
<kw name="Click Button" owner="SeleniumLibrary">
<msg time="2026-08-25T18:53:09.403260" level="INFO">Clicking button 'css=.apply_guests'.</msg>
<arg>${BUTTON APPLIQUER VOYAGEURS}</arg>
<doc>Clicks the button identified by ``locator``.</doc>
<status status="PASS" start="2026-08-25T18:53:09.402567" elapsed="0.137244"/>
</kw>
<status status="PASS" start="2026-08-25T18:53:09.161150" elapsed="0.378901"/>
</kw>
<kw name="Click Button" owner="SeleniumLibrary">
<msg time="2026-08-25T18:53:09.540847" level="INFO">Clicking button 'id=request_for_reservation'.</msg>
<arg>${BUTTON DEMANDE RESERVATION}</arg>
<doc>Clicks the button identified by ``locator``.</doc>
<status status="PASS" start="2026-08-25T18:53:09.540348" elapsed="0.110550"/>
</kw>
<kw name="Wait Until Element Is Visible" owner="SeleniumLibrary">
<arg>${DEMANDE ENVOYEE}</arg>
<arg>10s</arg>
<doc>Waits until the element ``locator`` is visible.</doc>
<status status="PASS" start="2026-08-25T18:53:09.651319" elapsed="0.444565"/>
</kw>
<return>
<value>${date_debut_reserve}</value>
<value>${date_fin_reserve}</value>
<status status="PASS" start="2026-08-25T18:53:10.096144" elapsed="0.000133"/>
</return>
<msg time="2026-08-25T18:53:10.096930" level="INFO">${date_debut_reserve} = 2026-09-03</msg>
<msg time="2026-08-25T18:53:10.097117" level="INFO">${date_fin_reserve} = 2026-09-04</msg>
<var>${date_debut_reserve}</var>
<var>${date_fin_reserve}</var>
<status status="PASS" start="2026-08-25T18:53:08.671487" elapsed="1.425719"/>
</kw>
<kw name="Vérifier le message pour les dates déjà réservées">
<kw name="Reload Page" owner="SeleniumLibrary">
<doc>Simulates user reloading page.</doc>
<status status="PASS" start="2026-08-25T18:53:10.099517" elapsed="1.860786"/>
</kw>
<kw name="Wait Until Element Is Visible" owner="SeleniumLibrary">
<arg>${CHAMP DATE DEBUT}</arg>
<arg>10s</arg>
<doc>Waits until the element ``locator`` is visible.</doc>
<status status="PASS" start="2026-08-25T18:53:11.960798" elapsed="0.046714"/>
</kw>
<kw name="Convertir les dates réservées en timestamps">
<kw name="Evaluate" owner="BuiltIn">
<msg time="2026-08-25T18:53:12.103647" level="INFO">${timestamp_debut} = 1788393600</msg>
<var>${timestamp_debut}</var>
<arg>int(datetime.datetime.strptime($date_debut_reserve, "%Y-%m-%d").replace(tzinfo=datetime.timezone.utc).timestamp())</arg>
<arg>modules=datetime</arg>
<doc>Evaluates the given expression in Python and returns the result.</doc>
<status status="PASS" start="2026-08-25T18:53:12.008860" elapsed="0.094926"/>
</kw>
<kw name="Evaluate" owner="BuiltIn">
<msg time="2026-08-25T18:53:12.105795" level="INFO">${timestamp_fin} = 1788480000</msg>
<var>${timestamp_fin}</var>
<arg>int(datetime.datetime.strptime($date_fin_reserve, "%Y-%m-%d").replace(tzinfo=datetime.timezone.utc).timestamp())</arg>
<arg>modules=datetime</arg>
<doc>Evaluates the given expression in Python and returns the result.</doc>
<status status="PASS" start="2026-08-25T18:53:12.104251" elapsed="0.001635"/>
</kw>
<return>
<value>${timestamp_debut}</value>
<value>${timestamp_fin}</value>
<status status="PASS" start="2026-08-25T18:53:12.106067" elapsed="0.000112"/>
</return>
<msg time="2026-08-25T18:53:12.106694" level="INFO">${timestamp_debut} = 1788393600</msg>
<msg time="2026-08-25T18:53:12.106809" level="INFO">${timestamp_fin} = 1788480000</msg>
<var>${timestamp_debut}</var>
<var>${timestamp_fin}</var>
<arg>${date_debut_reserve}</arg>
<arg>${date_fin_reserve}</arg>
<status status="PASS" start="2026-08-25T18:53:12.008015" elapsed="0.098855"/>
</kw>
<kw name="Click Element" owner="SeleniumLibrary">
<msg time="2026-08-25T18:53:12.107613" level="INFO">Clicking element 'css=input[name="arrive"]'.</msg>
<arg>${CHAMP DATE DEBUT}</arg>
<doc>Click the element identified by ``locator``.</doc>
<status status="PASS" start="2026-08-25T18:53:12.107181" elapsed="0.102672"/>
</kw>
<kw name="Wait Until Element Is Visible" owner="SeleniumLibrary">
<arg>${CALENDRIER}</arg>
<arg>10s</arg>
<doc>Waits until the element ``locator`` is visible.</doc>
<status status="PASS" start="2026-08-25T18:53:12.210235" elapsed="0.059863"/>
</kw>
<kw name="Set Variable" owner="BuiltIn">
<msg time="2026-08-25T18:53:12.271437" level="INFO">${date_debut_locator} = xpath=//div[@id='single-booking-search-calendar']//div[contains(@class,'single-listing-calendar-wrap') and not(contains(@style,'display: none'))]//li[@data-timestamp='1788393600']</msg>
<var>${date_debut_locator}</var>
<arg>xpath=//div[@id='single-booking-search-calendar']//div[contains(@class,'single-listing-calendar-wrap') and not(contains(@style,'display: none'))]//li[@data-timestamp='${timestamp_debut}']</arg>
<doc>Returns the given values which can then be assigned to a variables.</doc>
<status status="PASS" start="2026-08-25T18:53:12.270486" elapsed="0.001044"/>
</kw>
<kw name="Set Variable" owner="BuiltIn">
<msg time="2026-08-25T18:53:12.272698" level="INFO">${date_fin_locator} = xpath=//div[@id='single-booking-search-calendar']//div[contains(@class,'single-listing-calendar-wrap') and not(contains(@style,'display: none'))]//li[@data-timestamp='1788480000']</msg>
<var>${date_fin_locator}</var>
<arg>xpath=//div[@id='single-booking-search-calendar']//div[contains(@class,'single-listing-calendar-wrap') and not(contains(@style,'display: none'))]//li[@data-timestamp='${timestamp_fin}']</arg>
<doc>Returns the given values which can then be assigned to a variables.</doc>
<status status="PASS" start="2026-08-25T18:53:12.271882" elapsed="0.000890"/>
</kw>
<kw name="Run Keyword And Return Status" owner="BuiltIn">
<kw name="Element Should Be Visible" owner="SeleniumLibrary">
<msg time="2026-08-25T18:53:12.298078" level="INFO">Element 'xpath=//div[@id='single-booking-search-calendar']//div[contains(@class,'single-listing-calendar-wrap') and not(contains(@style,'display: none'))]//li[@data-timestamp='1788393600']' is displayed.</msg>
<arg>${date_debut_locator}</arg>
<doc>Verifies that the element identified by ``locator`` is visible.</doc>
<status status="PASS" start="2026-08-25T18:53:12.273734" elapsed="0.024539"/>
</kw>
<msg time="2026-08-25T18:53:12.298565" level="INFO">${date_visible} = True</msg>
<var>${date_visible}</var>
<arg>Element Should Be Visible</arg>
<arg>${date_debut_locator}</arg>
<doc>Runs the specified keyword and returns the status as a Boolean value.</doc>
<status status="PASS" start="2026-08-25T18:53:12.273102" elapsed="0.025530"/>
</kw>
<if>
<branch type="IF" condition="not ${date_visible}">
<kw name="Click Button" owner="SeleniumLibrary">
<arg>${BUTTON NEXT MONTH}</arg>
<doc>Clicks the button identified by ``locator``.</doc>
<status status="NOT RUN" start="2026-08-25T18:53:12.299394" elapsed="0.000073"/>
</kw>
<kw name="Wait Until Element Is Visible" owner="SeleniumLibrary">
<arg>${date_debut_locator}</arg>
<arg>10s</arg>
<doc>Waits until the element ``locator`` is visible.</doc>
<status status="NOT RUN" start="2026-08-25T18:53:12.299772" elapsed="0.000068"/>
</kw>
<status status="NOT RUN" start="2026-08-25T18:53:12.298857" elapsed="0.001088"/>
</branch>
<status status="PASS" start="2026-08-25T18:53:12.298808" elapsed="0.001230"/>
</if>
<kw name="Wait Until Element Is Visible" owner="SeleniumLibrary">
<arg>${date_debut_locator}</arg>
<arg>10s</arg>
<doc>Waits until the element ``locator`` is visible.</doc>
<status status="PASS" start="2026-08-25T18:53:12.300236" elapsed="0.028118"/>
</kw>
<kw name="Click Element" owner="SeleniumLibrary">
<msg time="2026-08-25T18:53:12.329325" level="INFO">Clicking element 'xpath=//div[@id='single-booking-search-calendar']//div[contains(@class,'single-listing-calendar-wrap') and not(contains(@style,'display: none'))]//li[@data-timestamp='1788393600']'.</msg>
<arg>${date_debut_locator}</arg>
<doc>Click the element identified by ``locator``.</doc>
<status status="PASS" start="2026-08-25T18:53:12.328746" elapsed="0.104646"/>
</kw>
<kw name="Wait Until Element Is Visible" owner="SeleniumLibrary">
<arg>${date_fin_locator}</arg>
<arg>10s</arg>
<doc>Waits until the element ``locator`` is visible.</doc>
<status status="PASS" start="2026-08-25T18:53:12.433759" elapsed="0.026660"/>
</kw>
<kw name="Click Element" owner="SeleniumLibrary">
<msg time="2026-08-25T18:53:12.461290" level="INFO">Clicking element 'xpath=//div[@id='single-booking-search-calendar']//div[contains(@class,'single-listing-calendar-wrap') and not(contains(@style,'display: none'))]//li[@data-timestamp='1788480000']'.</msg>
<arg>${date_fin_locator}</arg>
<doc>Click the element identified by ``locator``.</doc>
<status status="PASS" start="2026-08-25T18:53:12.460809" elapsed="0.104811"/>
</kw>
<kw name="Choisir le nombre de voyageurs" owner="commun_US-07">
<kw name="Evaluate" owner="BuiltIn">
<msg time="2026-08-25T18:53:12.567590" level="INFO">${nombre_voyageurs} = 1</msg>
<var>${nombre_voyageurs}</var>
<arg>random.randint(1, 2)</arg>
<arg>modules=random</arg>
<doc>Evaluates the given expression in Python and returns the result.</doc>
<status status="PASS" start="2026-08-25T18:53:12.566687" elapsed="0.001027"/>
</kw>
<kw name="Click Element" owner="SeleniumLibrary">
<msg time="2026-08-25T18:53:12.568623" level="INFO">Clicking element 'css=input[name="guests"]'.</msg>
<arg>${CHAMP VOYAGEURS}</arg>
<doc>Click the element identified by ``locator``.</doc>
<status status="PASS" start="2026-08-25T18:53:12.568094" elapsed="0.087574"/>
</kw>
<kw name="Wait Until Element Is Visible" owner="SeleniumLibrary">
<arg>${BUTTON AJOUTER ADULTE}</arg>
<arg>10s</arg>
<doc>Waits until the element ``locator`` is visible.</doc>
<status status="PASS" start="2026-08-25T18:53:12.656465" elapsed="0.029153"/>
</kw>
<for flavor="IN RANGE">
<iter>
<kw name="Click Button" owner="SeleniumLibrary">
<msg time="2026-08-25T18:53:12.687296" level="INFO">Clicking button 'css=.adult_plus'.</msg>
<arg>${BUTTON AJOUTER ADULTE}</arg>
<doc>Clicks the button identified by ``locator``.</doc>
<status status="PASS" start="2026-08-25T18:53:12.686592" elapsed="0.174892"/>
</kw>
<var name="${index}">0</var>
<status status="PASS" start="2026-08-25T18:53:12.686291" elapsed="0.175461"/>
</iter>
<var>${index}</var>
<value>${nombre_voyageurs}</value>
<status status="PASS" start="2026-08-25T18:53:12.685874" elapsed="0.176083"/>
</for>
<kw name="Click Button" owner="SeleniumLibrary">
<msg time="2026-08-25T18:53:12.863207" level="INFO">Clicking button 'css=.apply_guests'.</msg>
<arg>${BUTTON APPLIQUER VOYAGEURS}</arg>
<doc>Clicks the button identified by ``locator``.</doc>
<status status="PASS" start="2026-08-25T18:53:12.862464" elapsed="0.163695"/>
</kw>
<status status="PASS" start="2026-08-25T18:53:12.566148" elapsed="0.460246"/>
</kw>
<kw name="Click Button" owner="SeleniumLibrary">
<msg time="2026-08-25T18:53:13.027135" level="INFO">Clicking button 'id=request_for_reservation'.</msg>
<arg>${BUTTON DEMANDE RESERVATION}</arg>
<doc>Clicks the button identified by ``locator``.</doc>
<status status="PASS" start="2026-08-25T18:53:13.026670" elapsed="0.597329"/>
</kw>
<kw name="Wait Until Element Is Visible" owner="SeleniumLibrary">
<arg>${ERREUR DATES}</arg>
<arg>10s</arg>
<doc>Waits until the element ``locator`` is visible.</doc>
<status status="PASS" start="2026-08-25T18:53:13.624368" elapsed="0.020743"/>
</kw>
<kw name="Element Should Contain" owner="SeleniumLibrary">
<msg time="2026-08-25T18:53:13.671062" level="INFO">Element 'css=.block-body-sidebar &gt; .notify' contains text 'Vos dates ne sont pas disponibles'.</msg>
<arg>${ERREUR DATES}</arg>
<arg>${MESSAGE DATES INDISPONIBLES}</arg>
<doc>Verifies that element ``locator`` contains text ``expected``.</doc>
<status status="PASS" start="2026-08-25T18:53:13.645486" elapsed="0.025845"/>
</kw>
<arg>${date_debut_reserve}</arg>
<arg>${date_fin_reserve}</arg>
<status status="PASS" start="2026-08-25T18:53:10.098441" elapsed="3.573129"/>
</kw>
<kw name="Log" owner="BuiltIn">
<msg time="2026-08-25T18:53:13.672929" level="INFO">===== Fin de la vérification PP-17 =====</msg>
<arg>===== Fin de la vérification PP-17 =====</arg>
<doc>Logs the given message with the given level.</doc>
<status status="PASS" start="2026-08-25T18:53:13.672230" elapsed="0.000840"/>
</kw>
<kw name="Fermer l'application" owner="commun_US-07" type="TEARDOWN">
<kw name="Close Browser" owner="SeleniumLibrary">
<doc>Closes the current browser.</doc>
<status status="PASS" start="2026-08-25T18:53:13.675042" elapsed="3.637330"/>
</kw>
<status status="PASS" start="2026-08-25T18:53:13.674029" elapsed="3.638672"/>
</kw>
<doc>Vérifier qu'un message d'erreur est affiché lorsqu'une nouvelle réservation est tentée avec des dates déjà réservées.</doc>
<tag>US-07</tag>
<status status="PASS" start="2026-08-25T18:52:43.493004" elapsed="33.820169"/>
</test>
<status status="PASS" start="2026-08-25T18:52:43.469745" elapsed="33.844638"/>
</suite>
<status status="PASS" start="2026-08-25T18:49:54.511604" elapsed="202.804488"/>
</suite>
<statistics>
<total>
<stat pass="6" fail="0" skip="0">All Tests</stat>
</total>
<tag>
<stat pass="1" fail="0" skip="0">PP-11</stat>
<stat pass="1" fail="0" skip="0">PP-12</stat>
<stat pass="1" fail="0" skip="0">PP-14</stat>
<stat pass="1" fail="0" skip="0">PP-16</stat>
<stat pass="1" fail="0" skip="0">PP-18</stat>
<stat pass="6" fail="0" skip="0">US-07</stat>
</tag>
<suite>
<stat name="US-07" id="s1" pass="6" fail="0" skip="0">US-07</stat>
<stat name="1 Demande-Voyageur Non Connecte" id="s1-s1" pass="1" fail="0" skip="0">US-07.1 Demande-Voyageur Non Connecte</stat>
<stat name="2 Validation Date Fin" id="s1-s2" pass="1" fail="0" skip="0">US-07.2 Validation Date Fin</stat>
<stat name="3 validation Nb voyageurs" id="s1-s3" pass="1" fail="0" skip="0">US-07.3 validation Nb voyageurs</stat>
<stat name="4 Demande-Voyageur Connecter" id="s1-s4" pass="1" fail="0" skip="0">US-07.4 Demande-Voyageur Connecter</stat>
<stat name="5 Creation Reservation Cote Hote" id="s1-s5" pass="1" fail="0" skip="0">US-07.5 Creation Reservation Cote Hote</stat>
<stat name="6 Blocage Dates" id="s1-s6" pass="1" fail="0" skip="0">US-07.6 Blocage Dates</stat>
</suite>
</statistics>
<errors>
</errors>
</robot>
