<?xml version="1.0" encoding="UTF-8"?>
<robot generator="Robot 7.4.2 (Python 3.14.4 on win32)" generated="2026-07-25T14:24:44.165729" rpa="false" schemaversion="5">
<suite id="s1" name="IHM" source="E:\TestAcademy\QA-test-academi\PFF\auto_test\IHM">
<suite id="s1-s1" name="US-07" source="E:\TestAcademy\QA-test-academi\PFF\auto_test\IHM\US-07">
<suite id="s1-s1-s1" name="1 Demande-Voyageur Non Connecte" source="E:\TestAcademy\QA-test-academi\PFF\auto_test\IHM\US-07\1_demande-voyageur_non_connecte.robot">
<test id="s1-s1-s1-t1" name="Tester l'envoi d'une demande de réservation en tant que voyageur non connecté" line="24">
<kw name="Envoyer une demande de réservation">
<kw name="Ouvrir le navigateur et accéder à l'application" owner="commun_US-07">
<kw name="Fermer les navigateurs restants" owner="commun_US-07">
<kw name="Run Keyword And Ignore Error" owner="BuiltIn">
<kw name="Close All Browsers" owner="SeleniumLibrary">
<doc>Closes all open browsers and resets the browser cache.</doc>
<status status="PASS" start="2026-07-25T14:24:44.460222" elapsed="0.000126"/>
</kw>
<arg>Close All Browsers</arg>
<doc>Runs the given keyword with the given arguments and ignores possible error.</doc>
<status status="PASS" start="2026-07-25T14:24:44.459878" elapsed="0.000560"/>
</kw>
<status status="PASS" start="2026-07-25T14:24:44.459321" elapsed="0.001183"/>
</kw>
<kw name="Wait Until Keyword Succeeds" owner="BuiltIn">
<kw name="Ouvrir App" owner="commun_US-07">
<kw name="Open Browser" owner="SeleniumLibrary">
<msg time="2026-07-25T14:24:44.461246" level="INFO">Opening browser 'Firefox' to base url 'http://livraison3.testacademy.fr/'.</msg>
<arg>${URL}</arg>
<arg>${NAVIGATEUR}</arg>
<doc>Opens a new browser instance to the optional ``url``.</doc>
<status status="PASS" start="2026-07-25T14:24:44.461089" elapsed="8.591457"/>
</kw>
<kw name="Maximize Browser Window" owner="SeleniumLibrary">
<doc>Maximizes current browser window.</doc>
<status status="PASS" start="2026-07-25T14:24:53.052909" elapsed="0.296892"/>
</kw>
<status status="PASS" start="2026-07-25T14:24:44.460912" elapsed="8.889040"/>
</kw>
<arg>2x</arg>
<arg>3s</arg>
<arg>Ouvrir App</arg>
<doc>Runs the specified keyword and retries if it fails.</doc>
<status status="PASS" start="2026-07-25T14:24:44.460592" elapsed="8.889413"/>
</kw>
<kw name="Wait Until Page Contains Element" owner="SeleniumLibrary">
<arg>tag=body</arg>
<arg>15s</arg>
<doc>Waits until the element ``locator`` appears on the current page.</doc>
<status status="PASS" start="2026-07-25T14:24:53.350160" elapsed="0.012880"/>
</kw>
<status status="PASS" start="2026-07-25T14:24:44.459122" elapsed="8.904061"/>
</kw>
<kw name="Trouver l'annonce" owner="commun_US-07">
<kw name="Wait Until Element Is Visible" owner="SeleniumLibrary">
<arg>${BUTTON CHERCHER ANNONCE}</arg>
<doc>Waits until the element ``locator`` is visible.</doc>
<status status="PASS" start="2026-07-25T14:24:53.363709" elapsed="0.017404"/>
</kw>
<kw name="Click Element" owner="SeleniumLibrary">
<msg time="2026-07-25T14:24:53.381857" level="INFO">Clicking element 'css=.search-button &gt; .btn-primary:nth-child(1)'.</msg>
<arg>${BUTTON CHERCHER ANNONCE}</arg>
<doc>Click the element identified by ``locator``.</doc>
<status status="PASS" start="2026-07-25T14:24:53.381413" elapsed="1.174576"/>
</kw>
<kw name="Click Element" owner="SeleniumLibrary">
<msg time="2026-07-25T14:24:54.556701" level="INFO">Clicking element 'xpath=//span[contains(.,'Destination')]'.</msg>
<arg>${BAR DESTINATION}</arg>
<doc>Click the element identified by ``locator``.</doc>
<status status="PASS" start="2026-07-25T14:24:54.556308" elapsed="0.142470"/>
</kw>
<kw name="Input Text" owner="SeleniumLibrary">
<msg time="2026-07-25T14:24:54.699581" level="INFO">Typing text 'Miami' into text field 'css=.open &gt; .dropdown-menu .form-control'.</msg>
<arg>${TEXT CHAMP DESTINATION}</arg>
<arg>${destination}</arg>
<doc>Types the given ``text`` into the text field identified by ``locator``.</doc>
<status status="PASS" start="2026-07-25T14:24:54.699069" elapsed="0.081547"/>
</kw>
<kw name="Sleep" owner="BuiltIn">
<msg time="2026-07-25T14:24:55.781876" level="INFO">Slept 1 second.</msg>
<arg>1s</arg>
<doc>Pauses the test executed for the given time.</doc>
<status status="PASS" start="2026-07-25T14:24:54.780888" elapsed="1.001146"/>
</kw>
<kw name="Click Element" owner="SeleniumLibrary">
<msg time="2026-07-25T14:24:55.782435" level="INFO">Clicking element 'xpath=(//button[@type='button'])[12]'.</msg>
<arg>${BUTTON CHERCHER}</arg>
<doc>Click the element identified by ``locator``.</doc>
<status status="PASS" start="2026-07-25T14:24:55.782210" elapsed="0.075757"/>
</kw>
<kw name="Sleep" owner="BuiltIn">
<msg time="2026-07-25T14:24:56.859426" level="INFO">Slept 1 second.</msg>
<arg>1s</arg>
<doc>Pauses the test executed for the given time.</doc>
<status status="PASS" start="2026-07-25T14:24:55.858175" elapsed="1.001482"/>
</kw>
<arg>${DESTINATION}</arg>
<status status="PASS" start="2026-07-25T14:24:53.363403" elapsed="3.496425"/>
</kw>
<kw name="Ouvrir l'annonce" owner="commun_US-07">
<kw name="Click Element" owner="SeleniumLibrary">
<msg time="2026-07-25T14:24:56.860383" level="INFO">Clicking element 'css=#homey_halfmap_listings_container &gt; .item-wrap:nth-child(1) .item-title-head a'.</msg>
<arg>${ANNONCE}</arg>
<doc>Click the element identified by ``locator``.</doc>
<status status="PASS" start="2026-07-25T14:24:56.860211" elapsed="1.251489"/>
</kw>
<kw name="Sleep" owner="BuiltIn">
<msg time="2026-07-25T14:24:59.112599" level="INFO">Slept 1 second.</msg>
<arg>1s</arg>
<doc>Pauses the test executed for the given time.</doc>
<status status="PASS" start="2026-07-25T14:24:58.111944" elapsed="1.000909"/>
</kw>
<status status="PASS" start="2026-07-25T14:24:56.859984" elapsed="2.253047"/>
</kw>
<kw name="Choisir des dates disponibles aléatoires" owner="commun_US-07">
<kw name="Click Element" owner="SeleniumLibrary">
<msg time="2026-07-25T14:24:59.113827" level="INFO">Clicking element 'css=input[name="arrive"]'.</msg>
<arg>${CHAMP DATE DEBUT}</arg>
<doc>Click the element identified by ``locator``.</doc>
<status status="PASS" start="2026-07-25T14:24:59.113625" elapsed="0.073745"/>
</kw>
<kw name="Récupérer les dates futures disponibles" owner="commun_US-07">
<kw name="Wait Until Element Is Visible" owner="SeleniumLibrary">
<arg>${CALENDRIER}</arg>
<arg>10s</arg>
<doc>Waits until the element ``locator`` is visible.</doc>
<status status="PASS" start="2026-07-25T14:24:59.187833" elapsed="0.015572"/>
</kw>
<kw name="Execute Javascript" owner="SeleniumLibrary">
<msg time="2026-07-25T14:24:59.204296" level="INFO">Executing JavaScript:
return Array.from(document.querySelectorAll('#single-booking-search-calendar .single-listing-calendar-wrap:not([style*="display:none"]) li.day-available.future-day')).map(el =&gt; Number(el.dataset.timestamp));
Without any arguments.</msg>
<msg time="2026-07-25T14:24:59.214151" level="INFO">${timestamps} = [1785715200, 1787011200, 1787356800, 1787702400, 1787875200, 1785715200, 1787011200, 1787356800, 1787702400, 1787875200]</msg>
<var>${timestamps}</var>
<arg>return Array.from(document.querySelectorAll('#single-booking-search-calendar .single-listing-calendar-wrap:not([style*="display:none"]) li.day-available.future-day')).map(el =&gt; Number(el.dataset.timestamp));</arg>
<doc>Executes the given JavaScript code with possible arguments.</doc>
<status status="PASS" start="2026-07-25T14:24:59.203693" elapsed="0.010570"/>
</kw>
<kw name="Evaluate" owner="BuiltIn">
<msg time="2026-07-25T14:24:59.215729" level="INFO">${paires} = []</msg>
<var>${paires}</var>
<arg>[(date, date + 86400) for date in $timestamps if date + 86400 in $timestamps]</arg>
<doc>Evaluates the given expression in Python and returns the result.</doc>
<status status="PASS" start="2026-07-25T14:24:59.214562" elapsed="0.001252"/>
</kw>
<return>
<value>${paires}</value>
<status status="PASS" start="2026-07-25T14:24:59.215951" elapsed="0.000129"/>
</return>
<msg time="2026-07-25T14:24:59.216386" level="INFO">${paires} = []</msg>
<var>${paires}</var>
<status status="PASS" start="2026-07-25T14:24:59.187602" elapsed="0.028961"/>
</kw>
<kw name="Get Length" owner="BuiltIn">
<msg time="2026-07-25T14:24:59.217658" level="INFO">Length is 0.</msg>
<msg time="2026-07-25T14:24:59.217810" level="INFO">${nombre_paires} = 0</msg>
<var>${nombre_paires}</var>
<arg>${paires}</arg>
<doc>Returns and logs the length of the given item as an integer.</doc>
<status status="PASS" start="2026-07-25T14:24:59.216804" elapsed="0.001052"/>
</kw>
<if>
<branch type="IF" condition="${nombre_paires} == 0">
<kw name="Click Button" owner="SeleniumLibrary">
<msg time="2026-07-25T14:24:59.218653" level="INFO">Clicking button 'css=.listing-cal-next'.</msg>
<arg>${BUTTON NEXT MONTH}</arg>
<doc>Clicks the button identified by ``locator``.</doc>
<status status="PASS" start="2026-07-25T14:24:59.218390" elapsed="0.112159"/>
</kw>
<kw name="Récupérer les dates futures disponibles" owner="commun_US-07">
<kw name="Wait Until Element Is Visible" owner="SeleniumLibrary">
<arg>${CALENDRIER}</arg>
<arg>10s</arg>
<doc>Waits until the element ``locator`` is visible.</doc>
<status status="PASS" start="2026-07-25T14:24:59.331435" elapsed="0.041575"/>
</kw>
<kw name="Execute Javascript" owner="SeleniumLibrary">
<msg time="2026-07-25T14:24:59.374367" level="INFO">Executing JavaScript:
return Array.from(document.querySelectorAll('#single-booking-search-calendar .single-listing-calendar-wrap:not([style*="display:none"]) li.day-available.future-day')).map(el =&gt; Number(el.dataset.timestamp));
Without any arguments.</msg>
<msg time="2026-07-25T14:24:59.384207" level="INFO">${timestamps} = [1785715200, 1787011200, 1787356800, 1787702400, 1787875200, 1788220800, 1788307200, 1788393600, 1788480000, 1788566400, 1788825600, 1788912000, 1788998400, 1789084800, 1789257600, 1789344000, 1789430...</msg>
<var>${timestamps}</var>
<arg>return Array.from(document.querySelectorAll('#single-booking-search-calendar .single-listing-calendar-wrap:not([style*="display:none"]) li.day-available.future-day')).map(el =&gt; Number(el.dataset.timestamp));</arg>
<doc>Executes the given JavaScript code with possible arguments.</doc>
<status status="PASS" start="2026-07-25T14:24:59.373576" elapsed="0.010734"/>
</kw>
<kw name="Evaluate" owner="BuiltIn">
<msg time="2026-07-25T14:24:59.385946" level="INFO">${paires} = [(1788220800, 1788307200), (1788307200, 1788393600), (1788393600, 1788480000), (1788480000, 1788566400), (1788825600, 1788912000), (1788912000, 1788998400), (1788998400, 1789084800), (1789257600, 1789...</msg>
<var>${paires}</var>
<arg>[(date, date + 86400) for date in $timestamps if date + 86400 in $timestamps]</arg>
<doc>Evaluates the given expression in Python and returns the result.</doc>
<status status="PASS" start="2026-07-25T14:24:59.384617" elapsed="0.001381"/>
</kw>
<return>
<value>${paires}</value>
<status status="PASS" start="2026-07-25T14:24:59.386149" elapsed="0.000094"/>
</return>
<msg time="2026-07-25T14:24:59.386520" level="INFO">${paires} = [(1788220800, 1788307200), (1788307200, 1788393600), (1788393600, 1788480000), (1788480000, 1788566400), (1788825600, 1788912000), (1788912000, 1788998400), (1788998400, 1789084800), (1789257600, 1789...</msg>
<var>${paires}</var>
<status status="PASS" start="2026-07-25T14:24:59.330910" elapsed="0.055651"/>
</kw>
<kw name="Get Length" owner="BuiltIn">
<msg time="2026-07-25T14:24:59.387141" level="INFO">Length is 106.</msg>
<msg time="2026-07-25T14:24:59.387249" level="INFO">${nombre_paires} = 106</msg>
<var>${nombre_paires}</var>
<arg>${paires}</arg>
<doc>Returns and logs the length of the given item as an integer.</doc>
<status status="PASS" start="2026-07-25T14:24:59.386744" elapsed="0.000536"/>
</kw>
<kw name="Should Be True" owner="BuiltIn">
<arg>${nombre_paires} &gt; 0</arg>
<arg>Aucune période de deux jours consécutifs disponible.</arg>
<doc>Fails if the given condition is not true.</doc>
<status status="PASS" start="2026-07-25T14:24:59.387469" elapsed="0.000718"/>
</kw>
<status status="PASS" start="2026-07-25T14:24:59.218039" elapsed="0.170257"/>
</branch>
<branch type="ELSE IF" condition="${nombre_paires} &gt; 0">
<kw name="Should Be True" owner="BuiltIn">
<arg>${nombre_paires} &gt; 0</arg>
<arg>Aucune période de deux jours consécutifs disponible.</arg>
<doc>Fails if the given condition is not true.</doc>
<status status="NOT RUN" start="2026-07-25T14:24:59.388548" elapsed="0.000049"/>
</kw>
<status status="NOT RUN" start="2026-07-25T14:24:59.388375" elapsed="0.000384"/>
</branch>
<status status="PASS" start="2026-07-25T14:24:59.217997" elapsed="0.170827"/>
</if>
<kw name="Should Be True" owner="BuiltIn">
<arg>${nombre_paires} &gt; 0</arg>
<arg>Aucune période de deux jours consécutifs disponible.</arg>
<doc>Fails if the given condition is not true.</doc>
<status status="PASS" start="2026-07-25T14:24:59.388977" elapsed="0.000507"/>
</kw>
<kw name="Evaluate" owner="BuiltIn">
<msg time="2026-07-25T14:24:59.390373" level="INFO">${paire} = (1792540800, 1792627200)</msg>
<var>${paire}</var>
<arg>random.choice($paires)</arg>
<arg>modules=random</arg>
<doc>Evaluates the given expression in Python and returns the result.</doc>
<status status="PASS" start="2026-07-25T14:24:59.389710" elapsed="0.000706"/>
</kw>
<kw name="Set Variable" owner="BuiltIn">
<msg time="2026-07-25T14:24:59.391304" level="INFO">${date_debut} = 1792540800</msg>
<var>${date_debut}</var>
<arg>${paire}[0]</arg>
<doc>Returns the given values which can then be assigned to a variables.</doc>
<status status="PASS" start="2026-07-25T14:24:59.390605" elapsed="0.000754"/>
</kw>
<kw name="Set Variable" owner="BuiltIn">
<msg time="2026-07-25T14:24:59.392021" level="INFO">${date_fin} = 1792627200</msg>
<var>${date_fin}</var>
<arg>${paire}[1]</arg>
<doc>Returns the given values which can then be assigned to a variables.</doc>
<status status="PASS" start="2026-07-25T14:24:59.391548" elapsed="0.000526"/>
</kw>
<kw name="Click Element" owner="SeleniumLibrary">
<msg time="2026-07-25T14:24:59.394324" level="INFO">Clicking element 'xpath=//div[@id='single-booking-search-calendar']//li[@data-timestamp='1792540800' and contains(@class,'day-available')]'.</msg>
<arg>xpath=//div[@id='single-booking-search-calendar']//li[@data-timestamp='${date_debut}' and contains(@class,'day-available')]</arg>
<doc>Click the element identified by ``locator``.</doc>
<status status="PASS" start="2026-07-25T14:24:59.393242" elapsed="0.086320"/>
</kw>
<kw name="Click Element" owner="SeleniumLibrary">
<msg time="2026-07-25T14:24:59.480398" level="INFO">Clicking element 'xpath=//div[@id='single-booking-search-calendar']//li[@data-timestamp='1792627200' and contains(@class,'day-available')]'.</msg>
<arg>xpath=//div[@id='single-booking-search-calendar']//li[@data-timestamp='${date_fin}' and contains(@class,'day-available')]</arg>
<doc>Click the element identified by ``locator``.</doc>
<status status="PASS" start="2026-07-25T14:24:59.479883" elapsed="0.086388"/>
</kw>
<status status="PASS" start="2026-07-25T14:24:59.113354" elapsed="0.453039"/>
</kw>
<kw name="Choisir le nombre de voyageurs" owner="commun_US-07">
<kw name="Evaluate" owner="BuiltIn">
<msg time="2026-07-25T14:24:59.567385" level="INFO">${nombre_voyageurs} = 1</msg>
<var>${nombre_voyageurs}</var>
<arg>random.randint(1, 2)</arg>
<arg>modules=random</arg>
<doc>Evaluates the given expression in Python and returns the result.</doc>
<status status="PASS" start="2026-07-25T14:24:59.566855" elapsed="0.000597"/>
</kw>
<kw name="Click Element" owner="SeleniumLibrary">
<msg time="2026-07-25T14:24:59.568269" level="INFO">Clicking element 'css=input[name="guests"]'.</msg>
<arg>${CHAMP VOYAGEURS}</arg>
<doc>Click the element identified by ``locator``.</doc>
<status status="PASS" start="2026-07-25T14:24:59.567808" elapsed="0.071532"/>
</kw>
<kw name="Wait Until Element Is Visible" owner="SeleniumLibrary">
<arg>${BUTTON AJOUTER ADULTE}</arg>
<arg>10s</arg>
<doc>Waits until the element ``locator`` is visible.</doc>
<status status="PASS" start="2026-07-25T14:24:59.639577" elapsed="0.013517"/>
</kw>
<for flavor="IN RANGE">
<iter>
<kw name="Click Button" owner="SeleniumLibrary">
<msg time="2026-07-25T14:24:59.653719" level="INFO">Clicking button 'css=.adult_plus'.</msg>
<arg>${BUTTON AJOUTER ADULTE}</arg>
<doc>Clicks the button identified by ``locator``.</doc>
<status status="PASS" start="2026-07-25T14:24:59.653550" elapsed="0.082814"/>
</kw>
<var name="${index}">0</var>
<status status="PASS" start="2026-07-25T14:24:59.653441" elapsed="0.083001"/>
</iter>
<var>${index}</var>
<value>${nombre_voyageurs}</value>
<status status="PASS" start="2026-07-25T14:24:59.653247" elapsed="0.083255"/>
</for>
<kw name="Click Button" owner="SeleniumLibrary">
<msg time="2026-07-25T14:24:59.736825" level="INFO">Clicking button 'css=.apply_guests'.</msg>
<arg>${BUTTON APPLIQUER VOYAGEURS}</arg>
<doc>Clicks the button identified by ``locator``.</doc>
<status status="PASS" start="2026-07-25T14:24:59.736635" elapsed="0.082857"/>
</kw>
<status status="PASS" start="2026-07-25T14:24:59.566598" elapsed="0.253033"/>
</kw>
<kw name="Click Button" owner="SeleniumLibrary">
<msg time="2026-07-25T14:24:59.819938" level="INFO">Clicking button 'id=request_for_reservation'.</msg>
<arg>${BUTTON DEMANDE RESERVATION}</arg>
<doc>Clicks the button identified by ``locator``.</doc>
<status status="PASS" start="2026-07-25T14:24:59.819747" elapsed="0.071049"/>
</kw>
<kw name="Wait Until Element Is Visible" owner="SeleniumLibrary">
<arg>${DEMANDE NON ENVOYEE}</arg>
<arg>10s</arg>
<doc>Waits until the element ``locator`` is visible.</doc>
<status status="PASS" start="2026-07-25T14:24:59.890989" elapsed="0.830169"/>
</kw>
<status status="PASS" start="2026-07-25T14:24:44.458710" elapsed="16.262553"/>
</kw>
<kw name="Fermer l'application" owner="commun_US-07" type="TEARDOWN">
<kw name="Close Browser" owner="SeleniumLibrary">
<doc>Closes the current browser.</doc>
<status status="PASS" start="2026-07-25T14:25:00.721913" elapsed="2.799131"/>
</kw>
<status status="PASS" start="2026-07-25T14:25:00.721646" elapsed="2.799518"/>
</kw>
<doc>Vérifier qu'un voyageur non connecté ne peut pas envoyer une demande de réservation pour une annonce.</doc>
<tag>PP-12</tag>
<tag>US-07</tag>
<status status="PASS" start="2026-07-25T14:24:44.457888" elapsed="19.063443"/>
</test>
<status status="PASS" start="2026-07-25T14:24:44.208883" elapsed="19.313125"/>
</suite>
<suite id="s1-s1-s2" name="2 Validation Date Fin" source="E:\TestAcademy\QA-test-academi\PFF\auto_test\IHM\US-07\2_validation_date_fin.robot">
<test id="s1-s1-s2-t1" name="Tester la date de fin égale à la date de début" line="55">
<kw name="Préparer le test" owner="commun_US-07" type="SETUP">
<kw name="Ouvrir le navigateur et accéder à l'application" owner="commun_US-07">
<kw name="Fermer les navigateurs restants" owner="commun_US-07">
<kw name="Run Keyword And Ignore Error" owner="BuiltIn">
<kw name="Close All Browsers" owner="SeleniumLibrary">
<doc>Closes all open browsers and resets the browser cache.</doc>
<status status="PASS" start="2026-07-25T14:25:03.529404" elapsed="0.000147"/>
</kw>
<arg>Close All Browsers</arg>
<doc>Runs the given keyword with the given arguments and ignores possible error.</doc>
<status status="PASS" start="2026-07-25T14:25:03.529066" elapsed="0.000555"/>
</kw>
<status status="PASS" start="2026-07-25T14:25:03.528802" elapsed="0.000886"/>
</kw>
<kw name="Wait Until Keyword Succeeds" owner="BuiltIn">
<kw name="Ouvrir App" owner="commun_US-07">
<kw name="Open Browser" owner="SeleniumLibrary">
<msg time="2026-07-25T14:25:03.532549" level="INFO">Opening browser 'Firefox' to base url 'http://livraison3.testacademy.fr/'.</msg>
<arg>${URL}</arg>
<arg>${NAVIGATEUR}</arg>
<doc>Opens a new browser instance to the optional ``url``.</doc>
<status status="PASS" start="2026-07-25T14:25:03.532259" elapsed="7.741224"/>
</kw>
<kw name="Maximize Browser Window" owner="SeleniumLibrary">
<doc>Maximizes current browser window.</doc>
<status status="PASS" start="2026-07-25T14:25:11.273722" elapsed="0.274814"/>
</kw>
<status status="PASS" start="2026-07-25T14:25:03.531350" elapsed="8.017408"/>
</kw>
<arg>2x</arg>
<arg>3s</arg>
<arg>Ouvrir App</arg>
<doc>Runs the specified keyword and retries if it fails.</doc>
<status status="PASS" start="2026-07-25T14:25:03.529801" elapsed="8.019027"/>
</kw>
<kw name="Wait Until Page Contains Element" owner="SeleniumLibrary">
<arg>tag=body</arg>
<arg>15s</arg>
<doc>Waits until the element ``locator`` appears on the current page.</doc>
<status status="PASS" start="2026-07-25T14:25:11.549026" elapsed="0.016300"/>
</kw>
<status status="PASS" start="2026-07-25T14:25:03.528415" elapsed="8.037078"/>
</kw>
<kw name="Se connecter" owner="commun_US-07">
<kw name="Click Element" owner="SeleniumLibrary">
<msg time="2026-07-25T14:25:11.566648" level="INFO">Clicking element 'xpath=//a[contains(text(),'Se connecter')]'.</msg>
<arg>${LIEN SE CONNECTER}</arg>
<doc>Click the element identified by ``locator``.</doc>
<status status="PASS" start="2026-07-25T14:25:11.566321" elapsed="0.098981"/>
</kw>
<kw name="Wait Until Element Is Visible" owner="SeleniumLibrary">
<arg>${CHAMP NOM UTILISATEUR}</arg>
<doc>Waits until the element ``locator`` is visible.</doc>
<status status="PASS" start="2026-07-25T14:25:11.665783" elapsed="0.246685"/>
</kw>
<kw name="Clear Element Text" owner="SeleniumLibrary">
<arg>${CHAMP NOM UTILISATEUR}</arg>
<doc>Clears the value of the text-input-element identified by ``locator``.</doc>
<status status="PASS" start="2026-07-25T14:25:11.912784" elapsed="0.017201"/>
</kw>
<kw name="Clear Element Text" owner="SeleniumLibrary">
<arg>${CHAMP MOT DE PASSE}</arg>
<doc>Clears the value of the text-input-element identified by ``locator``.</doc>
<status status="PASS" start="2026-07-25T14:25:11.931063" elapsed="0.013865"/>
</kw>
<kw name="Input Text" owner="SeleniumLibrary">
<msg time="2026-07-25T14:25:11.945771" level="INFO">Typing text 'robot' into text field 'name=username'.</msg>
<arg>${CHAMP NOM UTILISATEUR}</arg>
<arg>${user}</arg>
<doc>Types the given ``text`` into the text field identified by ``locator``.</doc>
<status status="PASS" start="2026-07-25T14:25:11.945281" elapsed="0.034667"/>
</kw>
<kw name="Input Text" owner="SeleniumLibrary">
<msg time="2026-07-25T14:25:11.980625" level="INFO">Typing text 'robot' into text field 'name=password'.</msg>
<arg>${CHAMP MOT DE PASSE}</arg>
<arg>${pass}</arg>
<doc>Types the given ``text`` into the text field identified by ``locator``.</doc>
<status status="PASS" start="2026-07-25T14:25:11.980224" elapsed="0.026058"/>
</kw>
<kw name="Click Button" owner="SeleniumLibrary">
<msg time="2026-07-25T14:25:12.007549" level="INFO">Clicking button 'css=.homey_login_button'.</msg>
<arg>${BOUTON VALIDER}</arg>
<doc>Clicks the button identified by ``locator``.</doc>
<status status="PASS" start="2026-07-25T14:25:12.006665" elapsed="0.094329"/>
</kw>
<kw name="Title Should Be" owner="SeleniumLibrary">
<msg time="2026-07-25T14:25:12.103046" level="INFO">Page title is 'Accueil - Livraison 3'.</msg>
<arg>${TITRE TABLEAU DE BORD VOYAGEUR}</arg>
<doc>Verifies that the current page title equals ``title``.</doc>
<status status="PASS" start="2026-07-25T14:25:12.101293" elapsed="0.001818"/>
</kw>
<kw name="Wait Until Element Is Not Visible" owner="SeleniumLibrary">
<arg>${MODAL LOGIN}</arg>
<arg>10s</arg>
<doc>Waits until the element ``locator`` is not visible.</doc>
<status status="PASS" start="2026-07-25T14:25:12.103239" elapsed="1.050836"/>
</kw>
<kw name="Wait Until Page Contains Element" owner="SeleniumLibrary">
<arg>${BUTTON ACCUEIL}</arg>
<arg>10s</arg>
<doc>Waits until the element ``locator`` appears on the current page.</doc>
<status status="PASS" start="2026-07-25T14:25:13.154415" elapsed="0.267624"/>
</kw>
<arg>${UTILISATEUR VALIDE}</arg>
<arg>${MOT DE PASSE VALIDE}</arg>
<status status="PASS" start="2026-07-25T14:25:11.565769" elapsed="1.856439"/>
</kw>
<kw name="Retourner sur la page d'accueil" owner="commun_US-07">
<kw name="Wait Until Element Is Visible" owner="SeleniumLibrary">
<arg>${BUTTON ACCUEIL}</arg>
<arg>10s</arg>
<doc>Waits until the element ``locator`` is visible.</doc>
<status status="PASS" start="2026-07-25T14:25:13.422902" elapsed="0.031161"/>
</kw>
<kw name="Click Element" owner="SeleniumLibrary">
<msg time="2026-07-25T14:25:13.454593" level="INFO">Clicking element 'xpath=//li[@id='menu-item-4630']/a'.</msg>
<arg>${BUTTON ACCUEIL}</arg>
<doc>Click the element identified by ``locator``.</doc>
<status status="PASS" start="2026-07-25T14:25:13.454267" elapsed="1.059621"/>
</kw>
<kw name="Wait Until Page Contains" owner="SeleniumLibrary">
<arg>${TITRE ACCUEIL}</arg>
<arg>10s</arg>
<doc>Waits until ``text`` appears on the current page.</doc>
<status status="PASS" start="2026-07-25T14:25:14.514121" elapsed="0.016089"/>
</kw>
<status status="PASS" start="2026-07-25T14:25:13.422487" elapsed="1.107845"/>
</kw>
<kw name="Trouver l'annonce" owner="commun_US-07">
<kw name="Wait Until Element Is Visible" owner="SeleniumLibrary">
<arg>${BUTTON CHERCHER ANNONCE}</arg>
<doc>Waits until the element ``locator`` is visible.</doc>
<status status="PASS" start="2026-07-25T14:25:14.530884" elapsed="0.019379"/>
</kw>
<kw name="Click Element" owner="SeleniumLibrary">
<msg time="2026-07-25T14:25:14.550699" level="INFO">Clicking element 'css=.search-button &gt; .btn-primary:nth-child(1)'.</msg>
<arg>${BUTTON CHERCHER ANNONCE}</arg>
<doc>Click the element identified by ``locator``.</doc>
<status status="PASS" start="2026-07-25T14:25:14.550446" elapsed="1.154382"/>
</kw>
<kw name="Click Element" owner="SeleniumLibrary">
<msg time="2026-07-25T14:25:15.705646" level="INFO">Clicking element 'xpath=//span[contains(.,'Destination')]'.</msg>
<arg>${BAR DESTINATION}</arg>
<doc>Click the element identified by ``locator``.</doc>
<status status="PASS" start="2026-07-25T14:25:15.705137" elapsed="0.165081"/>
</kw>
<kw name="Input Text" owner="SeleniumLibrary">
<msg time="2026-07-25T14:25:15.870668" level="INFO">Typing text 'Miami' into text field 'css=.open &gt; .dropdown-menu .form-control'.</msg>
<arg>${TEXT CHAMP DESTINATION}</arg>
<arg>${destination}</arg>
<doc>Types the given ``text`` into the text field identified by ``locator``.</doc>
<status status="PASS" start="2026-07-25T14:25:15.870431" elapsed="0.074043"/>
</kw>
<kw name="Sleep" owner="BuiltIn">
<msg time="2026-07-25T14:25:16.945254" level="INFO">Slept 1 second.</msg>
<arg>1s</arg>
<doc>Pauses the test executed for the given time.</doc>
<status status="PASS" start="2026-07-25T14:25:15.944689" elapsed="1.000783"/>
</kw>
<kw name="Click Element" owner="SeleniumLibrary">
<msg time="2026-07-25T14:25:16.946157" level="INFO">Clicking element 'xpath=(//button[@type='button'])[12]'.</msg>
<arg>${BUTTON CHERCHER}</arg>
<doc>Click the element identified by ``locator``.</doc>
<status status="PASS" start="2026-07-25T14:25:16.945811" elapsed="0.082274"/>
</kw>
<kw name="Sleep" owner="BuiltIn">
<msg time="2026-07-25T14:25:18.030130" level="INFO">Slept 1 second.</msg>
<arg>1s</arg>
<doc>Pauses the test executed for the given time.</doc>
<status status="PASS" start="2026-07-25T14:25:17.028344" elapsed="1.002150"/>
</kw>
<arg>${DESTINATION}</arg>
<status status="PASS" start="2026-07-25T14:25:14.530522" elapsed="3.500209"/>
</kw>
<kw name="Ouvrir l'annonce" owner="commun_US-07">
<kw name="Click Element" owner="SeleniumLibrary">
<msg time="2026-07-25T14:25:18.031671" level="INFO">Clicking element 'css=#homey_halfmap_listings_container &gt; .item-wrap:nth-child(1) .item-title-head a'.</msg>
<arg>${ANNONCE}</arg>
<doc>Click the element identified by ``locator``.</doc>
<status status="PASS" start="2026-07-25T14:25:18.031440" elapsed="1.205110"/>
</kw>
<kw name="Sleep" owner="BuiltIn">
<msg time="2026-07-25T14:25:20.237385" level="INFO">Slept 1 second.</msg>
<arg>1s</arg>
<doc>Pauses the test executed for the given time.</doc>
<status status="PASS" start="2026-07-25T14:25:19.236813" elapsed="1.000700"/>
</kw>
<status status="PASS" start="2026-07-25T14:25:18.031113" elapsed="2.206505"/>
</kw>
<status status="PASS" start="2026-07-25T14:25:03.528031" elapsed="16.709639"/>
</kw>
<kw name="Vérifier une date de fin invalide">
<kw name="Click Element" owner="SeleniumLibrary">
<msg time="2026-07-25T14:25:20.239563" level="INFO">Clicking element 'css=input[name="arrive"]'.</msg>
<arg>${CHAMP DATE DEBUT}</arg>
<doc>Click the element identified by ``locator``.</doc>
<status status="PASS" start="2026-07-25T14:25:20.239237" elapsed="0.087602"/>
</kw>
<kw name="Wait Until Element Is Visible" owner="SeleniumLibrary">
<arg>${CALENDRIER}</arg>
<arg>10s</arg>
<doc>Waits until the element ``locator`` is visible.</doc>
<status status="PASS" start="2026-07-25T14:25:20.327009" elapsed="0.012890"/>
</kw>
<kw name="Execute Javascript" owner="SeleniumLibrary">
<msg time="2026-07-25T14:25:20.341056" level="INFO">Executing JavaScript:
return Array.from(document.querySelectorAll('#single-booking-search-calendar .single-listing-calendar-wrap:not([style*="display:none"]) li.day-available.future-day')).map(el =&gt; Number(el.dataset.timestamp));
Without any arguments.</msg>
<msg time="2026-07-25T14:25:20.345663" level="INFO">${timestamps} = [1785715200, 1787011200, 1787356800, 1787702400, 1787875200, 1785715200, 1787011200, 1787356800, 1787702400, 1787875200]</msg>
<var>${timestamps}</var>
<arg>return Array.from(document.querySelectorAll('#single-booking-search-calendar .single-listing-calendar-wrap:not([style*="display:none"]) li.day-available.future-day')).map(el =&gt; Number(el.dataset.timestamp));</arg>
<doc>Executes the given JavaScript code with possible arguments.</doc>
<status status="PASS" start="2026-07-25T14:25:20.340288" elapsed="0.005419"/>
</kw>
<kw name="Evaluate" owner="BuiltIn">
<msg time="2026-07-25T14:25:20.346690" level="INFO">${paires} = []</msg>
<var>${paires}</var>
<arg>[(date, date + 86400) for date in $timestamps if date + 86400 in $timestamps]</arg>
<doc>Evaluates the given expression in Python and returns the result.</doc>
<status status="PASS" start="2026-07-25T14:25:20.345867" elapsed="0.000889"/>
</kw>
<kw name="Get Length" owner="BuiltIn">
<msg time="2026-07-25T14:25:20.347548" level="INFO">Length is 0.</msg>
<msg time="2026-07-25T14:25:20.347716" level="INFO">${nombre_paires} = 0</msg>
<var>${nombre_paires}</var>
<arg>${paires}</arg>
<doc>Returns and logs the length of the given item as an integer.</doc>
<status status="PASS" start="2026-07-25T14:25:20.347009" elapsed="0.000754"/>
</kw>
<kw name="Should Be True" owner="BuiltIn">
<msg time="2026-07-25T14:25:20.348851" level="FAIL">Aucune période de deux jours consécutifs disponible.</msg>
<arg>${nombre_paires} &gt; 0</arg>
<arg>Aucune période de deux jours consécutifs disponible.</arg>
<doc>Fails if the given condition is not true.</doc>
<status status="FAIL" start="2026-07-25T14:25:20.348043" elapsed="0.001145">Aucune période de deux jours consécutifs disponible.</status>
</kw>
<kw name="Evaluate" owner="BuiltIn">
<var>${paire}</var>
<arg>random.choice($paires)</arg>
<arg>modules=random</arg>
<doc>Evaluates the given expression in Python and returns the result.</doc>
<status status="NOT RUN" start="2026-07-25T14:25:20.349493" elapsed="0.000069"/>
</kw>
<if>
<branch type="IF" condition="'${type}' == 'egale'">
<kw name="Set Variable" owner="BuiltIn">
<var>${date_debut}</var>
<arg>${paire}[0]</arg>
<doc>Returns the given values which can then be assigned to a variables.</doc>
<status status="NOT RUN" start="2026-07-25T14:25:20.349888" elapsed="0.000031"/>
</kw>
<kw name="Set Variable" owner="BuiltIn">
<var>${date_fin}</var>
<arg>${paire}[0]</arg>
<doc>Returns the given values which can then be assigned to a variables.</doc>
<status status="NOT RUN" start="2026-07-25T14:25:20.350011" elapsed="0.000051"/>
</kw>
<status status="NOT RUN" start="2026-07-25T14:25:20.349732" elapsed="0.000391"/>
</branch>
<branch type="ELSE IF" condition="'${type}' == 'inferieure'">
<kw name="Set Variable" owner="BuiltIn">
<var>${date_debut}</var>
<arg>${paire}[1]</arg>
<doc>Returns the given values which can then be assigned to a variables.</doc>
<status status="NOT RUN" start="2026-07-25T14:25:20.350303" elapsed="0.000026"/>
</kw>
<kw name="Set Variable" owner="BuiltIn">
<var>${date_fin}</var>
<arg>${paire}[0]</arg>
<doc>Returns the given values which can then be assigned to a variables.</doc>
<status status="NOT RUN" start="2026-07-25T14:25:20.350451" elapsed="0.000026"/>
</kw>
<status status="NOT RUN" start="2026-07-25T14:25:20.350181" elapsed="0.000344"/>
</branch>
<branch type="ELSE">
<kw name="Fail" owner="BuiltIn">
<arg>Type de scénario inconnu : ${type}</arg>
<doc>Fails the test with the given message and optionally alters its tags.</doc>
<status status="NOT RUN" start="2026-07-25T14:25:20.350646" elapsed="0.000022"/>
</kw>
<status status="NOT RUN" start="2026-07-25T14:25:20.350565" elapsed="0.000137"/>
</branch>
<status status="NOT RUN" start="2026-07-25T14:25:20.349692" elapsed="0.001039"/>
</if>
<kw name="Click Element" owner="SeleniumLibrary">
<arg>xpath=//div[@id='single-booking-search-calendar']//li[@data-timestamp='${date_debut}' and contains(@class,'day-available')]</arg>
<doc>Click the element identified by ``locator``.</doc>
<status status="NOT RUN" start="2026-07-25T14:25:20.350813" elapsed="0.000022"/>
</kw>
<kw name="Click Element" owner="SeleniumLibrary">
<arg>xpath=//div[@id='single-booking-search-calendar']//li[@data-timestamp='${date_fin}' and contains(@class,'day-available')]</arg>
<doc>Click the element identified by ``locator``.</doc>
<status status="NOT RUN" start="2026-07-25T14:25:20.350909" elapsed="0.000020"/>
</kw>
<kw name="Wait Until Element Is Visible" owner="SeleniumLibrary">
<arg>${ERREUR}</arg>
<arg>10s</arg>
<doc>Waits until the element ``locator`` is visible.</doc>
<status status="NOT RUN" start="2026-07-25T14:25:20.351003" elapsed="0.000021"/>
</kw>
<kw name="Element Should Contain" owner="SeleniumLibrary">
<arg>${ERREUR}</arg>
<arg>${MESSAGE ERREUR}</arg>
<doc>Verifies that element ``locator`` contains text ``expected``.</doc>
<status status="NOT RUN" start="2026-07-25T14:25:20.351097" elapsed="0.000020"/>
</kw>
<arg>egale</arg>
<status status="FAIL" start="2026-07-25T14:25:20.238781" elapsed="0.112458">Aucune période de deux jours consécutifs disponible.</status>
</kw>
<kw name="Sleep" owner="BuiltIn">
<arg>1s</arg>
<doc>Pauses the test executed for the given time.</doc>
<status status="NOT RUN" start="2026-07-25T14:25:20.351613" elapsed="0.000074"/>
</kw>
<kw name="Vérifier une date de fin invalide">
<arg>inferieure</arg>
<status status="NOT RUN" start="2026-07-25T14:25:20.352231" elapsed="0.000069"/>
</kw>
<kw name="Fermer l'application" owner="commun_US-07" type="TEARDOWN">
<kw name="Close Browser" owner="SeleniumLibrary">
<doc>Closes the current browser.</doc>
<status status="PASS" start="2026-07-25T14:25:20.353325" elapsed="2.755052"/>
</kw>
<status status="PASS" start="2026-07-25T14:25:20.352861" elapsed="2.755632"/>
</kw>
<doc>Vérifier qu'il est impossible de sélectionner une date de fin égale ou antérieure à la date de début.</doc>
<tag>PP-14</tag>
<tag>US-07</tag>
<status status="FAIL" start="2026-07-25T14:25:03.526662" elapsed="19.581990">Aucune période de deux jours consécutifs disponible.</status>
</test>
<status status="FAIL" start="2026-07-25T14:25:03.522748" elapsed="19.586613"/>
</suite>
<suite id="s1-s1-s3" name="3 validation Nb voyageurs" source="E:\TestAcademy\QA-test-academi\PFF\auto_test\IHM\US-07\3_validation_Nb_voyageurs.robot">
<test id="s1-s1-s3-t1" name="Tester la validation du nombre de voyageurs" line="25">
<kw name="Préparer le test" owner="commun_US-07" type="SETUP">
<kw name="Ouvrir le navigateur et accéder à l'application" owner="commun_US-07">
<kw name="Fermer les navigateurs restants" owner="commun_US-07">
<kw name="Run Keyword And Ignore Error" owner="BuiltIn">
<kw name="Close All Browsers" owner="SeleniumLibrary">
<doc>Closes all open browsers and resets the browser cache.</doc>
<status status="PASS" start="2026-07-25T14:25:23.116470" elapsed="0.000197"/>
</kw>
<arg>Close All Browsers</arg>
<doc>Runs the given keyword with the given arguments and ignores possible error.</doc>
<status status="PASS" start="2026-07-25T14:25:23.115816" elapsed="0.000935"/>
</kw>
<status status="PASS" start="2026-07-25T14:25:23.115301" elapsed="0.001522"/>
</kw>
<kw name="Wait Until Keyword Succeeds" owner="BuiltIn">
<kw name="Ouvrir App" owner="commun_US-07">
<kw name="Open Browser" owner="SeleniumLibrary">
<msg time="2026-07-25T14:25:23.117917" level="INFO">Opening browser 'Firefox' to base url 'http://livraison3.testacademy.fr/'.</msg>
<arg>${URL}</arg>
<arg>${NAVIGATEUR}</arg>
<doc>Opens a new browser instance to the optional ``url``.</doc>
<status status="PASS" start="2026-07-25T14:25:23.117700" elapsed="7.977458"/>
</kw>
<kw name="Maximize Browser Window" owner="SeleniumLibrary">
<doc>Maximizes current browser window.</doc>
<status status="PASS" start="2026-07-25T14:25:31.095459" elapsed="0.285792"/>
</kw>
<status status="PASS" start="2026-07-25T14:25:23.117400" elapsed="8.264005"/>
</kw>
<arg>2x</arg>
<arg>3s</arg>
<arg>Ouvrir App</arg>
<doc>Runs the specified keyword and retries if it fails.</doc>
<status status="PASS" start="2026-07-25T14:25:23.116953" elapsed="8.264507"/>
</kw>
<kw name="Wait Until Page Contains Element" owner="SeleniumLibrary">
<arg>tag=body</arg>
<arg>15s</arg>
<doc>Waits until the element ``locator`` appears on the current page.</doc>
<status status="PASS" start="2026-07-25T14:25:31.381713" elapsed="0.015683"/>
</kw>
<status status="PASS" start="2026-07-25T14:25:23.114958" elapsed="8.282583"/>
</kw>
<kw name="Se connecter" owner="commun_US-07">
<kw name="Click Element" owner="SeleniumLibrary">
<msg time="2026-07-25T14:25:31.398469" level="INFO">Clicking element 'xpath=//a[contains(text(),'Se connecter')]'.</msg>
<arg>${LIEN SE CONNECTER}</arg>
<doc>Click the element identified by ``locator``.</doc>
<status status="PASS" start="2026-07-25T14:25:31.398251" elapsed="0.099604"/>
</kw>
<kw name="Wait Until Element Is Visible" owner="SeleniumLibrary">
<arg>${CHAMP NOM UTILISATEUR}</arg>
<doc>Waits until the element ``locator`` is visible.</doc>
<status status="PASS" start="2026-07-25T14:25:31.498104" elapsed="0.227970"/>
</kw>
<kw name="Clear Element Text" owner="SeleniumLibrary">
<arg>${CHAMP NOM UTILISATEUR}</arg>
<doc>Clears the value of the text-input-element identified by ``locator``.</doc>
<status status="PASS" start="2026-07-25T14:25:31.726239" elapsed="0.007386"/>
</kw>
<kw name="Clear Element Text" owner="SeleniumLibrary">
<arg>${CHAMP MOT DE PASSE}</arg>
<doc>Clears the value of the text-input-element identified by ``locator``.</doc>
<status status="PASS" start="2026-07-25T14:25:31.733788" elapsed="0.007314"/>
</kw>
<kw name="Input Text" owner="SeleniumLibrary">
<msg time="2026-07-25T14:25:31.741493" level="INFO">Typing text 'robot' into text field 'name=username'.</msg>
<arg>${CHAMP NOM UTILISATEUR}</arg>
<arg>${user}</arg>
<doc>Types the given ``text`` into the text field identified by ``locator``.</doc>
<status status="PASS" start="2026-07-25T14:25:31.741271" elapsed="0.024247"/>
</kw>
<kw name="Input Text" owner="SeleniumLibrary">
<msg time="2026-07-25T14:25:31.766289" level="INFO">Typing text 'robot' into text field 'name=password'.</msg>
<arg>${CHAMP MOT DE PASSE}</arg>
<arg>${pass}</arg>
<doc>Types the given ``text`` into the text field identified by ``locator``.</doc>
<status status="PASS" start="2026-07-25T14:25:31.765825" elapsed="0.020273"/>
</kw>
<kw name="Click Button" owner="SeleniumLibrary">
<msg time="2026-07-25T14:25:31.786540" level="INFO">Clicking button 'css=.homey_login_button'.</msg>
<arg>${BOUTON VALIDER}</arg>
<doc>Clicks the button identified by ``locator``.</doc>
<status status="PASS" start="2026-07-25T14:25:31.786307" elapsed="0.078332"/>
</kw>
<kw name="Title Should Be" owner="SeleniumLibrary">
<msg time="2026-07-25T14:25:31.867174" level="INFO">Page title is 'Accueil - Livraison 3'.</msg>
<arg>${TITRE TABLEAU DE BORD VOYAGEUR}</arg>
<doc>Verifies that the current page title equals ``title``.</doc>
<status status="PASS" start="2026-07-25T14:25:31.864850" elapsed="0.002408"/>
</kw>
<kw name="Wait Until Element Is Not Visible" owner="SeleniumLibrary">
<arg>${MODAL LOGIN}</arg>
<arg>10s</arg>
<doc>Waits until the element ``locator`` is not visible.</doc>
<status status="PASS" start="2026-07-25T14:25:31.867445" elapsed="1.266680"/>
</kw>
<kw name="Wait Until Page Contains Element" owner="SeleniumLibrary">
<arg>${BUTTON ACCUEIL}</arg>
<arg>10s</arg>
<doc>Waits until the element ``locator`` appears on the current page.</doc>
<status status="PASS" start="2026-07-25T14:25:33.134303" elapsed="0.002675"/>
</kw>
<arg>${UTILISATEUR VALIDE}</arg>
<arg>${MOT DE PASSE VALIDE}</arg>
<status status="PASS" start="2026-07-25T14:25:31.397815" elapsed="1.739265"/>
</kw>
<kw name="Retourner sur la page d'accueil" owner="commun_US-07">
<kw name="Wait Until Element Is Visible" owner="SeleniumLibrary">
<arg>${BUTTON ACCUEIL}</arg>
<arg>10s</arg>
<doc>Waits until the element ``locator`` is visible.</doc>
<status status="PASS" start="2026-07-25T14:25:33.138020" elapsed="0.009427"/>
</kw>
<kw name="Click Element" owner="SeleniumLibrary">
<msg time="2026-07-25T14:25:33.147849" level="INFO">Clicking element 'xpath=//li[@id='menu-item-4630']/a'.</msg>
<arg>${BUTTON ACCUEIL}</arg>
<doc>Click the element identified by ``locator``.</doc>
<status status="PASS" start="2026-07-25T14:25:33.147635" elapsed="0.940251"/>
</kw>
<kw name="Wait Until Page Contains" owner="SeleniumLibrary">
<arg>${TITRE ACCUEIL}</arg>
<arg>10s</arg>
<doc>Waits until ``text`` appears on the current page.</doc>
<status status="PASS" start="2026-07-25T14:25:34.088122" elapsed="0.015701"/>
</kw>
<status status="PASS" start="2026-07-25T14:25:33.137232" elapsed="0.966770"/>
</kw>
<kw name="Trouver l'annonce" owner="commun_US-07">
<kw name="Wait Until Element Is Visible" owner="SeleniumLibrary">
<arg>${BUTTON CHERCHER ANNONCE}</arg>
<doc>Waits until the element ``locator`` is visible.</doc>
<status status="PASS" start="2026-07-25T14:25:34.104946" elapsed="0.027675"/>
</kw>
<kw name="Click Element" owner="SeleniumLibrary">
<msg time="2026-07-25T14:25:34.133135" level="INFO">Clicking element 'css=.search-button &gt; .btn-primary:nth-child(1)'.</msg>
<arg>${BUTTON CHERCHER ANNONCE}</arg>
<doc>Click the element identified by ``locator``.</doc>
<status status="PASS" start="2026-07-25T14:25:34.132906" elapsed="1.122631"/>
</kw>
<kw name="Click Element" owner="SeleniumLibrary">
<msg time="2026-07-25T14:25:35.256237" level="INFO">Clicking element 'xpath=//span[contains(.,'Destination')]'.</msg>
<arg>${BAR DESTINATION}</arg>
<doc>Click the element identified by ``locator``.</doc>
<status status="PASS" start="2026-07-25T14:25:35.255844" elapsed="0.140345"/>
</kw>
<kw name="Input Text" owner="SeleniumLibrary">
<msg time="2026-07-25T14:25:35.396672" level="INFO">Typing text 'Miami' into text field 'css=.open &gt; .dropdown-menu .form-control'.</msg>
<arg>${TEXT CHAMP DESTINATION}</arg>
<arg>${destination}</arg>
<doc>Types the given ``text`` into the text field identified by ``locator``.</doc>
<status status="PASS" start="2026-07-25T14:25:35.396390" elapsed="0.075847"/>
</kw>
<kw name="Sleep" owner="BuiltIn">
<msg time="2026-07-25T14:25:36.473466" level="INFO">Slept 1 second.</msg>
<arg>1s</arg>
<doc>Pauses the test executed for the given time.</doc>
<status status="PASS" start="2026-07-25T14:25:35.472501" elapsed="1.001072"/>
</kw>
<kw name="Click Element" owner="SeleniumLibrary">
<msg time="2026-07-25T14:25:36.473939" level="INFO">Clicking element 'xpath=(//button[@type='button'])[12]'.</msg>
<arg>${BUTTON CHERCHER}</arg>
<doc>Click the element identified by ``locator``.</doc>
<status status="PASS" start="2026-07-25T14:25:36.473727" elapsed="0.084117"/>
</kw>
<kw name="Sleep" owner="BuiltIn">
<msg time="2026-07-25T14:25:37.559045" level="INFO">Slept 1 second.</msg>
<arg>1s</arg>
<doc>Pauses the test executed for the given time.</doc>
<status status="PASS" start="2026-07-25T14:25:36.558164" elapsed="1.000988"/>
</kw>
<arg>${DESTINATION}</arg>
<status status="PASS" start="2026-07-25T14:25:34.104344" elapsed="3.454925"/>
</kw>
<kw name="Ouvrir l'annonce" owner="commun_US-07">
<kw name="Click Element" owner="SeleniumLibrary">
<msg time="2026-07-25T14:25:37.560231" level="INFO">Clicking element 'css=#homey_halfmap_listings_container &gt; .item-wrap:nth-child(1) .item-title-head a'.</msg>
<arg>${ANNONCE}</arg>
<doc>Click the element identified by ``locator``.</doc>
<status status="PASS" start="2026-07-25T14:25:37.559936" elapsed="1.151518"/>
</kw>
<kw name="Sleep" owner="BuiltIn">
<msg time="2026-07-25T14:25:39.712684" level="INFO">Slept 1 second.</msg>
<arg>1s</arg>
<doc>Pauses the test executed for the given time.</doc>
<status status="PASS" start="2026-07-25T14:25:38.711760" elapsed="1.001036"/>
</kw>
<status status="PASS" start="2026-07-25T14:25:37.559542" elapsed="2.153350"/>
</kw>
<status status="PASS" start="2026-07-25T14:25:23.114560" elapsed="16.598379"/>
</kw>
<kw name="Choisir des dates disponibles aléatoires" owner="commun_US-07">
<kw name="Click Element" owner="SeleniumLibrary">
<msg time="2026-07-25T14:25:39.713719" level="INFO">Clicking element 'css=input[name="arrive"]'.</msg>
<arg>${CHAMP DATE DEBUT}</arg>
<doc>Click the element identified by ``locator``.</doc>
<status status="PASS" start="2026-07-25T14:25:39.713552" elapsed="0.077859"/>
</kw>
<kw name="Récupérer les dates futures disponibles" owner="commun_US-07">
<kw name="Wait Until Element Is Visible" owner="SeleniumLibrary">
<arg>${CALENDRIER}</arg>
<arg>10s</arg>
<doc>Waits until the element ``locator`` is visible.</doc>
<status status="PASS" start="2026-07-25T14:25:39.792031" elapsed="0.010853"/>
</kw>
<kw name="Execute Javascript" owner="SeleniumLibrary">
<msg time="2026-07-25T14:25:39.803647" level="INFO">Executing JavaScript:
return Array.from(document.querySelectorAll('#single-booking-search-calendar .single-listing-calendar-wrap:not([style*="display:none"]) li.day-available.future-day')).map(el =&gt; Number(el.dataset.timestamp));
Without any arguments.</msg>
<msg time="2026-07-25T14:25:39.809546" level="INFO">${timestamps} = [1785715200, 1787011200, 1787356800, 1787702400, 1787875200, 1785715200, 1787011200, 1787356800, 1787702400, 1787875200]</msg>
<var>${timestamps}</var>
<arg>return Array.from(document.querySelectorAll('#single-booking-search-calendar .single-listing-calendar-wrap:not([style*="display:none"]) li.day-available.future-day')).map(el =&gt; Number(el.dataset.timestamp));</arg>
<doc>Executes the given JavaScript code with possible arguments.</doc>
<status status="PASS" start="2026-07-25T14:25:39.803155" elapsed="0.006449"/>
</kw>
<kw name="Evaluate" owner="BuiltIn">
<msg time="2026-07-25T14:25:39.810184" level="INFO">${paires} = []</msg>
<var>${paires}</var>
<arg>[(date, date + 86400) for date in $timestamps if date + 86400 in $timestamps]</arg>
<doc>Evaluates the given expression in Python and returns the result.</doc>
<status status="PASS" start="2026-07-25T14:25:39.809749" elapsed="0.000460"/>
</kw>
<return>
<value>${paires}</value>
<status status="PASS" start="2026-07-25T14:25:39.810263" elapsed="0.000046"/>
</return>
<msg time="2026-07-25T14:25:39.810417" level="INFO">${paires} = []</msg>
<var>${paires}</var>
<status status="PASS" start="2026-07-25T14:25:39.791710" elapsed="0.018729"/>
</kw>
<kw name="Get Length" owner="BuiltIn">
<msg time="2026-07-25T14:25:39.810753" level="INFO">Length is 0.</msg>
<msg time="2026-07-25T14:25:39.810812" level="INFO">${nombre_paires} = 0</msg>
<var>${nombre_paires}</var>
<arg>${paires}</arg>
<doc>Returns and logs the length of the given item as an integer.</doc>
<status status="PASS" start="2026-07-25T14:25:39.810529" elapsed="0.000303"/>
</kw>
<if>
<branch type="IF" condition="${nombre_paires} == 0">
<kw name="Click Button" owner="SeleniumLibrary">
<msg time="2026-07-25T14:25:39.811184" level="INFO">Clicking button 'css=.listing-cal-next'.</msg>
<arg>${BUTTON NEXT MONTH}</arg>
<doc>Clicks the button identified by ``locator``.</doc>
<status status="PASS" start="2026-07-25T14:25:39.811050" elapsed="0.104072"/>
</kw>
<kw name="Récupérer les dates futures disponibles" owner="commun_US-07">
<kw name="Wait Until Element Is Visible" owner="SeleniumLibrary">
<arg>${CALENDRIER}</arg>
<arg>10s</arg>
<doc>Waits until the element ``locator`` is visible.</doc>
<status status="PASS" start="2026-07-25T14:25:39.915777" elapsed="0.012625"/>
</kw>
<kw name="Execute Javascript" owner="SeleniumLibrary">
<msg time="2026-07-25T14:25:39.929475" level="INFO">Executing JavaScript:
return Array.from(document.querySelectorAll('#single-booking-search-calendar .single-listing-calendar-wrap:not([style*="display:none"]) li.day-available.future-day')).map(el =&gt; Number(el.dataset.timestamp));
Without any arguments.</msg>
<msg time="2026-07-25T14:25:39.936266" level="INFO">${timestamps} = [1785715200, 1787011200, 1787356800, 1787702400, 1787875200, 1788220800, 1788307200, 1788393600, 1788480000, 1788566400, 1788825600, 1788912000, 1788998400, 1789084800, 1789257600, 1789344000, 1789430...</msg>
<var>${timestamps}</var>
<arg>return Array.from(document.querySelectorAll('#single-booking-search-calendar .single-listing-calendar-wrap:not([style*="display:none"]) li.day-available.future-day')).map(el =&gt; Number(el.dataset.timestamp));</arg>
<doc>Executes the given JavaScript code with possible arguments.</doc>
<status status="PASS" start="2026-07-25T14:25:39.928680" elapsed="0.007628"/>
</kw>
<kw name="Evaluate" owner="BuiltIn">
<msg time="2026-07-25T14:25:39.937142" level="INFO">${paires} = [(1788220800, 1788307200), (1788307200, 1788393600), (1788393600, 1788480000), (1788480000, 1788566400), (1788825600, 1788912000), (1788912000, 1788998400), (1788998400, 1789084800), (1789257600, 1789...</msg>
<var>${paires}</var>
<arg>[(date, date + 86400) for date in $timestamps if date + 86400 in $timestamps]</arg>
<doc>Evaluates the given expression in Python and returns the result.</doc>
<status status="PASS" start="2026-07-25T14:25:39.936454" elapsed="0.000713"/>
</kw>
<return>
<value>${paires}</value>
<status status="PASS" start="2026-07-25T14:25:39.937220" elapsed="0.000042"/>
</return>
<msg time="2026-07-25T14:25:39.937416" level="INFO">${paires} = [(1788220800, 1788307200), (1788307200, 1788393600), (1788393600, 1788480000), (1788480000, 1788566400), (1788825600, 1788912000), (1788912000, 1788998400), (1788998400, 1789084800), (1789257600, 1789...</msg>
<var>${paires}</var>
<status status="PASS" start="2026-07-25T14:25:39.915479" elapsed="0.021976"/>
</kw>
<kw name="Get Length" owner="BuiltIn">
<msg time="2026-07-25T14:25:39.937895" level="INFO">Length is 106.</msg>
<msg time="2026-07-25T14:25:39.937973" level="INFO">${nombre_paires} = 106</msg>
<var>${nombre_paires}</var>
<arg>${paires}</arg>
<doc>Returns and logs the length of the given item as an integer.</doc>
<status status="PASS" start="2026-07-25T14:25:39.937608" elapsed="0.000386"/>
</kw>
<kw name="Should Be True" owner="BuiltIn">
<arg>${nombre_paires} &gt; 0</arg>
<arg>Aucune période de deux jours consécutifs disponible.</arg>
<doc>Fails if the given condition is not true.</doc>
<status status="PASS" start="2026-07-25T14:25:39.938133" elapsed="0.000384"/>
</kw>
<status status="PASS" start="2026-07-25T14:25:39.810901" elapsed="0.127691"/>
</branch>
<branch type="ELSE IF" condition="${nombre_paires} &gt; 0">
<kw name="Should Be True" owner="BuiltIn">
<arg>${nombre_paires} &gt; 0</arg>
<arg>Aucune période de deux jours consécutifs disponible.</arg>
<doc>Fails if the given condition is not true.</doc>
<status status="NOT RUN" start="2026-07-25T14:25:39.938920" elapsed="0.000126"/>
</kw>
<status status="NOT RUN" start="2026-07-25T14:25:39.938648" elapsed="0.000516"/>
</branch>
<status status="PASS" start="2026-07-25T14:25:39.810886" elapsed="0.128392"/>
</if>
<kw name="Should Be True" owner="BuiltIn">
<arg>${nombre_paires} &gt; 0</arg>
<arg>Aucune période de deux jours consécutifs disponible.</arg>
<doc>Fails if the given condition is not true.</doc>
<status status="PASS" start="2026-07-25T14:25:39.939492" elapsed="0.000596"/>
</kw>
<kw name="Evaluate" owner="BuiltIn">
<msg time="2026-07-25T14:25:39.940725" level="INFO">${paire} = (1791072000, 1791158400)</msg>
<var>${paire}</var>
<arg>random.choice($paires)</arg>
<arg>modules=random</arg>
<doc>Evaluates the given expression in Python and returns the result.</doc>
<status status="PASS" start="2026-07-25T14:25:39.940275" elapsed="0.000494"/>
</kw>
<kw name="Set Variable" owner="BuiltIn">
<msg time="2026-07-25T14:25:39.941588" level="INFO">${date_debut} = 1791072000</msg>
<var>${date_debut}</var>
<arg>${paire}[0]</arg>
<doc>Returns the given values which can then be assigned to a variables.</doc>
<status status="PASS" start="2026-07-25T14:25:39.940950" elapsed="0.000690"/>
</kw>
<kw name="Set Variable" owner="BuiltIn">
<msg time="2026-07-25T14:25:39.942141" level="INFO">${date_fin} = 1791158400</msg>
<var>${date_fin}</var>
<arg>${paire}[1]</arg>
<doc>Returns the given values which can then be assigned to a variables.</doc>
<status status="PASS" start="2026-07-25T14:25:39.941833" elapsed="0.000335"/>
</kw>
<kw name="Click Element" owner="SeleniumLibrary">
<msg time="2026-07-25T14:25:39.942481" level="INFO">Clicking element 'xpath=//div[@id='single-booking-search-calendar']//li[@data-timestamp='1791072000' and contains(@class,'day-available')]'.</msg>
<arg>xpath=//div[@id='single-booking-search-calendar']//li[@data-timestamp='${date_debut}' and contains(@class,'day-available')]</arg>
<doc>Click the element identified by ``locator``.</doc>
<status status="PASS" start="2026-07-25T14:25:39.942288" elapsed="0.077658"/>
</kw>
<kw name="Click Element" owner="SeleniumLibrary">
<msg time="2026-07-25T14:25:40.020349" level="INFO">Clicking element 'xpath=//div[@id='single-booking-search-calendar']//li[@data-timestamp='1791158400' and contains(@class,'day-available')]'.</msg>
<arg>xpath=//div[@id='single-booking-search-calendar']//li[@data-timestamp='${date_fin}' and contains(@class,'day-available')]</arg>
<doc>Click the element identified by ``locator``.</doc>
<status status="PASS" start="2026-07-25T14:25:40.020131" elapsed="0.083780"/>
</kw>
<status status="PASS" start="2026-07-25T14:25:39.713313" elapsed="0.390805"/>
</kw>
<kw name="Oublier de choisir le nombre de voyageurs">
<kw name="Click Element" owner="SeleniumLibrary">
<msg time="2026-07-25T14:25:40.105861" level="INFO">Clicking element 'css=input[name="guests"]'.</msg>
<arg>${CHAMP VOYAGEURS}</arg>
<doc>Click the element identified by ``locator``.</doc>
<status status="PASS" start="2026-07-25T14:25:40.105384" elapsed="0.069966"/>
</kw>
<kw name="Wait Until Element Is Visible" owner="SeleniumLibrary">
<arg>${BUTTON AJOUTER ADULTE}</arg>
<arg>10s</arg>
<doc>Waits until the element ``locator`` is visible.</doc>
<status status="PASS" start="2026-07-25T14:25:40.175517" elapsed="0.012656"/>
</kw>
<kw name="Click Button" owner="SeleniumLibrary">
<msg time="2026-07-25T14:25:40.188847" level="INFO">Clicking button 'css=.sidebar-booking-module-body:nth-child(2) .guest-apply-btn &gt; .btn'.</msg>
<arg>css=.sidebar-booking-module-body:nth-child(2) .guest-apply-btn &gt; .btn</arg>
<doc>Clicks the button identified by ``locator``.</doc>
<status status="PASS" start="2026-07-25T14:25:40.188467" elapsed="0.087575"/>
</kw>
<kw name="Click Button" owner="SeleniumLibrary">
<msg time="2026-07-25T14:25:40.276400" level="INFO">Clicking button 'id=request_for_reservation'.</msg>
<arg>${BUTTON DEMANDE RESERVATION}</arg>
<doc>Clicks the button identified by ``locator``.</doc>
<status status="PASS" start="2026-07-25T14:25:40.276204" elapsed="0.075545"/>
</kw>
<kw name="Wait Until Element Is Visible" owner="SeleniumLibrary">
<arg>${DEMANDE ENVOYEE}</arg>
<arg>10s</arg>
<doc>Waits until the element ``locator`` is visible.</doc>
<status status="PASS" start="2026-07-25T14:25:40.351919" elapsed="0.626584"/>
</kw>
<doc>Ne pas sélectionner de nombre de voyageurs pour tester la validation</doc>
<status status="PASS" start="2026-07-25T14:25:40.104782" elapsed="0.873870"/>
</kw>
<kw name="Fermer l'application" owner="commun_US-07" type="TEARDOWN">
<kw name="Close Browser" owner="SeleniumLibrary">
<doc>Closes the current browser.</doc>
<status status="PASS" start="2026-07-25T14:25:40.979903" elapsed="2.757227"/>
</kw>
<status status="PASS" start="2026-07-25T14:25:40.979458" elapsed="2.757828"/>
</kw>
<doc>Vérifier qu'une réservation est bloquée si aucun nombre de voyageurs n'est sélectionné.</doc>
<tag>PP-18</tag>
<tag>US-07</tag>
<status status="PASS" start="2026-07-25T14:25:23.113863" elapsed="20.623781"/>
</test>
<status status="PASS" start="2026-07-25T14:25:23.110073" elapsed="20.628164"/>
</suite>
<suite id="s1-s1-s4" name="4 Demande-Voyageur Connecter" source="E:\TestAcademy\QA-test-academi\PFF\auto_test\IHM\US-07\4_demande-voyageur_connecter.robot">
<test id="s1-s1-s4-t1" name="Tester l'envoi d'une demande de réservation en tant que voyageur connecté" line="19">
<kw name="Préparer le test" owner="commun_US-07" type="SETUP">
<kw name="Ouvrir le navigateur et accéder à l'application" owner="commun_US-07">
<kw name="Fermer les navigateurs restants" owner="commun_US-07">
<kw name="Run Keyword And Ignore Error" owner="BuiltIn">
<kw name="Close All Browsers" owner="SeleniumLibrary">
<doc>Closes all open browsers and resets the browser cache.</doc>
<status status="PASS" start="2026-07-25T14:25:43.744662" elapsed="0.000263"/>
</kw>
<arg>Close All Browsers</arg>
<doc>Runs the given keyword with the given arguments and ignores possible error.</doc>
<status status="PASS" start="2026-07-25T14:25:43.744255" elapsed="0.000759"/>
</kw>
<status status="PASS" start="2026-07-25T14:25:43.744002" elapsed="0.001098"/>
</kw>
<kw name="Wait Until Keyword Succeeds" owner="BuiltIn">
<kw name="Ouvrir App" owner="commun_US-07">
<kw name="Open Browser" owner="SeleniumLibrary">
<msg time="2026-07-25T14:25:43.746322" level="INFO">Opening browser 'Firefox' to base url 'http://livraison3.testacademy.fr/'.</msg>
<arg>${URL}</arg>
<arg>${NAVIGATEUR}</arg>
<doc>Opens a new browser instance to the optional ``url``.</doc>
<status status="PASS" start="2026-07-25T14:25:43.746100" elapsed="7.946474"/>
</kw>
<kw name="Maximize Browser Window" owner="SeleniumLibrary">
<doc>Maximizes current browser window.</doc>
<status status="PASS" start="2026-07-25T14:25:51.692949" elapsed="0.295397"/>
</kw>
<status status="PASS" start="2026-07-25T14:25:43.745702" elapsed="8.242761"/>
</kw>
<arg>2x</arg>
<arg>3s</arg>
<arg>Ouvrir App</arg>
<doc>Runs the specified keyword and retries if it fails.</doc>
<status status="PASS" start="2026-07-25T14:25:43.745236" elapsed="8.243272"/>
</kw>
<kw name="Wait Until Page Contains Element" owner="SeleniumLibrary">
<arg>tag=body</arg>
<arg>15s</arg>
<doc>Waits until the element ``locator`` appears on the current page.</doc>
<status status="PASS" start="2026-07-25T14:25:51.988649" elapsed="0.012713"/>
</kw>
<status status="PASS" start="2026-07-25T14:25:43.743648" elapsed="8.257923"/>
</kw>
<kw name="Se connecter" owner="commun_US-07">
<kw name="Click Element" owner="SeleniumLibrary">
<msg time="2026-07-25T14:25:52.002718" level="INFO">Clicking element 'xpath=//a[contains(text(),'Se connecter')]'.</msg>
<arg>${LIEN SE CONNECTER}</arg>
<doc>Click the element identified by ``locator``.</doc>
<status status="PASS" start="2026-07-25T14:25:52.002370" elapsed="0.097945"/>
</kw>
<kw name="Wait Until Element Is Visible" owner="SeleniumLibrary">
<arg>${CHAMP NOM UTILISATEUR}</arg>
<doc>Waits until the element ``locator`` is visible.</doc>
<status status="PASS" start="2026-07-25T14:25:52.100906" elapsed="0.235049"/>
</kw>
<kw name="Clear Element Text" owner="SeleniumLibrary">
<arg>${CHAMP NOM UTILISATEUR}</arg>
<doc>Clears the value of the text-input-element identified by ``locator``.</doc>
<status status="PASS" start="2026-07-25T14:25:52.336149" elapsed="0.008229"/>
</kw>
<kw name="Clear Element Text" owner="SeleniumLibrary">
<arg>${CHAMP MOT DE PASSE}</arg>
<doc>Clears the value of the text-input-element identified by ``locator``.</doc>
<status status="PASS" start="2026-07-25T14:25:52.344588" elapsed="0.007802"/>
</kw>
<kw name="Input Text" owner="SeleniumLibrary">
<msg time="2026-07-25T14:25:52.352793" level="INFO">Typing text 'robot' into text field 'name=username'.</msg>
<arg>${CHAMP NOM UTILISATEUR}</arg>
<arg>${user}</arg>
<doc>Types the given ``text`` into the text field identified by ``locator``.</doc>
<status status="PASS" start="2026-07-25T14:25:52.352571" elapsed="0.032746"/>
</kw>
<kw name="Input Text" owner="SeleniumLibrary">
<msg time="2026-07-25T14:25:52.385816" level="INFO">Typing text 'robot' into text field 'name=password'.</msg>
<arg>${CHAMP MOT DE PASSE}</arg>
<arg>${pass}</arg>
<doc>Types the given ``text`` into the text field identified by ``locator``.</doc>
<status status="PASS" start="2026-07-25T14:25:52.385541" elapsed="0.021752"/>
</kw>
<kw name="Click Button" owner="SeleniumLibrary">
<msg time="2026-07-25T14:25:52.408029" level="INFO">Clicking button 'css=.homey_login_button'.</msg>
<arg>${BOUTON VALIDER}</arg>
<doc>Clicks the button identified by ``locator``.</doc>
<status status="PASS" start="2026-07-25T14:25:52.407611" elapsed="0.088317"/>
</kw>
<kw name="Title Should Be" owner="SeleniumLibrary">
<msg time="2026-07-25T14:25:52.498945" level="INFO">Page title is 'Accueil - Livraison 3'.</msg>
<arg>${TITRE TABLEAU DE BORD VOYAGEUR}</arg>
<doc>Verifies that the current page title equals ``title``.</doc>
<status status="PASS" start="2026-07-25T14:25:52.496170" elapsed="0.002872"/>
</kw>
<kw name="Wait Until Element Is Not Visible" owner="SeleniumLibrary">
<arg>${MODAL LOGIN}</arg>
<arg>10s</arg>
<doc>Waits until the element ``locator`` is not visible.</doc>
<status status="PASS" start="2026-07-25T14:25:52.499205" elapsed="1.051026"/>
</kw>
<kw name="Wait Until Page Contains Element" owner="SeleniumLibrary">
<arg>${BUTTON ACCUEIL}</arg>
<arg>10s</arg>
<doc>Waits until the element ``locator`` appears on the current page.</doc>
<status status="PASS" start="2026-07-25T14:25:53.550415" elapsed="0.003242"/>
</kw>
<arg>${UTILISATEUR VALIDE}</arg>
<arg>${MOT DE PASSE VALIDE}</arg>
<status status="PASS" start="2026-07-25T14:25:52.001855" elapsed="1.551963"/>
</kw>
<kw name="Retourner sur la page d'accueil" owner="commun_US-07">
<kw name="Wait Until Element Is Visible" owner="SeleniumLibrary">
<arg>${BUTTON ACCUEIL}</arg>
<arg>10s</arg>
<doc>Waits until the element ``locator`` is visible.</doc>
<status status="PASS" start="2026-07-25T14:25:53.554432" elapsed="0.016565"/>
</kw>
<kw name="Click Element" owner="SeleniumLibrary">
<msg time="2026-07-25T14:25:53.571666" level="INFO">Clicking element 'xpath=//li[@id='menu-item-4630']/a'.</msg>
<arg>${BUTTON ACCUEIL}</arg>
<doc>Click the element identified by ``locator``.</doc>
<status status="PASS" start="2026-07-25T14:25:53.571277" elapsed="0.878644"/>
</kw>
<kw name="Wait Until Page Contains" owner="SeleniumLibrary">
<arg>${TITRE ACCUEIL}</arg>
<arg>10s</arg>
<doc>Waits until ``text`` appears on the current page.</doc>
<status status="PASS" start="2026-07-25T14:25:54.450221" elapsed="0.017114"/>
</kw>
<status status="PASS" start="2026-07-25T14:25:53.554116" elapsed="0.913331"/>
</kw>
<kw name="Trouver l'annonce" owner="commun_US-07">
<kw name="Wait Until Element Is Visible" owner="SeleniumLibrary">
<arg>${BUTTON CHERCHER ANNONCE}</arg>
<doc>Waits until the element ``locator`` is visible.</doc>
<status status="PASS" start="2026-07-25T14:25:54.467923" elapsed="0.028544"/>
</kw>
<kw name="Click Element" owner="SeleniumLibrary">
<msg time="2026-07-25T14:25:54.497329" level="INFO">Clicking element 'css=.search-button &gt; .btn-primary:nth-child(1)'.</msg>
<arg>${BUTTON CHERCHER ANNONCE}</arg>
<doc>Click the element identified by ``locator``.</doc>
<status status="PASS" start="2026-07-25T14:25:54.496907" elapsed="1.366738"/>
</kw>
<kw name="Click Element" owner="SeleniumLibrary">
<msg time="2026-07-25T14:25:55.864432" level="INFO">Clicking element 'xpath=//span[contains(.,'Destination')]'.</msg>
<arg>${BAR DESTINATION}</arg>
<doc>Click the element identified by ``locator``.</doc>
<status status="PASS" start="2026-07-25T14:25:55.863924" elapsed="0.123800"/>
</kw>
<kw name="Input Text" owner="SeleniumLibrary">
<msg time="2026-07-25T14:25:55.988614" level="INFO">Typing text 'Miami' into text field 'css=.open &gt; .dropdown-menu .form-control'.</msg>
<arg>${TEXT CHAMP DESTINATION}</arg>
<arg>${destination}</arg>
<doc>Types the given ``text`` into the text field identified by ``locator``.</doc>
<status status="PASS" start="2026-07-25T14:25:55.988118" elapsed="0.071846"/>
</kw>
<kw name="Sleep" owner="BuiltIn">
<msg time="2026-07-25T14:25:57.061225" level="INFO">Slept 1 second.</msg>
<arg>1s</arg>
<doc>Pauses the test executed for the given time.</doc>
<status status="PASS" start="2026-07-25T14:25:56.060188" elapsed="1.001156"/>
</kw>
<kw name="Click Element" owner="SeleniumLibrary">
<msg time="2026-07-25T14:25:57.061726" level="INFO">Clicking element 'xpath=(//button[@type='button'])[12]'.</msg>
<arg>${BUTTON CHERCHER}</arg>
<doc>Click the element identified by ``locator``.</doc>
<status status="PASS" start="2026-07-25T14:25:57.061512" elapsed="0.076249"/>
</kw>
<kw name="Sleep" owner="BuiltIn">
<msg time="2026-07-25T14:25:58.138380" level="INFO">Slept 1 second.</msg>
<arg>1s</arg>
<doc>Pauses the test executed for the given time.</doc>
<status status="PASS" start="2026-07-25T14:25:57.137929" elapsed="1.000576"/>
</kw>
<arg>${DESTINATION}</arg>
<status status="PASS" start="2026-07-25T14:25:54.467625" elapsed="3.671037"/>
</kw>
<kw name="Ouvrir l'annonce" owner="commun_US-07">
<kw name="Click Element" owner="SeleniumLibrary">
<msg time="2026-07-25T14:25:58.139547" level="INFO">Clicking element 'css=#homey_halfmap_listings_container &gt; .item-wrap:nth-child(1) .item-title-head a'.</msg>
<arg>${ANNONCE}</arg>
<doc>Click the element identified by ``locator``.</doc>
<status status="PASS" start="2026-07-25T14:25:58.139337" elapsed="1.179830"/>
</kw>
<kw name="Sleep" owner="BuiltIn">
<msg time="2026-07-25T14:26:00.320627" level="INFO">Slept 1 second.</msg>
<arg>1s</arg>
<doc>Pauses the test executed for the given time.</doc>
<status status="PASS" start="2026-07-25T14:25:59.319459" elapsed="1.001506"/>
</kw>
<status status="PASS" start="2026-07-25T14:25:58.138933" elapsed="2.182315"/>
</kw>
<status status="PASS" start="2026-07-25T14:25:43.743247" elapsed="16.578142"/>
</kw>
<kw name="Envoyer une demande de réservation">
<kw name="Choisir des dates disponibles aléatoires" owner="commun_US-07">
<kw name="Click Element" owner="SeleniumLibrary">
<msg time="2026-07-25T14:26:00.323069" level="INFO">Clicking element 'css=input[name="arrive"]'.</msg>
<arg>${CHAMP DATE DEBUT}</arg>
<doc>Click the element identified by ``locator``.</doc>
<status status="PASS" start="2026-07-25T14:26:00.322816" elapsed="0.076944"/>
</kw>
<kw name="Récupérer les dates futures disponibles" owner="commun_US-07">
<kw name="Wait Until Element Is Visible" owner="SeleniumLibrary">
<arg>${CALENDRIER}</arg>
<arg>10s</arg>
<doc>Waits until the element ``locator`` is visible.</doc>
<status status="PASS" start="2026-07-25T14:26:00.400483" elapsed="0.010730"/>
</kw>
<kw name="Execute Javascript" owner="SeleniumLibrary">
<msg time="2026-07-25T14:26:00.411701" level="INFO">Executing JavaScript:
return Array.from(document.querySelectorAll('#single-booking-search-calendar .single-listing-calendar-wrap:not([style*="display:none"]) li.day-available.future-day')).map(el =&gt; Number(el.dataset.timestamp));
Without any arguments.</msg>
<msg time="2026-07-25T14:26:00.417123" level="INFO">${timestamps} = [1785715200, 1787011200, 1787356800, 1787702400, 1787875200, 1785715200, 1787011200, 1787356800, 1787702400, 1787875200]</msg>
<var>${timestamps}</var>
<arg>return Array.from(document.querySelectorAll('#single-booking-search-calendar .single-listing-calendar-wrap:not([style*="display:none"]) li.day-available.future-day')).map(el =&gt; Number(el.dataset.timestamp));</arg>
<doc>Executes the given JavaScript code with possible arguments.</doc>
<status status="PASS" start="2026-07-25T14:26:00.411382" elapsed="0.005780"/>
</kw>
<kw name="Evaluate" owner="BuiltIn">
<msg time="2026-07-25T14:26:00.417748" level="INFO">${paires} = []</msg>
<var>${paires}</var>
<arg>[(date, date + 86400) for date in $timestamps if date + 86400 in $timestamps]</arg>
<doc>Evaluates the given expression in Python and returns the result.</doc>
<status status="PASS" start="2026-07-25T14:26:00.417308" elapsed="0.000465"/>
</kw>
<return>
<value>${paires}</value>
<status status="PASS" start="2026-07-25T14:26:00.417826" elapsed="0.000044"/>
</return>
<msg time="2026-07-25T14:26:00.417981" level="INFO">${paires} = []</msg>
<var>${paires}</var>
<status status="PASS" start="2026-07-25T14:26:00.400085" elapsed="0.017917"/>
</kw>
<kw name="Get Length" owner="BuiltIn">
<msg time="2026-07-25T14:26:00.418291" level="INFO">Length is 0.</msg>
<msg time="2026-07-25T14:26:00.418352" level="INFO">${nombre_paires} = 0</msg>
<var>${nombre_paires}</var>
<arg>${paires}</arg>
<doc>Returns and logs the length of the given item as an integer.</doc>
<status status="PASS" start="2026-07-25T14:26:00.418088" elapsed="0.000286"/>
</kw>
<if>
<branch type="IF" condition="${nombre_paires} == 0">
<kw name="Click Button" owner="SeleniumLibrary">
<msg time="2026-07-25T14:26:00.418740" level="INFO">Clicking button 'css=.listing-cal-next'.</msg>
<arg>${BUTTON NEXT MONTH}</arg>
<doc>Clicks the button identified by ``locator``.</doc>
<status status="PASS" start="2026-07-25T14:26:00.418610" elapsed="0.105880"/>
</kw>
<kw name="Récupérer les dates futures disponibles" owner="commun_US-07">
<kw name="Wait Until Element Is Visible" owner="SeleniumLibrary">
<arg>${CALENDRIER}</arg>
<arg>10s</arg>
<doc>Waits until the element ``locator`` is visible.</doc>
<status status="PASS" start="2026-07-25T14:26:00.525335" elapsed="0.018836"/>
</kw>
<kw name="Execute Javascript" owner="SeleniumLibrary">
<msg time="2026-07-25T14:26:00.544671" level="INFO">Executing JavaScript:
return Array.from(document.querySelectorAll('#single-booking-search-calendar .single-listing-calendar-wrap:not([style*="display:none"]) li.day-available.future-day')).map(el =&gt; Number(el.dataset.timestamp));
Without any arguments.</msg>
<msg time="2026-07-25T14:26:00.551749" level="INFO">${timestamps} = [1785715200, 1787011200, 1787356800, 1787702400, 1787875200, 1788220800, 1788307200, 1788393600, 1788480000, 1788566400, 1788825600, 1788912000, 1788998400, 1789084800, 1789257600, 1789344000, 1789430...</msg>
<var>${timestamps}</var>
<arg>return Array.from(document.querySelectorAll('#single-booking-search-calendar .single-listing-calendar-wrap:not([style*="display:none"]) li.day-available.future-day')).map(el =&gt; Number(el.dataset.timestamp));</arg>
<doc>Executes the given JavaScript code with possible arguments.</doc>
<status status="PASS" start="2026-07-25T14:26:00.544357" elapsed="0.007433"/>
</kw>
<kw name="Evaluate" owner="BuiltIn">
<msg time="2026-07-25T14:26:00.552625" level="INFO">${paires} = [(1788220800, 1788307200), (1788307200, 1788393600), (1788393600, 1788480000), (1788480000, 1788566400), (1788825600, 1788912000), (1788912000, 1788998400), (1788998400, 1789084800), (1789257600, 1789...</msg>
<var>${paires}</var>
<arg>[(date, date + 86400) for date in $timestamps if date + 86400 in $timestamps]</arg>
<doc>Evaluates the given expression in Python and returns the result.</doc>
<status status="PASS" start="2026-07-25T14:26:00.551939" elapsed="0.000712"/>
</kw>
<return>
<value>${paires}</value>
<status status="PASS" start="2026-07-25T14:26:00.552724" elapsed="0.000068"/>
</return>
<msg time="2026-07-25T14:26:00.552966" level="INFO">${paires} = [(1788220800, 1788307200), (1788307200, 1788393600), (1788393600, 1788480000), (1788480000, 1788566400), (1788825600, 1788912000), (1788912000, 1788998400), (1788998400, 1789084800), (1789257600, 1789...</msg>
<var>${paires}</var>
<status status="PASS" start="2026-07-25T14:26:00.524874" elapsed="0.028116"/>
</kw>
<kw name="Get Length" owner="BuiltIn">
<msg time="2026-07-25T14:26:00.553395" level="INFO">Length is 106.</msg>
<msg time="2026-07-25T14:26:00.553469" level="INFO">${nombre_paires} = 106</msg>
<var>${nombre_paires}</var>
<arg>${paires}</arg>
<doc>Returns and logs the length of the given item as an integer.</doc>
<status status="PASS" start="2026-07-25T14:26:00.553118" elapsed="0.000390"/>
</kw>
<kw name="Should Be True" owner="BuiltIn">
<arg>${nombre_paires} &gt; 0</arg>
<arg>Aucune période de deux jours consécutifs disponible.</arg>
<doc>Fails if the given condition is not true.</doc>
<status status="PASS" start="2026-07-25T14:26:00.553655" elapsed="0.000392"/>
</kw>
<status status="PASS" start="2026-07-25T14:26:00.418448" elapsed="0.135672"/>
</branch>
<branch type="ELSE IF" condition="${nombre_paires} &gt; 0">
<kw name="Should Be True" owner="BuiltIn">
<arg>${nombre_paires} &gt; 0</arg>
<arg>Aucune période de deux jours consécutifs disponible.</arg>
<doc>Fails if the given condition is not true.</doc>
<status status="NOT RUN" start="2026-07-25T14:26:00.554281" elapsed="0.000024"/>
</kw>
<status status="NOT RUN" start="2026-07-25T14:26:00.554164" elapsed="0.000177"/>
</branch>
<status status="PASS" start="2026-07-25T14:26:00.418432" elapsed="0.135938"/>
</if>
<kw name="Should Be True" owner="BuiltIn">
<arg>${nombre_paires} &gt; 0</arg>
<arg>Aucune période de deux jours consécutifs disponible.</arg>
<doc>Fails if the given condition is not true.</doc>
<status status="PASS" start="2026-07-25T14:26:00.554437" elapsed="0.000405"/>
</kw>
<kw name="Evaluate" owner="BuiltIn">
<msg time="2026-07-25T14:26:00.555784" level="INFO">${paire} = (1792540800, 1792627200)</msg>
<var>${paire}</var>
<arg>random.choice($paires)</arg>
<arg>modules=random</arg>
<doc>Evaluates the given expression in Python and returns the result.</doc>
<status status="PASS" start="2026-07-25T14:26:00.555185" elapsed="0.000640"/>
</kw>
<kw name="Set Variable" owner="BuiltIn">
<msg time="2026-07-25T14:26:00.556749" level="INFO">${date_debut} = 1792540800</msg>
<var>${date_debut}</var>
<arg>${paire}[0]</arg>
<doc>Returns the given values which can then be assigned to a variables.</doc>
<status status="PASS" start="2026-07-25T14:26:00.555990" elapsed="0.000846"/>
</kw>
<kw name="Set Variable" owner="BuiltIn">
<msg time="2026-07-25T14:26:00.557639" level="INFO">${date_fin} = 1792627200</msg>
<var>${date_fin}</var>
<arg>${paire}[1]</arg>
<doc>Returns the given values which can then be assigned to a variables.</doc>
<status status="PASS" start="2026-07-25T14:26:00.557147" elapsed="0.000533"/>
</kw>
<kw name="Click Element" owner="SeleniumLibrary">
<msg time="2026-07-25T14:26:00.558038" level="INFO">Clicking element 'xpath=//div[@id='single-booking-search-calendar']//li[@data-timestamp='1792540800' and contains(@class,'day-available')]'.</msg>
<arg>xpath=//div[@id='single-booking-search-calendar']//li[@data-timestamp='${date_debut}' and contains(@class,'day-available')]</arg>
<doc>Click the element identified by ``locator``.</doc>
<status status="PASS" start="2026-07-25T14:26:00.557824" elapsed="0.077540"/>
</kw>
<kw name="Click Element" owner="SeleniumLibrary">
<msg time="2026-07-25T14:26:00.635745" level="INFO">Clicking element 'xpath=//div[@id='single-booking-search-calendar']//li[@data-timestamp='1792627200' and contains(@class,'day-available')]'.</msg>
<arg>xpath=//div[@id='single-booking-search-calendar']//li[@data-timestamp='${date_fin}' and contains(@class,'day-available')]</arg>
<doc>Click the element identified by ``locator``.</doc>
<status status="PASS" start="2026-07-25T14:26:00.635532" elapsed="0.082800"/>
</kw>
<status status="PASS" start="2026-07-25T14:26:00.322610" elapsed="0.395827"/>
</kw>
<kw name="Choisir le nombre de voyageurs" owner="commun_US-07">
<kw name="Evaluate" owner="BuiltIn">
<msg time="2026-07-25T14:26:00.719165" level="INFO">${nombre_voyageurs} = 1</msg>
<var>${nombre_voyageurs}</var>
<arg>random.randint(1, 2)</arg>
<arg>modules=random</arg>
<doc>Evaluates the given expression in Python and returns the result.</doc>
<status status="PASS" start="2026-07-25T14:26:00.718839" elapsed="0.000352"/>
</kw>
<kw name="Click Element" owner="SeleniumLibrary">
<msg time="2026-07-25T14:26:00.719431" level="INFO">Clicking element 'css=input[name="guests"]'.</msg>
<arg>${CHAMP VOYAGEURS}</arg>
<doc>Click the element identified by ``locator``.</doc>
<status status="PASS" start="2026-07-25T14:26:00.719284" elapsed="0.070854"/>
</kw>
<kw name="Wait Until Element Is Visible" owner="SeleniumLibrary">
<arg>${BUTTON AJOUTER ADULTE}</arg>
<arg>10s</arg>
<doc>Waits until the element ``locator`` is visible.</doc>
<status status="PASS" start="2026-07-25T14:26:00.790321" elapsed="0.013080"/>
</kw>
<for flavor="IN RANGE">
<iter>
<kw name="Click Button" owner="SeleniumLibrary">
<msg time="2026-07-25T14:26:00.804587" level="INFO">Clicking button 'css=.adult_plus'.</msg>
<arg>${BUTTON AJOUTER ADULTE}</arg>
<doc>Clicks the button identified by ``locator``.</doc>
<status status="PASS" start="2026-07-25T14:26:00.804218" elapsed="0.086391"/>
</kw>
<var name="${index}">0</var>
<status status="PASS" start="2026-07-25T14:26:00.804004" elapsed="0.086753"/>
</iter>
<var>${index}</var>
<value>${nombre_voyageurs}</value>
<status status="PASS" start="2026-07-25T14:26:00.803682" elapsed="0.087166"/>
</for>
<kw name="Click Button" owner="SeleniumLibrary">
<msg time="2026-07-25T14:26:00.891321" level="INFO">Clicking button 'css=.apply_guests'.</msg>
<arg>${BUTTON APPLIQUER VOYAGEURS}</arg>
<doc>Clicks the button identified by ``locator``.</doc>
<status status="PASS" start="2026-07-25T14:26:00.891080" elapsed="0.083498"/>
</kw>
<status status="PASS" start="2026-07-25T14:26:00.718622" elapsed="0.256058"/>
</kw>
<kw name="Click Button" owner="SeleniumLibrary">
<msg time="2026-07-25T14:26:00.975106" level="INFO">Clicking button 'id=request_for_reservation'.</msg>
<arg>${BUTTON DEMANDE RESERVATION}</arg>
<doc>Clicks the button identified by ``locator``.</doc>
<status status="PASS" start="2026-07-25T14:26:00.974809" elapsed="0.071725"/>
</kw>
<kw name="Wait Until Element Is Visible" owner="SeleniumLibrary">
<arg>${DEMANDE ENVOYEE}</arg>
<arg>10s</arg>
<doc>Waits until the element ``locator`` is visible.</doc>
<status status="PASS" start="2026-07-25T14:26:01.046836" elapsed="1.028979"/>
</kw>
<status status="PASS" start="2026-07-25T14:26:00.322084" elapsed="1.753839"/>
</kw>
<kw name="Fermer l'application" owner="commun_US-07" type="TEARDOWN">
<kw name="Close Browser" owner="SeleniumLibrary">
<doc>Closes the current browser.</doc>
<status status="PASS" start="2026-07-25T14:26:02.076563" elapsed="2.835139"/>
</kw>
<status status="PASS" start="2026-07-25T14:26:02.076300" elapsed="2.835522"/>
</kw>
<doc>Vérifier qu'un voyageur connecté peut envoyer une demande de réservation pour une annonce.</doc>
<tag>PP-11</tag>
<tag>US-07</tag>
<status status="PASS" start="2026-07-25T14:25:43.742632" elapsed="21.169343"/>
</test>
<status status="PASS" start="2026-07-25T14:25:43.738907" elapsed="21.173674"/>
</suite>
<suite id="s1-s1-s5" name="5 Creation Reservation Cote Hote" source="E:\TestAcademy\QA-test-academi\PFF\auto_test\IHM\US-07\5_creation_reservation_cote_hote.robot">
<test id="s1-s1-s5-t1" name="Tester la création d'une réservation côté hôte" line="83">
<kw name="Préparer le test" owner="commun_US-07" type="SETUP">
<kw name="Ouvrir le navigateur et accéder à l'application" owner="commun_US-07">
<kw name="Fermer les navigateurs restants" owner="commun_US-07">
<kw name="Run Keyword And Ignore Error" owner="BuiltIn">
[...]
<status status="NOT RUN" start="2026-07-25T14:28:55.885461" elapsed="0.000021"/>
</kw>
<status status="NOT RUN" start="2026-07-25T14:28:55.885380" elapsed="0.000135"/>
</branch>
<branch type="ELSE IF" condition="$statut == &quot;À L'ÉTUDE&quot;">
<kw name="Click Element" owner="SeleniumLibrary">
<arg>${reservation}//a[contains(text(),'Détails')]</arg>
<doc>Click the element identified by ``locator``.</doc>
<status status="NOT RUN" start="2026-07-25T14:28:55.885611" elapsed="0.000022"/>
</kw>
<status status="NOT RUN" start="2026-07-25T14:28:55.885542" elapsed="0.000122"/>
</branch>
<status status="PASS" start="2026-07-25T14:28:54.813523" elapsed="1.072168"/>
</if>
<arg>NOUVEAU</arg>
<status status="PASS" start="2026-07-25T14:28:54.801592" elapsed="1.084155"/>
</kw>
<kw name="Récupérer l'ID de la réservation" owner="commun_US-08">
<kw name="Get Value" owner="SeleniumLibrary">
<msg time="2026-07-25T14:28:55.912936" level="INFO">${reservation_id} = 8559</msg>
<var>${reservation_id}</var>
<arg>id=resrv_id</arg>
<doc>Returns the value attribute of the element identified by ``locator``.</doc>
<status status="PASS" start="2026-07-25T14:28:55.886121" elapsed="0.026869"/>
</kw>
<kw name="Log" owner="BuiltIn">
<msg time="2026-07-25T14:28:55.913566" level="INFO">ID de la réservation : 8559</msg>
<arg>ID de la réservation : ${reservation_id}</arg>
<doc>Logs the given message with the given level.</doc>
<status status="PASS" start="2026-07-25T14:28:55.913195" elapsed="0.000433"/>
</kw>
<return>
<value>${reservation_id}</value>
<status status="PASS" start="2026-07-25T14:28:55.913711" elapsed="0.000065"/>
</return>
<msg time="2026-07-25T14:28:55.914001" level="INFO">${reservation_id} = 8559</msg>
<var>${reservation_id}</var>
<status status="PASS" start="2026-07-25T14:28:55.885911" elapsed="0.028131"/>
</kw>
<kw name="Set Suite Variable" owner="BuiltIn">
<msg time="2026-07-25T14:28:55.914669" level="INFO">${ID_RESERVATION} = 8559</msg>
<arg>${ID_RESERVATION}</arg>
<arg>${reservation_id}</arg>
<doc>Makes a variable available everywhere within the scope of the current suite.</doc>
<status status="PASS" start="2026-07-25T14:28:55.914284" elapsed="0.000433"/>
</kw>
<kw name="Click Button" owner="SeleniumLibrary">
<msg time="2026-07-25T14:28:55.915249" level="INFO">Clicking button 'xpath=(//button[@id='decline-reservation-btn'])[2]'.</msg>
<arg>${BUTTON REFUSER}</arg>
<doc>Clicks the button identified by ``locator``.</doc>
<status status="PASS" start="2026-07-25T14:28:55.914854" elapsed="0.081366"/>
</kw>
<kw name="Wait Until Element Is Visible" owner="SeleniumLibrary">
<arg>${INPUT JUSTIFICATION}</arg>
<arg>10s</arg>
<doc>Waits until the element ``locator`` is visible.</doc>
<status status="PASS" start="2026-07-25T14:28:55.996389" elapsed="0.010560"/>
</kw>
<kw name="Input Text" owner="SeleniumLibrary">
<msg time="2026-07-25T14:28:56.007403" level="INFO">Typing text 'Logement indisponible' into text field 'xpath=//textarea[@id='reason22']'.</msg>
<arg>${INPUT JUSTIFICATION}</arg>
<arg>${MESSAGE REFUS}</arg>
<doc>Types the given ``text`` into the text field identified by ``locator``.</doc>
<status status="PASS" start="2026-07-25T14:28:56.007122" elapsed="0.032090"/>
</kw>
<kw name="Click Button" owner="SeleniumLibrary">
<msg time="2026-07-25T14:28:56.039620" level="INFO">Clicking button 'xpath=//button[@id='decline']'.</msg>
<arg>${BUTTON SOUMETTRE}</arg>
<doc>Clicks the button identified by ``locator``.</doc>
<status status="PASS" start="2026-07-25T14:28:56.039382" elapsed="0.196645"/>
</kw>
<kw name="Wait Until Element Is Visible" owner="SeleniumLibrary">
<arg>${STATUT RESERVATION}</arg>
<arg>10s</arg>
<doc>Waits until the element ``locator`` is visible.</doc>
<status status="PASS" start="2026-07-25T14:28:56.236234" elapsed="1.457989"/>
</kw>
<kw name="Element Should Contain" owner="SeleniumLibrary">
<msg time="2026-07-25T14:28:57.704313" level="INFO">Element 'css=.btn-danger-outlined:nth-child(2)' contains text 'Refusé'.</msg>
<arg>${STATUT RESERVATION}</arg>
<arg>Refusé</arg>
<doc>Verifies that element ``locator`` contains text ``expected``.</doc>
<status status="PASS" start="2026-07-25T14:28:57.694430" elapsed="0.009968"/>
</kw>
<return>
<value>${reservation_id}</value>
<status status="PASS" start="2026-07-25T14:28:57.704479" elapsed="0.000049"/>
</return>
<status status="PASS" start="2026-07-25T14:28:54.801283" elapsed="2.903377"/>
</kw>
<kw name="Log" owner="BuiltIn">
<msg time="2026-07-25T14:28:57.705459" level="INFO">===== Fin de la vérification PP-27 =====</msg>
<arg>===== Fin de la vérification PP-27 =====</arg>
<doc>Logs the given message with the given level.</doc>
<status status="PASS" start="2026-07-25T14:28:57.705015" elapsed="0.000532"/>
</kw>
<kw name="Retourner au tableau réservations Hôte" owner="commun_US-08">
<kw name="Click Element" owner="SeleniumLibrary">
<msg time="2026-07-25T14:28:57.706211" level="INFO">Clicking element 'xpath=(//a[contains(text(),'Réservations')])[3]'.</msg>
<arg>${BUTTON RESERVATIONS}</arg>
<doc>Click the element identified by ``locator``.</doc>
<status status="PASS" start="2026-07-25T14:28:57.706047" elapsed="0.939582"/>
</kw>
<kw name="Wait Until Element Is Visible" owner="SeleniumLibrary">
<arg>xpath=//tbody/tr</arg>
<arg>10s</arg>
<doc>Waits until the element ``locator`` is visible.</doc>
<status status="PASS" start="2026-07-25T14:28:58.645937" elapsed="0.035633"/>
</kw>
<status status="PASS" start="2026-07-25T14:28:57.705829" elapsed="0.975923"/>
</kw>
<kw name="Run Keyword And Continue On Failure" owner="BuiltIn">
<kw name="Vérifier le statut d'une réservation" owner="commun_US-08">
<kw name="Set Variable" owner="BuiltIn">
<msg time="2026-07-25T14:28:58.685711" level="INFO">${reservation} = xpath=//tbody/tr[td[@data-label='ID'][contains(normalize-space(.),'8559')]]</msg>
<var>${reservation}</var>
<arg>xpath=//tbody/tr[td[@data-label='ID'][contains(normalize-space(.),'${reservation_id}')]]</arg>
<doc>Returns the given values which can then be assigned to a variables.</doc>
<status status="PASS" start="2026-07-25T14:28:58.684448" elapsed="0.001317"/>
</kw>
<kw name="Wait Until Element Is Visible" owner="SeleniumLibrary">
<arg>${reservation}</arg>
<arg>10s</arg>
<doc>Waits until the element ``locator`` is visible.</doc>
<status status="PASS" start="2026-07-25T14:28:58.686000" elapsed="0.018851"/>
</kw>
<kw name="Element Should Contain" owner="SeleniumLibrary">
<msg time="2026-07-25T14:28:58.717814" level="INFO">Element 'xpath=//tbody/tr[td[@data-label='ID'][contains(normalize-space(.),'8559')]]/td[@data-label='Statut']' contains text 'REFUSÉ'.</msg>
<arg>${reservation}/td[@data-label='Statut']</arg>
<arg>${statut_attendu}</arg>
<doc>Verifies that element ``locator`` contains text ``expected``.</doc>
<status status="PASS" start="2026-07-25T14:28:58.705018" elapsed="0.012903"/>
</kw>
<arg>${ID_RESERVATION}</arg>
<arg>REFUSÉ</arg>
<status status="PASS" start="2026-07-25T14:28:58.682995" elapsed="0.035020"/>
</kw>
<arg>Vérifier le statut d'une réservation</arg>
<arg>${ID_RESERVATION}</arg>
<arg>REFUSÉ</arg>
<doc>Runs the keyword and continues execution even if a failure occurs.</doc>
<status status="PASS" start="2026-07-25T14:28:58.682144" elapsed="0.035925"/>
</kw>
<kw name="Log" owner="BuiltIn">
<msg time="2026-07-25T14:28:58.718678" level="INFO">===== Fin de la vérification PP-28 =====</msg>
<arg>===== Fin de la vérification PP-28 =====</arg>
<doc>Logs the given message with the given level.</doc>
<status status="PASS" start="2026-07-25T14:28:58.718365" elapsed="0.000369"/>
</kw>
<kw name="Se deconnecter" owner="commun_US-08">
<kw name="Press Keys" owner="SeleniumLibrary">
<msg time="2026-07-25T14:28:58.719528" level="INFO">Sending key(s) ('HOME',) to page.</msg>
<msg time="2026-07-25T14:28:58.719594" level="INFO">Pressing special key HOME to browser.</msg>
<msg time="2026-07-25T14:28:58.719627" level="INFO">Releasing special key HOME.</msg>
<arg>NONE</arg>
<arg>HOME</arg>
<doc>Simulates the user pressing key(s) to an element or on the active browser.</doc>
<status status="PASS" start="2026-07-25T14:28:58.719244" elapsed="0.011096"/>
</kw>
<kw name="Wait Until Element Is Visible" owner="SeleniumLibrary">
<arg>${BUTTON USER MENU}</arg>
<arg>15s</arg>
<doc>Waits until the element ``locator`` is visible.</doc>
<status status="PASS" start="2026-07-25T14:28:58.730507" elapsed="0.016102"/>
</kw>
<kw name="Mouse Over" owner="SeleniumLibrary">
<msg time="2026-07-25T14:28:58.746966" level="INFO">Simulating Mouse Over on element 'css=.account-loggedin'.</msg>
<arg>${BUTTON USER MENU}</arg>
<doc>Simulates hovering the mouse over the element ``locator``.</doc>
<status status="PASS" start="2026-07-25T14:28:58.746775" elapsed="0.265689"/>
</kw>
<kw name="Wait Until Keyword Succeeds" owner="BuiltIn">
<kw name="Cliquer sur Se déconnecter" owner="commun_US-08">
<kw name="Mouse Over" owner="SeleniumLibrary">
<msg time="2026-07-25T14:28:59.013343" level="INFO">Simulating Mouse Over on element 'css=.account-loggedin'.</msg>
<arg>${BUTTON USER MENU}</arg>
<doc>Simulates hovering the mouse over the element ``locator``.</doc>
<status status="PASS" start="2026-07-25T14:28:59.013200" elapsed="0.257505"/>
</kw>
<kw name="Wait Until Element Is Visible" owner="SeleniumLibrary">
<arg>${BUTTON SE DECONNECTER}</arg>
<arg>3s</arg>
<doc>Waits until the element ``locator`` is visible.</doc>
<status status="PASS" start="2026-07-25T14:28:59.270871" elapsed="0.009991"/>
</kw>
<kw name="Click Element" owner="SeleniumLibrary">
<msg time="2026-07-25T14:28:59.281229" level="INFO">Clicking element 'xpath=//div[contains(@class,'account-dropdown')]//a[contains(normalize-space(.),'Se déconnecter')]'.</msg>
<arg>${BUTTON SE DECONNECTER}</arg>
<doc>Click the element identified by ``locator``.</doc>
<status status="PASS" start="2026-07-25T14:28:59.281029" elapsed="1.280380"/>
</kw>
<status status="PASS" start="2026-07-25T14:28:59.013012" elapsed="1.548571"/>
</kw>
<arg>3x</arg>
<arg>1s</arg>
<arg>Cliquer sur Se déconnecter</arg>
<doc>Runs the specified keyword and retries if it fails.</doc>
<status status="PASS" start="2026-07-25T14:28:59.012638" elapsed="1.549015"/>
</kw>
<kw name="Wait Until Element Is Visible" owner="SeleniumLibrary">
<arg>${LIEN SE CONNECTER}</arg>
<arg>15s</arg>
<doc>Waits until the element ``locator`` is visible.</doc>
<status status="PASS" start="2026-07-25T14:29:00.561841" elapsed="0.034500"/>
</kw>
<status status="PASS" start="2026-07-25T14:28:58.719025" elapsed="1.877459"/>
</kw>
<kw name="Se connecter" owner="commun_US-07">
<kw name="Click Element" owner="SeleniumLibrary">
<msg time="2026-07-25T14:29:00.597435" level="INFO">Clicking element 'xpath=//a[contains(text(),'Se connecter')]'.</msg>
<arg>${LIEN SE CONNECTER}</arg>
<doc>Click the element identified by ``locator``.</doc>
<status status="PASS" start="2026-07-25T14:29:00.597267" elapsed="0.083334"/>
</kw>
<kw name="Wait Until Element Is Visible" owner="SeleniumLibrary">
<arg>${CHAMP NOM UTILISATEUR}</arg>
<doc>Waits until the element ``locator`` is visible.</doc>
<status status="PASS" start="2026-07-25T14:29:00.680883" elapsed="0.222590"/>
</kw>
<kw name="Clear Element Text" owner="SeleniumLibrary">
<arg>${CHAMP NOM UTILISATEUR}</arg>
<doc>Clears the value of the text-input-element identified by ``locator``.</doc>
<status status="PASS" start="2026-07-25T14:29:00.903637" elapsed="0.007168"/>
</kw>
<kw name="Clear Element Text" owner="SeleniumLibrary">
<arg>${CHAMP MOT DE PASSE}</arg>
<doc>Clears the value of the text-input-element identified by ``locator``.</doc>
<status status="PASS" start="2026-07-25T14:29:00.911002" elapsed="0.007603"/>
</kw>
<kw name="Input Text" owner="SeleniumLibrary">
<msg time="2026-07-25T14:29:00.919099" level="INFO">Typing text 'robot' into text field 'name=username'.</msg>
<arg>${CHAMP NOM UTILISATEUR}</arg>
<arg>${user}</arg>
<doc>Types the given ``text`` into the text field identified by ``locator``.</doc>
<status status="PASS" start="2026-07-25T14:29:00.918780" elapsed="0.030093"/>
</kw>
<kw name="Input Text" owner="SeleniumLibrary">
<msg time="2026-07-25T14:29:00.949634" level="INFO">Typing text 'robot' into text field 'name=password'.</msg>
<arg>${CHAMP MOT DE PASSE}</arg>
<arg>${pass}</arg>
<doc>Types the given ``text`` into the text field identified by ``locator``.</doc>
<status status="PASS" start="2026-07-25T14:29:00.949169" elapsed="0.020255"/>
</kw>
<kw name="Click Button" owner="SeleniumLibrary">
<msg time="2026-07-25T14:29:00.969945" level="INFO">Clicking button 'css=.homey_login_button'.</msg>
<arg>${BOUTON VALIDER}</arg>
<doc>Clicks the button identified by ``locator``.</doc>
<status status="PASS" start="2026-07-25T14:29:00.969590" elapsed="0.081419"/>
</kw>
<kw name="Title Should Be" owner="SeleniumLibrary">
<msg time="2026-07-25T14:29:01.053187" level="INFO">Page title is 'Accueil - Livraison 3'.</msg>
<arg>${TITRE TABLEAU DE BORD VOYAGEUR}</arg>
<doc>Verifies that the current page title equals ``title``.</doc>
<status status="PASS" start="2026-07-25T14:29:01.051282" elapsed="0.001989"/>
</kw>
<kw name="Wait Until Element Is Not Visible" owner="SeleniumLibrary">
<arg>${MODAL LOGIN}</arg>
<arg>10s</arg>
<doc>Waits until the element ``locator`` is not visible.</doc>
<status status="PASS" start="2026-07-25T14:29:01.053422" elapsed="1.256836"/>
</kw>
<kw name="Wait Until Page Contains Element" owner="SeleniumLibrary">
<arg>${BUTTON ACCUEIL}</arg>
<arg>10s</arg>
<doc>Waits until the element ``locator`` appears on the current page.</doc>
<status status="PASS" start="2026-07-25T14:29:02.310426" elapsed="0.003056"/>
</kw>
<arg>${UTILISATEUR VALIDE}</arg>
<arg>${MOT DE PASSE VALIDE}</arg>
<status status="PASS" start="2026-07-25T14:29:00.596926" elapsed="1.716663"/>
</kw>
<kw name="Run Keyword And Continue On Failure" owner="BuiltIn">
<kw name="Vérifier le statut d'une réservation" owner="commun_US-08">
<kw name="Set Variable" owner="BuiltIn">
<msg time="2026-07-25T14:29:02.314659" level="INFO">${reservation} = xpath=//tbody/tr[td[@data-label='ID'][contains(normalize-space(.),'8559')]]</msg>
<var>${reservation}</var>
<arg>xpath=//tbody/tr[td[@data-label='ID'][contains(normalize-space(.),'${reservation_id}')]]</arg>
<doc>Returns the given values which can then be assigned to a variables.</doc>
<status status="PASS" start="2026-07-25T14:29:02.314423" elapsed="0.000263"/>
</kw>
<kw name="Wait Until Element Is Visible" owner="SeleniumLibrary">
<arg>${reservation}</arg>
<arg>10s</arg>
<doc>Waits until the element ``locator`` is visible.</doc>
<status status="PASS" start="2026-07-25T14:29:02.314861" elapsed="0.011319"/>
</kw>
<kw name="Element Should Contain" owner="SeleniumLibrary">
<msg time="2026-07-25T14:29:02.337022" level="INFO">Element 'xpath=//tbody/tr[td[@data-label='ID'][contains(normalize-space(.),'8559')]]/td[@data-label='Statut']' contains text 'REFUSÉ'.</msg>
<arg>${reservation}/td[@data-label='Statut']</arg>
<arg>${statut_attendu}</arg>
<doc>Verifies that element ``locator`` contains text ``expected``.</doc>
<status status="PASS" start="2026-07-25T14:29:02.326414" elapsed="0.010692"/>
</kw>
<arg>${ID_RESERVATION}</arg>
<arg>REFUSÉ</arg>
<status status="PASS" start="2026-07-25T14:29:02.314177" elapsed="0.023015"/>
</kw>
<arg>Vérifier le statut d'une réservation</arg>
<arg>${ID_RESERVATION}</arg>
<arg>REFUSÉ</arg>
<doc>Runs the keyword and continues execution even if a failure occurs.</doc>
<status status="PASS" start="2026-07-25T14:29:02.313829" elapsed="0.023416"/>
</kw>
<kw name="Log" owner="BuiltIn">
<msg time="2026-07-25T14:29:02.337882" level="INFO">===== Fin de la vérification PP-29 =====</msg>
<arg>===== Fin de la vérification PP-29 =====</arg>
<doc>Logs the given message with the given level.</doc>
<status status="PASS" start="2026-07-25T14:29:02.337625" elapsed="0.000301"/>
</kw>
<kw name="Fermer l'application8" owner="commun_US-08" type="TEARDOWN">
<kw name="Close All Browsers" owner="SeleniumLibrary">
<doc>Closes all open browsers and resets the browser cache.</doc>
<status status="PASS" start="2026-07-25T14:29:02.338438" elapsed="2.872003"/>
</kw>
<status status="PASS" start="2026-07-25T14:29:02.338223" elapsed="2.872378"/>
</kw>
<doc>L'hôte peut refuser une réservation avec une justification et le statut est correctement mis à jour pour l'hôte et le voyageur.</doc>
<tag>PP-27</tag>
<tag>PP-28</tag>
<tag>PP-29</tag>
<tag>US-08</tag>
<status status="PASS" start="2026-07-25T14:28:44.808795" elapsed="20.402013"/>
</test>
<status status="PASS" start="2026-07-25T14:28:44.802806" elapsed="20.408926"/>
</suite>
<status status="PASS" start="2026-07-25T14:26:53.798466" elapsed="131.414008"/>
</suite>
<status status="FAIL" start="2026-07-25T14:24:44.167344" elapsed="261.045844"/>
</suite>
<statistics>
<total>
<stat pass="11" fail="2" skip="0">All Tests</stat>
</total>
<tag>
<stat pass="1" fail="0" skip="0">PP-11</stat>
<stat pass="1" fail="0" skip="0">PP-12</stat>
<stat pass="0" fail="1" skip="0">PP-14</stat>
<stat pass="1" fail="0" skip="0">PP-16</stat>
<stat pass="1" fail="0" skip="0">PP-18</stat>
<stat pass="1" fail="0" skip="0">PP-22</stat>
<stat pass="1" fail="0" skip="0">PP-23</stat>
<stat pass="1" fail="0" skip="0">PP-24</stat>
<stat pass="1" fail="0" skip="0">PP-25</stat>
<stat pass="1" fail="0" skip="0">PP-26</stat>
<stat pass="1" fail="0" skip="0">PP-27</stat>
<stat pass="1" fail="0" skip="0">PP-28</stat>
<stat pass="1" fail="0" skip="0">PP-29</stat>
<stat pass="1" fail="0" skip="0">PP-30</stat>
<stat pass="1" fail="0" skip="0">PP-31</stat>
<stat pass="1" fail="0" skip="0">PP-32</stat>
<stat pass="1" fail="0" skip="0">PP-33</stat>
<stat pass="1" fail="0" skip="0">PP-34</stat>
<stat pass="1" fail="0" skip="0">PP-35</stat>
<stat pass="1" fail="0" skip="0">PP-36</stat>
<stat pass="1" fail="0" skip="0">PP-37</stat>
<stat pass="1" fail="0" skip="0">PP-38</stat>
<stat pass="1" fail="0" skip="0">PP-39</stat>
<stat pass="1" fail="0" skip="0">PP-43</stat>
<stat pass="1" fail="0" skip="0">PP-44</stat>
<stat pass="4" fail="2" skip="0">US-07</stat>
<stat pass="7" fail="0" skip="0">US-08</stat>
</tag>
<suite>
<stat name="IHM" id="s1" pass="11" fail="2" skip="0">IHM</stat>
<stat name="US-07" id="s1-s1" pass="4" fail="2" skip="0">IHM.US-07</stat>
<stat name="1 Demande-Voyageur Non Connecte" id="s1-s1-s1" pass="1" fail="0" skip="0">IHM.US-07.1 Demande-Voyageur Non Connecte</stat>
<stat name="2 Validation Date Fin" id="s1-s1-s2" pass="0" fail="1" skip="0">IHM.US-07.2 Validation Date Fin</stat>
<stat name="3 validation Nb voyageurs" id="s1-s1-s3" pass="1" fail="0" skip="0">IHM.US-07.3 validation Nb voyageurs</stat>
<stat name="4 Demande-Voyageur Connecter" id="s1-s1-s4" pass="1" fail="0" skip="0">IHM.US-07.4 Demande-Voyageur Connecter</stat>
<stat name="5 Creation Reservation Cote Hote" id="s1-s1-s5" pass="1" fail="0" skip="0">IHM.US-07.5 Creation Reservation Cote Hote</stat>
<stat name="6 Blocage Dates" id="s1-s1-s6" pass="0" fail="1" skip="0">IHM.US-07.6 Blocage Dates</stat>
<stat name="US-08" id="s1-s2" pass="7" fail="0" skip="0">IHM.US-08</stat>
<stat name="1 Nouvelle Demande Reservation Hote" id="s1-s2-s1" pass="1" fail="0" skip="0">IHM.US-08.1 Nouvelle Demande Reservation Hote</stat>
<stat name="2 Hote Confirme Reservation" id="s1-s2-s2" pass="1" fail="0" skip="0">IHM.US-08.2 Hote Confirme Reservation</stat>
<stat name="3 Add Frais Supplementaires" id="s1-s2-s3" pass="1" fail="0" skip="0">IHM.US-08.3 Add Frais Supplementaires</stat>
<stat name="4 Add Test Remises" id="s1-s2-s4" pass="1" fail="0" skip="0">IHM.US-08.4 Add Test Remises</stat>
<stat name="5 Voyageur Paye Reservation" id="s1-s2-s5" pass="1" fail="0" skip="0">IHM.US-08.5 Voyageur Paye Reservation</stat>
<stat name="6 Voyageur Annule Reservation" id="s1-s2-s6" pass="1" fail="0" skip="0">IHM.US-08.6 Voyageur Annule Reservation</stat>
<stat name="7 Hote Refuse Reservation" id="s1-s2-s7" pass="1" fail="0" skip="0">IHM.US-08.7 Hote Refuse Reservation</stat>
</suite>
</statistics>
<errors>
</errors>
</robot>
